[2023-12-29T21:57:15.238+0000] {processor.py:161} INFO - Started process (PID=115) to work on /home/airflow/.local/lib/python3.8/site-packages/airflow/example_dags/example_branch_python_dop_operator_3.py
[2023-12-29T21:57:15.289+0000] {processor.py:830} INFO - Processing file /home/airflow/.local/lib/python3.8/site-packages/airflow/example_dags/example_branch_python_dop_operator_3.py for tasks to queue
[2023-12-29T21:57:15.335+0000] {logging_mixin.py:188} INFO - [2023-12-29T21:57:15.328+0000] {dagbag.py:538} INFO - Filling up the DagBag from /home/airflow/.local/lib/python3.8/site-packages/airflow/example_dags/example_branch_python_dop_operator_3.py
[2023-12-29T21:57:15.607+0000] {processor.py:840} INFO - DAG(s) 'example_branch_dop_operator_v3' retrieved from /home/airflow/.local/lib/python3.8/site-packages/airflow/example_dags/example_branch_python_dop_operator_3.py
[2023-12-29T21:57:18.105+0000] {logging_mixin.py:188} INFO - [2023-12-29T21:57:18.104+0000] {dag.py:3033} INFO - Sync 1 DAGs
[2023-12-29T21:57:19.069+0000] {logging_mixin.py:188} INFO - [2023-12-29T21:57:19.068+0000] {dag.py:3820} INFO - Setting next_dagrun for example_branch_dop_operator_v3 to 2023-12-29T21:56:00+00:00, run_after=2023-12-29T21:57:00+00:00
[2023-12-29T21:57:19.420+0000] {processor.py:183} INFO - Processing /home/airflow/.local/lib/python3.8/site-packages/airflow/example_dags/example_branch_python_dop_operator_3.py took 4.303 seconds
[2023-12-29T21:59:14.392+0000] {processor.py:161} INFO - Started process (PID=188) to work on /home/airflow/.local/lib/python3.8/site-packages/airflow/example_dags/example_branch_python_dop_operator_3.py
[2023-12-29T21:59:14.417+0000] {processor.py:830} INFO - Processing file /home/airflow/.local/lib/python3.8/site-packages/airflow/example_dags/example_branch_python_dop_operator_3.py for tasks to queue
[2023-12-29T21:59:14.475+0000] {logging_mixin.py:188} INFO - [2023-12-29T21:59:14.473+0000] {dagbag.py:538} INFO - Filling up the DagBag from /home/airflow/.local/lib/python3.8/site-packages/airflow/example_dags/example_branch_python_dop_operator_3.py
[2023-12-29T21:59:14.880+0000] {processor.py:840} INFO - DAG(s) 'example_branch_dop_operator_v3' retrieved from /home/airflow/.local/lib/python3.8/site-packages/airflow/example_dags/example_branch_python_dop_operator_3.py
[2023-12-29T21:59:15.277+0000] {logging_mixin.py:188} INFO - [2023-12-29T21:59:15.276+0000] {dag.py:3033} INFO - Sync 1 DAGs
[2023-12-29T21:59:15.988+0000] {logging_mixin.py:188} INFO - [2023-12-29T21:59:15.987+0000] {dag.py:3820} INFO - Setting next_dagrun for example_branch_dop_operator_v3 to 2023-12-29T21:58:00+00:00, run_after=2023-12-29T21:59:00+00:00
[2023-12-29T21:59:16.321+0000] {processor.py:183} INFO - Processing /home/airflow/.local/lib/python3.8/site-packages/airflow/example_dags/example_branch_python_dop_operator_3.py took 2.036 seconds
[2023-12-29T22:01:00.396+0000] {processor.py:161} INFO - Started process (PID=268) to work on /home/airflow/.local/lib/python3.8/site-packages/airflow/example_dags/example_branch_python_dop_operator_3.py
[2023-12-29T22:01:00.404+0000] {processor.py:830} INFO - Processing file /home/airflow/.local/lib/python3.8/site-packages/airflow/example_dags/example_branch_python_dop_operator_3.py for tasks to queue
[2023-12-29T22:01:00.445+0000] {logging_mixin.py:188} INFO - [2023-12-29T22:01:00.443+0000] {dagbag.py:538} INFO - Filling up the DagBag from /home/airflow/.local/lib/python3.8/site-packages/airflow/example_dags/example_branch_python_dop_operator_3.py
[2023-12-29T22:01:00.667+0000] {processor.py:840} INFO - DAG(s) 'example_branch_dop_operator_v3' retrieved from /home/airflow/.local/lib/python3.8/site-packages/airflow/example_dags/example_branch_python_dop_operator_3.py
[2023-12-29T22:01:01.463+0000] {logging_mixin.py:188} INFO - [2023-12-29T22:01:01.462+0000] {dag.py:3033} INFO - Sync 1 DAGs
[2023-12-29T22:01:02.826+0000] {logging_mixin.py:188} INFO - [2023-12-29T22:01:02.825+0000] {dag.py:3820} INFO - Setting next_dagrun for example_branch_dop_operator_v3 to 2023-12-29T22:00:00+00:00, run_after=2023-12-29T22:01:00+00:00
[2023-12-29T22:01:03.022+0000] {processor.py:183} INFO - Processing /home/airflow/.local/lib/python3.8/site-packages/airflow/example_dags/example_branch_python_dop_operator_3.py took 2.687 seconds
[2023-12-29T22:02:23.796+0000] {processor.py:161} INFO - Started process (PID=340) to work on /home/airflow/.local/lib/python3.8/site-packages/airflow/example_dags/example_branch_python_dop_operator_3.py
[2023-12-29T22:02:23.845+0000] {processor.py:830} INFO - Processing file /home/airflow/.local/lib/python3.8/site-packages/airflow/example_dags/example_branch_python_dop_operator_3.py for tasks to queue
[2023-12-29T22:02:23.939+0000] {logging_mixin.py:188} INFO - [2023-12-29T22:02:23.938+0000] {dagbag.py:538} INFO - Filling up the DagBag from /home/airflow/.local/lib/python3.8/site-packages/airflow/example_dags/example_branch_python_dop_operator_3.py
[2023-12-29T22:02:24.347+0000] {processor.py:840} INFO - DAG(s) 'example_branch_dop_operator_v3' retrieved from /home/airflow/.local/lib/python3.8/site-packages/airflow/example_dags/example_branch_python_dop_operator_3.py
[2023-12-29T22:02:25.038+0000] {logging_mixin.py:188} INFO - [2023-12-29T22:02:25.036+0000] {dag.py:3033} INFO - Sync 1 DAGs
[2023-12-29T22:02:25.897+0000] {logging_mixin.py:188} INFO - [2023-12-29T22:02:25.895+0000] {dag.py:3820} INFO - Setting next_dagrun for example_branch_dop_operator_v3 to 2023-12-29T22:01:00+00:00, run_after=2023-12-29T22:02:00+00:00
[2023-12-29T22:02:26.322+0000] {processor.py:183} INFO - Processing /home/airflow/.local/lib/python3.8/site-packages/airflow/example_dags/example_branch_python_dop_operator_3.py took 2.639 seconds
[2023-12-29T22:03:49.175+0000] {processor.py:161} INFO - Started process (PID=412) to work on /home/airflow/.local/lib/python3.8/site-packages/airflow/example_dags/example_branch_python_dop_operator_3.py
[2023-12-29T22:03:49.188+0000] {processor.py:830} INFO - Processing file /home/airflow/.local/lib/python3.8/site-packages/airflow/example_dags/example_branch_python_dop_operator_3.py for tasks to queue
[2023-12-29T22:03:49.227+0000] {logging_mixin.py:188} INFO - [2023-12-29T22:03:49.226+0000] {dagbag.py:538} INFO - Filling up the DagBag from /home/airflow/.local/lib/python3.8/site-packages/airflow/example_dags/example_branch_python_dop_operator_3.py
[2023-12-29T22:03:49.400+0000] {processor.py:840} INFO - DAG(s) 'example_branch_dop_operator_v3' retrieved from /home/airflow/.local/lib/python3.8/site-packages/airflow/example_dags/example_branch_python_dop_operator_3.py
[2023-12-29T22:03:49.785+0000] {logging_mixin.py:188} INFO - [2023-12-29T22:03:49.783+0000] {dag.py:3033} INFO - Sync 1 DAGs
[2023-12-29T22:03:50.425+0000] {logging_mixin.py:188} INFO - [2023-12-29T22:03:50.423+0000] {dag.py:3820} INFO - Setting next_dagrun for example_branch_dop_operator_v3 to 2023-12-29T22:02:00+00:00, run_after=2023-12-29T22:03:00+00:00
[2023-12-29T22:03:50.676+0000] {processor.py:183} INFO - Processing /home/airflow/.local/lib/python3.8/site-packages/airflow/example_dags/example_branch_python_dop_operator_3.py took 1.562 seconds
[2023-12-29T22:30:06.144+0000] {processor.py:161} INFO - Started process (PID=104) to work on /home/airflow/.local/lib/python3.8/site-packages/airflow/example_dags/example_branch_python_dop_operator_3.py
[2023-12-29T22:30:06.156+0000] {processor.py:830} INFO - Processing file /home/airflow/.local/lib/python3.8/site-packages/airflow/example_dags/example_branch_python_dop_operator_3.py for tasks to queue
[2023-12-29T22:30:06.190+0000] {logging_mixin.py:188} INFO - [2023-12-29T22:30:06.188+0000] {dagbag.py:538} INFO - Filling up the DagBag from /home/airflow/.local/lib/python3.8/site-packages/airflow/example_dags/example_branch_python_dop_operator_3.py
[2023-12-29T22:30:06.347+0000] {processor.py:840} INFO - DAG(s) 'example_branch_dop_operator_v3' retrieved from /home/airflow/.local/lib/python3.8/site-packages/airflow/example_dags/example_branch_python_dop_operator_3.py
[2023-12-29T22:30:13.925+0000] {logging_mixin.py:188} INFO - [2023-12-29T22:30:13.879+0000] {dag.py:3033} INFO - Sync 1 DAGs
[2023-12-29T22:30:15.070+0000] {logging_mixin.py:188} INFO - [2023-12-29T22:30:15.041+0000] {dag.py:3820} INFO - Setting next_dagrun for example_branch_dop_operator_v3 to 2023-12-29T22:29:00+00:00, run_after=2023-12-29T22:30:00+00:00
[2023-12-29T22:30:16.937+0000] {processor.py:183} INFO - Processing /home/airflow/.local/lib/python3.8/site-packages/airflow/example_dags/example_branch_python_dop_operator_3.py took 10.916 seconds
[2023-12-29T22:32:50.458+0000] {processor.py:161} INFO - Started process (PID=182) to work on /home/airflow/.local/lib/python3.8/site-packages/airflow/example_dags/example_branch_python_dop_operator_3.py
[2023-12-29T22:32:50.511+0000] {processor.py:830} INFO - Processing file /home/airflow/.local/lib/python3.8/site-packages/airflow/example_dags/example_branch_python_dop_operator_3.py for tasks to queue
[2023-12-29T22:32:50.680+0000] {logging_mixin.py:188} INFO - [2023-12-29T22:32:50.624+0000] {dagbag.py:538} INFO - Filling up the DagBag from /home/airflow/.local/lib/python3.8/site-packages/airflow/example_dags/example_branch_python_dop_operator_3.py
[2023-12-29T22:32:51.394+0000] {processor.py:840} INFO - DAG(s) 'example_branch_dop_operator_v3' retrieved from /home/airflow/.local/lib/python3.8/site-packages/airflow/example_dags/example_branch_python_dop_operator_3.py
[2023-12-29T22:32:52.647+0000] {logging_mixin.py:188} INFO - [2023-12-29T22:32:52.645+0000] {dag.py:3033} INFO - Sync 1 DAGs
[2023-12-29T22:32:54.886+0000] {logging_mixin.py:188} INFO - [2023-12-29T22:32:54.832+0000] {dag.py:3820} INFO - Setting next_dagrun for example_branch_dop_operator_v3 to 2023-12-29T22:31:00+00:00, run_after=2023-12-29T22:32:00+00:00
[2023-12-29T22:32:55.913+0000] {processor.py:183} INFO - Processing /home/airflow/.local/lib/python3.8/site-packages/airflow/example_dags/example_branch_python_dop_operator_3.py took 5.591 seconds
[2023-12-29T22:35:13.915+0000] {processor.py:161} INFO - Started process (PID=274) to work on /home/airflow/.local/lib/python3.8/site-packages/airflow/example_dags/example_branch_python_dop_operator_3.py
[2023-12-29T22:35:13.963+0000] {processor.py:830} INFO - Processing file /home/airflow/.local/lib/python3.8/site-packages/airflow/example_dags/example_branch_python_dop_operator_3.py for tasks to queue
[2023-12-29T22:35:13.989+0000] {logging_mixin.py:188} INFO - [2023-12-29T22:35:13.987+0000] {dagbag.py:538} INFO - Filling up the DagBag from /home/airflow/.local/lib/python3.8/site-packages/airflow/example_dags/example_branch_python_dop_operator_3.py
[2023-12-29T22:35:14.199+0000] {processor.py:840} INFO - DAG(s) 'example_branch_dop_operator_v3' retrieved from /home/airflow/.local/lib/python3.8/site-packages/airflow/example_dags/example_branch_python_dop_operator_3.py
[2023-12-29T22:35:15.620+0000] {logging_mixin.py:188} INFO - [2023-12-29T22:35:15.618+0000] {dag.py:3033} INFO - Sync 1 DAGs
[2023-12-29T22:35:18.403+0000] {logging_mixin.py:188} INFO - [2023-12-29T22:35:18.401+0000] {dag.py:3820} INFO - Setting next_dagrun for example_branch_dop_operator_v3 to 2023-12-29T22:34:00+00:00, run_after=2023-12-29T22:35:00+00:00
[2023-12-29T22:35:19.942+0000] {processor.py:183} INFO - Processing /home/airflow/.local/lib/python3.8/site-packages/airflow/example_dags/example_branch_python_dop_operator_3.py took 6.070 seconds
[2023-12-29T22:47:11.389+0000] {processor.py:161} INFO - Started process (PID=400) to work on /home/airflow/.local/lib/python3.8/site-packages/airflow/example_dags/example_branch_python_dop_operator_3.py
[2023-12-29T22:47:11.612+0000] {processor.py:830} INFO - Processing file /home/airflow/.local/lib/python3.8/site-packages/airflow/example_dags/example_branch_python_dop_operator_3.py for tasks to queue
[2023-12-29T22:47:11.770+0000] {logging_mixin.py:188} INFO - [2023-12-29T22:47:11.686+0000] {dagbag.py:538} INFO - Filling up the DagBag from /home/airflow/.local/lib/python3.8/site-packages/airflow/example_dags/example_branch_python_dop_operator_3.py
[2023-12-29T22:47:13.301+0000] {processor.py:840} INFO - DAG(s) 'example_branch_dop_operator_v3' retrieved from /home/airflow/.local/lib/python3.8/site-packages/airflow/example_dags/example_branch_python_dop_operator_3.py
[2023-12-29T22:47:41.514+0000] {logging_mixin.py:188} INFO - [2023-12-29T22:47:41.500+0000] {dag.py:3033} INFO - Sync 1 DAGs
[2023-12-29T22:47:46.167+0000] {logging_mixin.py:188} INFO - [2023-12-29T22:47:46.166+0000] {dag.py:3820} INFO - Setting next_dagrun for example_branch_dop_operator_v3 to 2023-12-29T22:46:00+00:00, run_after=2023-12-29T22:47:00+00:00
[2023-12-29T22:47:47.743+0000] {processor.py:183} INFO - Processing /home/airflow/.local/lib/python3.8/site-packages/airflow/example_dags/example_branch_python_dop_operator_3.py took 36.940 seconds
