[2023-12-29T21:51:14.237+0000] {processor.py:161} INFO - Started process (PID=92) to work on /home/airflow/.local/lib/python3.8/site-packages/airflow/example_dags/example_sla_dag.py
[2023-12-29T21:51:14.452+0000] {processor.py:830} INFO - Processing file /home/airflow/.local/lib/python3.8/site-packages/airflow/example_dags/example_sla_dag.py for tasks to queue
[2023-12-29T21:51:15.122+0000] {logging_mixin.py:188} INFO - [2023-12-29T21:51:15.090+0000] {dagbag.py:538} INFO - Filling up the DagBag from /home/airflow/.local/lib/python3.8/site-packages/airflow/example_dags/example_sla_dag.py
[2023-12-29T21:51:16.255+0000] {processor.py:840} INFO - DAG(s) 'example_sla_dag' retrieved from /home/airflow/.local/lib/python3.8/site-packages/airflow/example_dags/example_sla_dag.py
[2023-12-29T21:51:34.007+0000] {logging_mixin.py:188} INFO - [2023-12-29T21:51:34.006+0000] {process_utils.py:262} INFO - Waiting up to 5 seconds for processes to exit...
[2023-12-29T21:55:39.698+0000] {processor.py:161} INFO - Started process (PID=74) to work on /home/airflow/.local/lib/python3.8/site-packages/airflow/example_dags/example_sla_dag.py
[2023-12-29T21:55:39.715+0000] {processor.py:830} INFO - Processing file /home/airflow/.local/lib/python3.8/site-packages/airflow/example_dags/example_sla_dag.py for tasks to queue
[2023-12-29T21:55:39.767+0000] {logging_mixin.py:188} INFO - [2023-12-29T21:55:39.765+0000] {dagbag.py:538} INFO - Filling up the DagBag from /home/airflow/.local/lib/python3.8/site-packages/airflow/example_dags/example_sla_dag.py
[2023-12-29T21:55:40.292+0000] {processor.py:840} INFO - DAG(s) 'example_sla_dag' retrieved from /home/airflow/.local/lib/python3.8/site-packages/airflow/example_dags/example_sla_dag.py
[2023-12-29T21:55:48.438+0000] {logging_mixin.py:188} INFO - [2023-12-29T21:55:48.434+0000] {dag.py:3033} INFO - Sync 1 DAGs
[2023-12-29T21:55:49.232+0000] {logging_mixin.py:188} INFO - [2023-12-29T21:55:49.231+0000] {dag.py:3820} INFO - Setting next_dagrun for example_sla_dag to 2023-12-29T21:52:00+00:00, run_after=2023-12-29T21:54:00+00:00
[2023-12-29T21:55:49.670+0000] {processor.py:183} INFO - Processing /home/airflow/.local/lib/python3.8/site-packages/airflow/example_dags/example_sla_dag.py took 10.115 seconds
[2023-12-29T21:58:21.523+0000] {processor.py:161} INFO - Started process (PID=152) to work on /home/airflow/.local/lib/python3.8/site-packages/airflow/example_dags/example_sla_dag.py
[2023-12-29T21:58:21.529+0000] {processor.py:830} INFO - Processing file /home/airflow/.local/lib/python3.8/site-packages/airflow/example_dags/example_sla_dag.py for tasks to queue
[2023-12-29T21:58:21.578+0000] {logging_mixin.py:188} INFO - [2023-12-29T21:58:21.576+0000] {dagbag.py:538} INFO - Filling up the DagBag from /home/airflow/.local/lib/python3.8/site-packages/airflow/example_dags/example_sla_dag.py
[2023-12-29T21:58:21.717+0000] {processor.py:840} INFO - DAG(s) 'example_sla_dag' retrieved from /home/airflow/.local/lib/python3.8/site-packages/airflow/example_dags/example_sla_dag.py
[2023-12-29T21:58:22.066+0000] {logging_mixin.py:188} INFO - [2023-12-29T21:58:22.064+0000] {dag.py:3033} INFO - Sync 1 DAGs
[2023-12-29T21:58:23.840+0000] {logging_mixin.py:188} INFO - [2023-12-29T21:58:23.839+0000] {dag.py:3820} INFO - Setting next_dagrun for example_sla_dag to 2023-12-29T21:56:00+00:00, run_after=2023-12-29T21:58:00+00:00
[2023-12-29T21:58:24.978+0000] {processor.py:183} INFO - Processing /home/airflow/.local/lib/python3.8/site-packages/airflow/example_dags/example_sla_dag.py took 3.529 seconds
[2023-12-29T21:59:37.941+0000] {processor.py:161} INFO - Started process (PID=199) to work on /home/airflow/.local/lib/python3.8/site-packages/airflow/example_dags/example_sla_dag.py
[2023-12-29T21:59:37.972+0000] {processor.py:830} INFO - Processing file /home/airflow/.local/lib/python3.8/site-packages/airflow/example_dags/example_sla_dag.py for tasks to queue
[2023-12-29T21:59:38.062+0000] {logging_mixin.py:188} INFO - [2023-12-29T21:59:38.060+0000] {dagbag.py:538} INFO - Filling up the DagBag from /home/airflow/.local/lib/python3.8/site-packages/airflow/example_dags/example_sla_dag.py
[2023-12-29T21:59:38.327+0000] {processor.py:840} INFO - DAG(s) 'example_sla_dag' retrieved from /home/airflow/.local/lib/python3.8/site-packages/airflow/example_dags/example_sla_dag.py
[2023-12-29T21:59:38.733+0000] {logging_mixin.py:188} INFO - [2023-12-29T21:59:38.731+0000] {dag.py:3033} INFO - Sync 1 DAGs
[2023-12-29T21:59:39.262+0000] {logging_mixin.py:188} INFO - [2023-12-29T21:59:39.261+0000] {dag.py:3820} INFO - Setting next_dagrun for example_sla_dag to 2023-12-29T21:56:00+00:00, run_after=2023-12-29T21:58:00+00:00
[2023-12-29T21:59:39.629+0000] {processor.py:183} INFO - Processing /home/airflow/.local/lib/python3.8/site-packages/airflow/example_dags/example_sla_dag.py took 1.759 seconds
[2023-12-29T22:00:32.795+0000] {processor.py:161} INFO - Started process (PID=243) to work on /home/airflow/.local/lib/python3.8/site-packages/airflow/example_dags/example_sla_dag.py
[2023-12-29T22:00:32.801+0000] {processor.py:830} INFO - Processing file /home/airflow/.local/lib/python3.8/site-packages/airflow/example_dags/example_sla_dag.py for tasks to queue
[2023-12-29T22:00:32.848+0000] {logging_mixin.py:188} INFO - [2023-12-29T22:00:32.846+0000] {dagbag.py:538} INFO - Filling up the DagBag from /home/airflow/.local/lib/python3.8/site-packages/airflow/example_dags/example_sla_dag.py
[2023-12-29T22:00:32.977+0000] {processor.py:840} INFO - DAG(s) 'example_sla_dag' retrieved from /home/airflow/.local/lib/python3.8/site-packages/airflow/example_dags/example_sla_dag.py
[2023-12-29T22:00:33.390+0000] {logging_mixin.py:188} INFO - [2023-12-29T22:00:33.389+0000] {dag.py:3033} INFO - Sync 1 DAGs
[2023-12-29T22:00:33.933+0000] {logging_mixin.py:188} INFO - [2023-12-29T22:00:33.931+0000] {dag.py:3820} INFO - Setting next_dagrun for example_sla_dag to 2023-12-29T21:58:00+00:00, run_after=2023-12-29T22:00:00+00:00
[2023-12-29T22:00:34.313+0000] {processor.py:183} INFO - Processing /home/airflow/.local/lib/python3.8/site-packages/airflow/example_dags/example_sla_dag.py took 1.579 seconds
[2023-12-29T22:01:16.016+0000] {processor.py:161} INFO - Started process (PID=285) to work on /home/airflow/.local/lib/python3.8/site-packages/airflow/example_dags/example_sla_dag.py
[2023-12-29T22:01:16.035+0000] {processor.py:830} INFO - Processing file /home/airflow/.local/lib/python3.8/site-packages/airflow/example_dags/example_sla_dag.py for tasks to queue
[2023-12-29T22:01:16.088+0000] {logging_mixin.py:188} INFO - [2023-12-29T22:01:16.086+0000] {dagbag.py:538} INFO - Filling up the DagBag from /home/airflow/.local/lib/python3.8/site-packages/airflow/example_dags/example_sla_dag.py
[2023-12-29T22:01:16.379+0000] {processor.py:840} INFO - DAG(s) 'example_sla_dag' retrieved from /home/airflow/.local/lib/python3.8/site-packages/airflow/example_dags/example_sla_dag.py
[2023-12-29T22:01:16.603+0000] {logging_mixin.py:188} INFO - [2023-12-29T22:01:16.602+0000] {dag.py:3033} INFO - Sync 1 DAGs
[2023-12-29T22:01:17.242+0000] {logging_mixin.py:188} INFO - [2023-12-29T22:01:17.240+0000] {dag.py:3820} INFO - Setting next_dagrun for example_sla_dag to 2023-12-29T21:58:00+00:00, run_after=2023-12-29T22:00:00+00:00
[2023-12-29T22:01:17.655+0000] {processor.py:183} INFO - Processing /home/airflow/.local/lib/python3.8/site-packages/airflow/example_dags/example_sla_dag.py took 1.767 seconds
[2023-12-29T22:01:58.337+0000] {processor.py:161} INFO - Started process (PID=316) to work on /home/airflow/.local/lib/python3.8/site-packages/airflow/example_dags/example_sla_dag.py
[2023-12-29T22:01:58.364+0000] {processor.py:830} INFO - Processing file /home/airflow/.local/lib/python3.8/site-packages/airflow/example_dags/example_sla_dag.py for tasks to queue
[2023-12-29T22:01:58.425+0000] {logging_mixin.py:188} INFO - [2023-12-29T22:01:58.424+0000] {dagbag.py:538} INFO - Filling up the DagBag from /home/airflow/.local/lib/python3.8/site-packages/airflow/example_dags/example_sla_dag.py
[2023-12-29T22:01:58.623+0000] {processor.py:840} INFO - DAG(s) 'example_sla_dag' retrieved from /home/airflow/.local/lib/python3.8/site-packages/airflow/example_dags/example_sla_dag.py
[2023-12-29T22:01:58.915+0000] {logging_mixin.py:188} INFO - [2023-12-29T22:01:58.914+0000] {dag.py:3033} INFO - Sync 1 DAGs
[2023-12-29T22:01:59.787+0000] {logging_mixin.py:188} INFO - [2023-12-29T22:01:59.786+0000] {dag.py:3820} INFO - Setting next_dagrun for example_sla_dag to 2023-12-29T21:58:00+00:00, run_after=2023-12-29T22:00:00+00:00
[2023-12-29T22:02:00.602+0000] {processor.py:183} INFO - Processing /home/airflow/.local/lib/python3.8/site-packages/airflow/example_dags/example_sla_dag.py took 2.431 seconds
[2023-12-29T22:02:38.257+0000] {processor.py:161} INFO - Started process (PID=351) to work on /home/airflow/.local/lib/python3.8/site-packages/airflow/example_dags/example_sla_dag.py
[2023-12-29T22:02:38.269+0000] {processor.py:830} INFO - Processing file /home/airflow/.local/lib/python3.8/site-packages/airflow/example_dags/example_sla_dag.py for tasks to queue
[2023-12-29T22:02:38.336+0000] {logging_mixin.py:188} INFO - [2023-12-29T22:02:38.328+0000] {dagbag.py:538} INFO - Filling up the DagBag from /home/airflow/.local/lib/python3.8/site-packages/airflow/example_dags/example_sla_dag.py
[2023-12-29T22:02:38.627+0000] {processor.py:840} INFO - DAG(s) 'example_sla_dag' retrieved from /home/airflow/.local/lib/python3.8/site-packages/airflow/example_dags/example_sla_dag.py
[2023-12-29T22:02:39.151+0000] {logging_mixin.py:188} INFO - [2023-12-29T22:02:39.150+0000] {dag.py:3033} INFO - Sync 1 DAGs
[2023-12-29T22:02:39.917+0000] {logging_mixin.py:188} INFO - [2023-12-29T22:02:39.915+0000] {dag.py:3820} INFO - Setting next_dagrun for example_sla_dag to 2023-12-29T22:00:00+00:00, run_after=2023-12-29T22:02:00+00:00
[2023-12-29T22:02:40.299+0000] {processor.py:183} INFO - Processing /home/airflow/.local/lib/python3.8/site-packages/airflow/example_dags/example_sla_dag.py took 2.171 seconds
[2023-12-29T22:03:17.676+0000] {processor.py:161} INFO - Started process (PID=387) to work on /home/airflow/.local/lib/python3.8/site-packages/airflow/example_dags/example_sla_dag.py
[2023-12-29T22:03:17.701+0000] {processor.py:830} INFO - Processing file /home/airflow/.local/lib/python3.8/site-packages/airflow/example_dags/example_sla_dag.py for tasks to queue
[2023-12-29T22:03:17.850+0000] {logging_mixin.py:188} INFO - [2023-12-29T22:03:17.848+0000] {dagbag.py:538} INFO - Filling up the DagBag from /home/airflow/.local/lib/python3.8/site-packages/airflow/example_dags/example_sla_dag.py
[2023-12-29T22:03:18.167+0000] {processor.py:840} INFO - DAG(s) 'example_sla_dag' retrieved from /home/airflow/.local/lib/python3.8/site-packages/airflow/example_dags/example_sla_dag.py
[2023-12-29T22:03:18.442+0000] {logging_mixin.py:188} INFO - [2023-12-29T22:03:18.441+0000] {dag.py:3033} INFO - Sync 1 DAGs
[2023-12-29T22:03:18.831+0000] {logging_mixin.py:188} INFO - [2023-12-29T22:03:18.830+0000] {dag.py:3820} INFO - Setting next_dagrun for example_sla_dag to 2023-12-29T22:00:00+00:00, run_after=2023-12-29T22:02:00+00:00
[2023-12-29T22:03:19.066+0000] {processor.py:183} INFO - Processing /home/airflow/.local/lib/python3.8/site-packages/airflow/example_dags/example_sla_dag.py took 1.510 seconds
[2023-12-29T22:04:06.371+0000] {processor.py:161} INFO - Started process (PID=423) to work on /home/airflow/.local/lib/python3.8/site-packages/airflow/example_dags/example_sla_dag.py
[2023-12-29T22:04:06.398+0000] {processor.py:830} INFO - Processing file /home/airflow/.local/lib/python3.8/site-packages/airflow/example_dags/example_sla_dag.py for tasks to queue
[2023-12-29T22:04:06.497+0000] {logging_mixin.py:188} INFO - [2023-12-29T22:04:06.495+0000] {dagbag.py:538} INFO - Filling up the DagBag from /home/airflow/.local/lib/python3.8/site-packages/airflow/example_dags/example_sla_dag.py
[2023-12-29T22:04:07.098+0000] {processor.py:840} INFO - DAG(s) 'example_sla_dag' retrieved from /home/airflow/.local/lib/python3.8/site-packages/airflow/example_dags/example_sla_dag.py
[2023-12-29T22:04:09.370+0000] {logging_mixin.py:188} INFO - [2023-12-29T22:04:09.369+0000] {dag.py:3033} INFO - Sync 1 DAGs
[2023-12-29T22:04:11.806+0000] {logging_mixin.py:188} INFO - [2023-12-29T22:04:11.805+0000] {dag.py:3820} INFO - Setting next_dagrun for example_sla_dag to 2023-12-29T22:02:00+00:00, run_after=2023-12-29T22:04:00+00:00
[2023-12-29T22:04:13.031+0000] {processor.py:183} INFO - Processing /home/airflow/.local/lib/python3.8/site-packages/airflow/example_dags/example_sla_dag.py took 6.976 seconds
[2023-12-29T22:28:43.330+0000] {processor.py:161} INFO - Started process (PID=68) to work on /home/airflow/.local/lib/python3.8/site-packages/airflow/example_dags/example_sla_dag.py
[2023-12-29T22:28:43.350+0000] {processor.py:830} INFO - Processing file /home/airflow/.local/lib/python3.8/site-packages/airflow/example_dags/example_sla_dag.py for tasks to queue
[2023-12-29T22:28:43.381+0000] {logging_mixin.py:188} INFO - [2023-12-29T22:28:43.379+0000] {dagbag.py:538} INFO - Filling up the DagBag from /home/airflow/.local/lib/python3.8/site-packages/airflow/example_dags/example_sla_dag.py
[2023-12-29T22:28:43.536+0000] {processor.py:840} INFO - DAG(s) 'example_sla_dag' retrieved from /home/airflow/.local/lib/python3.8/site-packages/airflow/example_dags/example_sla_dag.py
[2023-12-29T22:28:46.609+0000] {logging_mixin.py:188} INFO - [2023-12-29T22:28:46.594+0000] {dag.py:3033} INFO - Sync 1 DAGs
[2023-12-29T22:28:47.132+0000] {logging_mixin.py:188} INFO - [2023-12-29T22:28:47.131+0000] {dag.py:3820} INFO - Setting next_dagrun for example_sla_dag to 2023-12-29T22:26:00+00:00, run_after=2023-12-29T22:28:00+00:00
[2023-12-29T22:28:47.609+0000] {processor.py:183} INFO - Processing /home/airflow/.local/lib/python3.8/site-packages/airflow/example_dags/example_sla_dag.py took 4.317 seconds
[2023-12-29T22:31:34.825+0000] {processor.py:161} INFO - Started process (PID=147) to work on /home/airflow/.local/lib/python3.8/site-packages/airflow/example_dags/example_sla_dag.py
[2023-12-29T22:31:34.854+0000] {processor.py:830} INFO - Processing file /home/airflow/.local/lib/python3.8/site-packages/airflow/example_dags/example_sla_dag.py for tasks to queue
[2023-12-29T22:31:34.889+0000] {logging_mixin.py:188} INFO - [2023-12-29T22:31:34.887+0000] {dagbag.py:538} INFO - Filling up the DagBag from /home/airflow/.local/lib/python3.8/site-packages/airflow/example_dags/example_sla_dag.py
[2023-12-29T22:31:35.060+0000] {processor.py:840} INFO - DAG(s) 'example_sla_dag' retrieved from /home/airflow/.local/lib/python3.8/site-packages/airflow/example_dags/example_sla_dag.py
[2023-12-29T22:31:35.814+0000] {logging_mixin.py:188} INFO - [2023-12-29T22:31:35.812+0000] {dag.py:3033} INFO - Sync 1 DAGs
[2023-12-29T22:31:36.759+0000] {logging_mixin.py:188} INFO - [2023-12-29T22:31:36.758+0000] {dag.py:3820} INFO - Setting next_dagrun for example_sla_dag to 2023-12-29T22:28:00+00:00, run_after=2023-12-29T22:30:00+00:00
[2023-12-29T22:31:37.168+0000] {processor.py:183} INFO - Processing /home/airflow/.local/lib/python3.8/site-packages/airflow/example_dags/example_sla_dag.py took 2.414 seconds
[2023-12-29T22:33:17.787+0000] {processor.py:161} INFO - Started process (PID=203) to work on /home/airflow/.local/lib/python3.8/site-packages/airflow/example_dags/example_sla_dag.py
[2023-12-29T22:33:17.805+0000] {processor.py:830} INFO - Processing file /home/airflow/.local/lib/python3.8/site-packages/airflow/example_dags/example_sla_dag.py for tasks to queue
[2023-12-29T22:33:17.857+0000] {logging_mixin.py:188} INFO - [2023-12-29T22:33:17.854+0000] {dagbag.py:538} INFO - Filling up the DagBag from /home/airflow/.local/lib/python3.8/site-packages/airflow/example_dags/example_sla_dag.py
[2023-12-29T22:33:18.045+0000] {processor.py:840} INFO - DAG(s) 'example_sla_dag' retrieved from /home/airflow/.local/lib/python3.8/site-packages/airflow/example_dags/example_sla_dag.py
[2023-12-29T22:33:18.621+0000] {logging_mixin.py:188} INFO - [2023-12-29T22:33:18.620+0000] {dag.py:3033} INFO - Sync 1 DAGs
[2023-12-29T22:33:19.525+0000] {logging_mixin.py:188} INFO - [2023-12-29T22:33:19.523+0000] {dag.py:3820} INFO - Setting next_dagrun for example_sla_dag to 2023-12-29T22:30:00+00:00, run_after=2023-12-29T22:32:00+00:00
[2023-12-29T22:33:19.831+0000] {processor.py:183} INFO - Processing /home/airflow/.local/lib/python3.8/site-packages/airflow/example_dags/example_sla_dag.py took 2.127 seconds
[2023-12-29T22:34:38.180+0000] {processor.py:161} INFO - Started process (PID=255) to work on /home/airflow/.local/lib/python3.8/site-packages/airflow/example_dags/example_sla_dag.py
[2023-12-29T22:34:38.370+0000] {processor.py:830} INFO - Processing file /home/airflow/.local/lib/python3.8/site-packages/airflow/example_dags/example_sla_dag.py for tasks to queue
[2023-12-29T22:34:38.565+0000] {logging_mixin.py:188} INFO - [2023-12-29T22:34:38.563+0000] {dagbag.py:538} INFO - Filling up the DagBag from /home/airflow/.local/lib/python3.8/site-packages/airflow/example_dags/example_sla_dag.py
[2023-12-29T22:34:40.105+0000] {processor.py:840} INFO - DAG(s) 'example_sla_dag' retrieved from /home/airflow/.local/lib/python3.8/site-packages/airflow/example_dags/example_sla_dag.py
[2023-12-29T22:34:41.685+0000] {logging_mixin.py:188} INFO - [2023-12-29T22:34:41.684+0000] {dag.py:3033} INFO - Sync 1 DAGs
[2023-12-29T22:34:43.160+0000] {logging_mixin.py:188} INFO - [2023-12-29T22:34:43.159+0000] {dag.py:3820} INFO - Setting next_dagrun for example_sla_dag to 2023-12-29T22:32:00+00:00, run_after=2023-12-29T22:34:00+00:00
[2023-12-29T22:34:43.625+0000] {processor.py:183} INFO - Processing /home/airflow/.local/lib/python3.8/site-packages/airflow/example_dags/example_sla_dag.py took 5.687 seconds
[2023-12-29T22:35:48.555+0000] {processor.py:161} INFO - Started process (PID=295) to work on /home/airflow/.local/lib/python3.8/site-packages/airflow/example_dags/example_sla_dag.py
[2023-12-29T22:35:48.573+0000] {processor.py:830} INFO - Processing file /home/airflow/.local/lib/python3.8/site-packages/airflow/example_dags/example_sla_dag.py for tasks to queue
[2023-12-29T22:35:48.603+0000] {logging_mixin.py:188} INFO - [2023-12-29T22:35:48.602+0000] {dagbag.py:538} INFO - Filling up the DagBag from /home/airflow/.local/lib/python3.8/site-packages/airflow/example_dags/example_sla_dag.py
[2023-12-29T22:35:48.809+0000] {processor.py:840} INFO - DAG(s) 'example_sla_dag' retrieved from /home/airflow/.local/lib/python3.8/site-packages/airflow/example_dags/example_sla_dag.py
[2023-12-29T22:35:49.249+0000] {logging_mixin.py:188} INFO - [2023-12-29T22:35:49.247+0000] {dag.py:3033} INFO - Sync 1 DAGs
[2023-12-29T22:35:50.072+0000] {logging_mixin.py:188} INFO - [2023-12-29T22:35:50.070+0000] {dag.py:3820} INFO - Setting next_dagrun for example_sla_dag to 2023-12-29T22:32:00+00:00, run_after=2023-12-29T22:34:00+00:00
[2023-12-29T22:35:51.077+0000] {processor.py:183} INFO - Processing /home/airflow/.local/lib/python3.8/site-packages/airflow/example_dags/example_sla_dag.py took 2.584 seconds
[2023-12-29T22:38:07.701+0000] {processor.py:161} INFO - Started process (PID=353) to work on /home/airflow/.local/lib/python3.8/site-packages/airflow/example_dags/example_sla_dag.py
[2023-12-29T22:38:07.769+0000] {processor.py:830} INFO - Processing file /home/airflow/.local/lib/python3.8/site-packages/airflow/example_dags/example_sla_dag.py for tasks to queue
[2023-12-29T22:38:07.792+0000] {logging_mixin.py:188} INFO - [2023-12-29T22:38:07.775+0000] {dagbag.py:538} INFO - Filling up the DagBag from /home/airflow/.local/lib/python3.8/site-packages/airflow/example_dags/example_sla_dag.py
[2023-12-29T22:38:07.970+0000] {processor.py:840} INFO - DAG(s) 'example_sla_dag' retrieved from /home/airflow/.local/lib/python3.8/site-packages/airflow/example_dags/example_sla_dag.py
[2023-12-29T22:38:08.697+0000] {logging_mixin.py:188} INFO - [2023-12-29T22:38:08.657+0000] {dag.py:3033} INFO - Sync 1 DAGs
[2023-12-29T22:38:11.287+0000] {logging_mixin.py:188} INFO - [2023-12-29T22:38:11.284+0000] {dag.py:3820} INFO - Setting next_dagrun for example_sla_dag to 2023-12-29T22:36:00+00:00, run_after=2023-12-29T22:38:00+00:00
[2023-12-29T22:38:12.295+0000] {processor.py:183} INFO - Processing /home/airflow/.local/lib/python3.8/site-packages/airflow/example_dags/example_sla_dag.py took 4.792 seconds
[2023-12-29T22:57:27.947+0000] {processor.py:161} INFO - Started process (PID=435) to work on /home/airflow/.local/lib/python3.8/site-packages/airflow/example_dags/example_sla_dag.py
[2023-12-29T22:57:28.179+0000] {processor.py:830} INFO - Processing file /home/airflow/.local/lib/python3.8/site-packages/airflow/example_dags/example_sla_dag.py for tasks to queue
[2023-12-29T22:57:28.854+0000] {logging_mixin.py:188} INFO - [2023-12-29T22:57:28.601+0000] {dagbag.py:538} INFO - Filling up the DagBag from /home/airflow/.local/lib/python3.8/site-packages/airflow/example_dags/example_sla_dag.py
[2023-12-29T22:57:31.320+0000] {processor.py:840} INFO - DAG(s) 'example_sla_dag' retrieved from /home/airflow/.local/lib/python3.8/site-packages/airflow/example_dags/example_sla_dag.py
[2023-12-29T22:57:55.773+0000] {logging_mixin.py:188} INFO - [2023-12-29T22:57:55.322+0000] {dag.py:3033} INFO - Sync 1 DAGs
[2023-12-29T22:58:01.156+0000] {logging_mixin.py:188} INFO - [2023-12-29T22:58:01.129+0000] {dag.py:3820} INFO - Setting next_dagrun for example_sla_dag to 2023-12-29T22:54:00+00:00, run_after=2023-12-29T22:56:00+00:00
