[2023-12-29T21:56:16.273+0000] {processor.py:161} INFO - Started process (PID=87) to work on /home/airflow/.local/lib/python3.8/site-packages/airflow/example_dags/example_bash_operator.py
[2023-12-29T21:56:16.836+0000] {processor.py:830} INFO - Processing file /home/airflow/.local/lib/python3.8/site-packages/airflow/example_dags/example_bash_operator.py for tasks to queue
[2023-12-29T21:56:17.004+0000] {logging_mixin.py:188} INFO - [2023-12-29T21:56:16.932+0000] {dagbag.py:538} INFO - Filling up the DagBag from /home/airflow/.local/lib/python3.8/site-packages/airflow/example_dags/example_bash_operator.py
[2023-12-29T21:56:18.859+0000] {processor.py:840} INFO - DAG(s) 'example_bash_operator' retrieved from /home/airflow/.local/lib/python3.8/site-packages/airflow/example_dags/example_bash_operator.py
[2023-12-29T21:56:22.853+0000] {logging_mixin.py:188} INFO - [2023-12-29T21:56:22.851+0000] {dag.py:3033} INFO - Sync 1 DAGs
[2023-12-29T21:56:23.586+0000] {logging_mixin.py:188} INFO - [2023-12-29T21:56:23.574+0000] {dag.py:3820} INFO - Setting next_dagrun for example_bash_operator to 2023-12-28T00:00:00+00:00, run_after=2023-12-29T00:00:00+00:00
[2023-12-29T21:56:24.141+0000] {processor.py:183} INFO - Processing /home/airflow/.local/lib/python3.8/site-packages/airflow/example_dags/example_bash_operator.py took 7.977 seconds
[2023-12-29T21:58:41.617+0000] {processor.py:161} INFO - Started process (PID=165) to work on /home/airflow/.local/lib/python3.8/site-packages/airflow/example_dags/example_bash_operator.py
[2023-12-29T21:58:41.626+0000] {processor.py:830} INFO - Processing file /home/airflow/.local/lib/python3.8/site-packages/airflow/example_dags/example_bash_operator.py for tasks to queue
[2023-12-29T21:58:41.683+0000] {logging_mixin.py:188} INFO - [2023-12-29T21:58:41.668+0000] {dagbag.py:538} INFO - Filling up the DagBag from /home/airflow/.local/lib/python3.8/site-packages/airflow/example_dags/example_bash_operator.py
[2023-12-29T21:58:42.827+0000] {processor.py:840} INFO - DAG(s) 'example_bash_operator' retrieved from /home/airflow/.local/lib/python3.8/site-packages/airflow/example_dags/example_bash_operator.py
[2023-12-29T21:58:44.304+0000] {logging_mixin.py:188} INFO - [2023-12-29T21:58:44.302+0000] {dag.py:3033} INFO - Sync 1 DAGs
[2023-12-29T21:58:45.780+0000] {logging_mixin.py:188} INFO - [2023-12-29T21:58:45.779+0000] {dag.py:3820} INFO - Setting next_dagrun for example_bash_operator to 2023-12-28T00:00:00+00:00, run_after=2023-12-29T00:00:00+00:00
[2023-12-29T21:58:46.193+0000] {processor.py:183} INFO - Processing /home/airflow/.local/lib/python3.8/site-packages/airflow/example_dags/example_bash_operator.py took 4.660 seconds
[2023-12-29T21:59:49.608+0000] {processor.py:161} INFO - Started process (PID=212) to work on /home/airflow/.local/lib/python3.8/site-packages/airflow/example_dags/example_bash_operator.py
[2023-12-29T21:59:49.627+0000] {processor.py:830} INFO - Processing file /home/airflow/.local/lib/python3.8/site-packages/airflow/example_dags/example_bash_operator.py for tasks to queue
[2023-12-29T21:59:49.667+0000] {logging_mixin.py:188} INFO - [2023-12-29T21:59:49.665+0000] {dagbag.py:538} INFO - Filling up the DagBag from /home/airflow/.local/lib/python3.8/site-packages/airflow/example_dags/example_bash_operator.py
[2023-12-29T21:59:49.885+0000] {processor.py:840} INFO - DAG(s) 'example_bash_operator' retrieved from /home/airflow/.local/lib/python3.8/site-packages/airflow/example_dags/example_bash_operator.py
[2023-12-29T21:59:50.682+0000] {logging_mixin.py:188} INFO - [2023-12-29T21:59:50.664+0000] {dag.py:3033} INFO - Sync 1 DAGs
[2023-12-29T21:59:51.606+0000] {logging_mixin.py:188} INFO - [2023-12-29T21:59:51.580+0000] {dag.py:3820} INFO - Setting next_dagrun for example_bash_operator to 2023-12-28T00:00:00+00:00, run_after=2023-12-29T00:00:00+00:00
[2023-12-29T21:59:51.977+0000] {processor.py:183} INFO - Processing /home/airflow/.local/lib/python3.8/site-packages/airflow/example_dags/example_bash_operator.py took 2.431 seconds
[2023-12-29T22:00:47.357+0000] {processor.py:161} INFO - Started process (PID=257) to work on /home/airflow/.local/lib/python3.8/site-packages/airflow/example_dags/example_bash_operator.py
[2023-12-29T22:00:47.392+0000] {processor.py:830} INFO - Processing file /home/airflow/.local/lib/python3.8/site-packages/airflow/example_dags/example_bash_operator.py for tasks to queue
[2023-12-29T22:00:47.446+0000] {logging_mixin.py:188} INFO - [2023-12-29T22:00:47.431+0000] {dagbag.py:538} INFO - Filling up the DagBag from /home/airflow/.local/lib/python3.8/site-packages/airflow/example_dags/example_bash_operator.py
[2023-12-29T22:00:47.866+0000] {processor.py:840} INFO - DAG(s) 'example_bash_operator' retrieved from /home/airflow/.local/lib/python3.8/site-packages/airflow/example_dags/example_bash_operator.py
[2023-12-29T22:00:48.876+0000] {logging_mixin.py:188} INFO - [2023-12-29T22:00:48.874+0000] {dag.py:3033} INFO - Sync 1 DAGs
[2023-12-29T22:00:49.350+0000] {logging_mixin.py:188} INFO - [2023-12-29T22:00:49.348+0000] {dag.py:3820} INFO - Setting next_dagrun for example_bash_operator to 2023-12-28T00:00:00+00:00, run_after=2023-12-29T00:00:00+00:00
[2023-12-29T22:00:49.794+0000] {processor.py:183} INFO - Processing /home/airflow/.local/lib/python3.8/site-packages/airflow/example_dags/example_bash_operator.py took 2.474 seconds
[2023-12-29T22:02:08.802+0000] {processor.py:161} INFO - Started process (PID=324) to work on /home/airflow/.local/lib/python3.8/site-packages/airflow/example_dags/example_bash_operator.py
[2023-12-29T22:02:08.828+0000] {processor.py:830} INFO - Processing file /home/airflow/.local/lib/python3.8/site-packages/airflow/example_dags/example_bash_operator.py for tasks to queue
[2023-12-29T22:02:08.927+0000] {logging_mixin.py:188} INFO - [2023-12-29T22:02:08.925+0000] {dagbag.py:538} INFO - Filling up the DagBag from /home/airflow/.local/lib/python3.8/site-packages/airflow/example_dags/example_bash_operator.py
[2023-12-29T22:02:09.331+0000] {processor.py:840} INFO - DAG(s) 'example_bash_operator' retrieved from /home/airflow/.local/lib/python3.8/site-packages/airflow/example_dags/example_bash_operator.py
[2023-12-29T22:02:09.934+0000] {logging_mixin.py:188} INFO - [2023-12-29T22:02:09.933+0000] {dag.py:3033} INFO - Sync 1 DAGs
[2023-12-29T22:02:10.308+0000] {logging_mixin.py:188} INFO - [2023-12-29T22:02:10.307+0000] {dag.py:3820} INFO - Setting next_dagrun for example_bash_operator to 2023-12-28T00:00:00+00:00, run_after=2023-12-29T00:00:00+00:00
[2023-12-29T22:02:10.653+0000] {processor.py:183} INFO - Processing /home/airflow/.local/lib/python3.8/site-packages/airflow/example_dags/example_bash_operator.py took 1.981 seconds
[2023-12-29T22:03:29.433+0000] {processor.py:161} INFO - Started process (PID=395) to work on /home/airflow/.local/lib/python3.8/site-packages/airflow/example_dags/example_bash_operator.py
[2023-12-29T22:03:29.440+0000] {processor.py:830} INFO - Processing file /home/airflow/.local/lib/python3.8/site-packages/airflow/example_dags/example_bash_operator.py for tasks to queue
[2023-12-29T22:03:29.469+0000] {logging_mixin.py:188} INFO - [2023-12-29T22:03:29.466+0000] {dagbag.py:538} INFO - Filling up the DagBag from /home/airflow/.local/lib/python3.8/site-packages/airflow/example_dags/example_bash_operator.py
[2023-12-29T22:03:29.958+0000] {processor.py:840} INFO - DAG(s) 'example_bash_operator' retrieved from /home/airflow/.local/lib/python3.8/site-packages/airflow/example_dags/example_bash_operator.py
[2023-12-29T22:03:31.539+0000] {logging_mixin.py:188} INFO - [2023-12-29T22:03:31.538+0000] {dag.py:3033} INFO - Sync 1 DAGs
[2023-12-29T22:03:32.459+0000] {logging_mixin.py:188} INFO - [2023-12-29T22:03:32.458+0000] {dag.py:3820} INFO - Setting next_dagrun for example_bash_operator to 2023-12-28T00:00:00+00:00, run_after=2023-12-29T00:00:00+00:00
[2023-12-29T22:03:33.380+0000] {processor.py:183} INFO - Processing /home/airflow/.local/lib/python3.8/site-packages/airflow/example_dags/example_bash_operator.py took 4.009 seconds
[2023-12-29T22:29:03.792+0000] {processor.py:161} INFO - Started process (PID=76) to work on /home/airflow/.local/lib/python3.8/site-packages/airflow/example_dags/example_bash_operator.py
[2023-12-29T22:29:03.805+0000] {processor.py:830} INFO - Processing file /home/airflow/.local/lib/python3.8/site-packages/airflow/example_dags/example_bash_operator.py for tasks to queue
[2023-12-29T22:29:03.859+0000] {logging_mixin.py:188} INFO - [2023-12-29T22:29:03.845+0000] {dagbag.py:538} INFO - Filling up the DagBag from /home/airflow/.local/lib/python3.8/site-packages/airflow/example_dags/example_bash_operator.py
[2023-12-29T22:29:04.463+0000] {processor.py:840} INFO - DAG(s) 'example_bash_operator' retrieved from /home/airflow/.local/lib/python3.8/site-packages/airflow/example_dags/example_bash_operator.py
[2023-12-29T22:29:07.528+0000] {logging_mixin.py:188} INFO - [2023-12-29T22:29:07.527+0000] {dag.py:3033} INFO - Sync 1 DAGs
[2023-12-29T22:29:08.381+0000] {logging_mixin.py:188} INFO - [2023-12-29T22:29:08.380+0000] {dag.py:3820} INFO - Setting next_dagrun for example_bash_operator to 2023-12-28T00:00:00+00:00, run_after=2023-12-29T00:00:00+00:00
[2023-12-29T22:29:08.788+0000] {processor.py:183} INFO - Processing /home/airflow/.local/lib/python3.8/site-packages/airflow/example_dags/example_bash_operator.py took 5.068 seconds
[2023-12-29T22:31:55.445+0000] {processor.py:161} INFO - Started process (PID=160) to work on /home/airflow/.local/lib/python3.8/site-packages/airflow/example_dags/example_bash_operator.py
[2023-12-29T22:31:55.470+0000] {processor.py:830} INFO - Processing file /home/airflow/.local/lib/python3.8/site-packages/airflow/example_dags/example_bash_operator.py for tasks to queue
[2023-12-29T22:31:55.511+0000] {logging_mixin.py:188} INFO - [2023-12-29T22:31:55.509+0000] {dagbag.py:538} INFO - Filling up the DagBag from /home/airflow/.local/lib/python3.8/site-packages/airflow/example_dags/example_bash_operator.py
[2023-12-29T22:31:55.875+0000] {processor.py:840} INFO - DAG(s) 'example_bash_operator' retrieved from /home/airflow/.local/lib/python3.8/site-packages/airflow/example_dags/example_bash_operator.py
[2023-12-29T22:31:57.194+0000] {logging_mixin.py:188} INFO - [2023-12-29T22:31:57.192+0000] {dag.py:3033} INFO - Sync 1 DAGs
[2023-12-29T22:31:57.908+0000] {logging_mixin.py:188} INFO - [2023-12-29T22:31:57.907+0000] {dag.py:3820} INFO - Setting next_dagrun for example_bash_operator to 2023-12-28T00:00:00+00:00, run_after=2023-12-29T00:00:00+00:00
[2023-12-29T22:31:58.169+0000] {processor.py:183} INFO - Processing /home/airflow/.local/lib/python3.8/site-packages/airflow/example_dags/example_bash_operator.py took 2.790 seconds
[2023-12-29T22:33:35.463+0000] {processor.py:161} INFO - Started process (PID=217) to work on /home/airflow/.local/lib/python3.8/site-packages/airflow/example_dags/example_bash_operator.py
[2023-12-29T22:33:35.527+0000] {processor.py:830} INFO - Processing file /home/airflow/.local/lib/python3.8/site-packages/airflow/example_dags/example_bash_operator.py for tasks to queue
[2023-12-29T22:33:36.110+0000] {logging_mixin.py:188} INFO - [2023-12-29T22:33:36.016+0000] {dagbag.py:538} INFO - Filling up the DagBag from /home/airflow/.local/lib/python3.8/site-packages/airflow/example_dags/example_bash_operator.py
[2023-12-29T22:33:37.771+0000] {processor.py:840} INFO - DAG(s) 'example_bash_operator' retrieved from /home/airflow/.local/lib/python3.8/site-packages/airflow/example_dags/example_bash_operator.py
[2023-12-29T22:33:39.354+0000] {logging_mixin.py:188} INFO - [2023-12-29T22:33:39.353+0000] {dag.py:3033} INFO - Sync 1 DAGs
[2023-12-29T22:33:40.769+0000] {logging_mixin.py:188} INFO - [2023-12-29T22:33:40.767+0000] {dag.py:3820} INFO - Setting next_dagrun for example_bash_operator to 2023-12-28T00:00:00+00:00, run_after=2023-12-29T00:00:00+00:00
[2023-12-29T22:33:41.162+0000] {processor.py:183} INFO - Processing /home/airflow/.local/lib/python3.8/site-packages/airflow/example_dags/example_bash_operator.py took 6.032 seconds
[2023-12-29T22:34:56.516+0000] {processor.py:161} INFO - Started process (PID=263) to work on /home/airflow/.local/lib/python3.8/site-packages/airflow/example_dags/example_bash_operator.py
[2023-12-29T22:34:56.532+0000] {processor.py:830} INFO - Processing file /home/airflow/.local/lib/python3.8/site-packages/airflow/example_dags/example_bash_operator.py for tasks to queue
[2023-12-29T22:34:56.578+0000] {logging_mixin.py:188} INFO - [2023-12-29T22:34:56.576+0000] {dagbag.py:538} INFO - Filling up the DagBag from /home/airflow/.local/lib/python3.8/site-packages/airflow/example_dags/example_bash_operator.py
[2023-12-29T22:34:56.982+0000] {processor.py:840} INFO - DAG(s) 'example_bash_operator' retrieved from /home/airflow/.local/lib/python3.8/site-packages/airflow/example_dags/example_bash_operator.py
[2023-12-29T22:34:58.026+0000] {logging_mixin.py:188} INFO - [2023-12-29T22:34:58.023+0000] {dag.py:3033} INFO - Sync 1 DAGs
[2023-12-29T22:34:58.576+0000] {logging_mixin.py:188} INFO - [2023-12-29T22:34:58.575+0000] {dag.py:3820} INFO - Setting next_dagrun for example_bash_operator to 2023-12-28T00:00:00+00:00, run_after=2023-12-29T00:00:00+00:00
[2023-12-29T22:34:59.459+0000] {processor.py:183} INFO - Processing /home/airflow/.local/lib/python3.8/site-packages/airflow/example_dags/example_bash_operator.py took 3.008 seconds
[2023-12-29T22:36:06.409+0000] {processor.py:161} INFO - Started process (PID=303) to work on /home/airflow/.local/lib/python3.8/site-packages/airflow/example_dags/example_bash_operator.py
[2023-12-29T22:36:06.426+0000] {processor.py:830} INFO - Processing file /home/airflow/.local/lib/python3.8/site-packages/airflow/example_dags/example_bash_operator.py for tasks to queue
[2023-12-29T22:36:06.460+0000] {logging_mixin.py:188} INFO - [2023-12-29T22:36:06.457+0000] {dagbag.py:538} INFO - Filling up the DagBag from /home/airflow/.local/lib/python3.8/site-packages/airflow/example_dags/example_bash_operator.py
[2023-12-29T22:36:07.443+0000] {processor.py:840} INFO - DAG(s) 'example_bash_operator' retrieved from /home/airflow/.local/lib/python3.8/site-packages/airflow/example_dags/example_bash_operator.py
[2023-12-29T22:36:11.445+0000] {logging_mixin.py:188} INFO - [2023-12-29T22:36:11.444+0000] {dag.py:3033} INFO - Sync 1 DAGs
[2023-12-29T22:36:14.055+0000] {logging_mixin.py:188} INFO - [2023-12-29T22:36:14.053+0000] {dag.py:3820} INFO - Setting next_dagrun for example_bash_operator to 2023-12-28T00:00:00+00:00, run_after=2023-12-29T00:00:00+00:00
[2023-12-29T22:36:14.703+0000] {processor.py:183} INFO - Processing /home/airflow/.local/lib/python3.8/site-packages/airflow/example_dags/example_bash_operator.py took 8.341 seconds
[2023-12-29T22:39:04.484+0000] {processor.py:161} INFO - Started process (PID=373) to work on /home/airflow/.local/lib/python3.8/site-packages/airflow/example_dags/example_bash_operator.py
[2023-12-29T22:39:04.618+0000] {processor.py:830} INFO - Processing file /home/airflow/.local/lib/python3.8/site-packages/airflow/example_dags/example_bash_operator.py for tasks to queue
[2023-12-29T22:39:04.648+0000] {logging_mixin.py:188} INFO - [2023-12-29T22:39:04.633+0000] {dagbag.py:538} INFO - Filling up the DagBag from /home/airflow/.local/lib/python3.8/site-packages/airflow/example_dags/example_bash_operator.py
[2023-12-29T22:39:05.430+0000] {processor.py:840} INFO - DAG(s) 'example_bash_operator' retrieved from /home/airflow/.local/lib/python3.8/site-packages/airflow/example_dags/example_bash_operator.py
[2023-12-29T22:39:23.304+0000] {logging_mixin.py:188} INFO - [2023-12-29T22:39:23.021+0000] {dag.py:3033} INFO - Sync 1 DAGs
[2023-12-29T22:39:27.758+0000] {logging_mixin.py:188} INFO - [2023-12-29T22:39:27.717+0000] {dag.py:3820} INFO - Setting next_dagrun for example_bash_operator to 2023-12-28T00:00:00+00:00, run_after=2023-12-29T00:00:00+00:00
[2023-12-29T22:39:33.044+0000] {processor.py:183} INFO - Processing /home/airflow/.local/lib/python3.8/site-packages/airflow/example_dags/example_bash_operator.py took 28.536 seconds
