[2023-12-29T21:50:54.296+0000] {processor.py:161} INFO - Started process (PID=91) to work on /home/airflow/.local/lib/python3.8/site-packages/airflow/example_dags/example_skip_dag.py
[2023-12-29T21:50:54.348+0000] {processor.py:830} INFO - Processing file /home/airflow/.local/lib/python3.8/site-packages/airflow/example_dags/example_skip_dag.py for tasks to queue
[2023-12-29T21:50:54.420+0000] {logging_mixin.py:188} INFO - [2023-12-29T21:50:54.418+0000] {dagbag.py:538} INFO - Filling up the DagBag from /home/airflow/.local/lib/python3.8/site-packages/airflow/example_dags/example_skip_dag.py
[2023-12-29T21:50:54.770+0000] {processor.py:840} INFO - DAG(s) 'example_skip_dag' retrieved from /home/airflow/.local/lib/python3.8/site-packages/airflow/example_dags/example_skip_dag.py
[2023-12-29T21:51:08.568+0000] {logging_mixin.py:188} INFO - [2023-12-29T21:51:08.538+0000] {dag.py:3033} INFO - Sync 1 DAGs
[2023-12-29T21:51:10.576+0000] {logging_mixin.py:188} INFO - [2023-12-29T21:51:10.575+0000] {dag.py:3820} INFO - Setting next_dagrun for example_skip_dag to 2023-12-28T00:00:00+00:00, run_after=2023-12-29T00:00:00+00:00
[2023-12-29T21:51:11.648+0000] {processor.py:183} INFO - Processing /home/airflow/.local/lib/python3.8/site-packages/airflow/example_dags/example_skip_dag.py took 17.536 seconds
[2023-12-29T21:55:33.984+0000] {processor.py:161} INFO - Started process (PID=73) to work on /home/airflow/.local/lib/python3.8/site-packages/airflow/example_dags/example_skip_dag.py
[2023-12-29T21:55:34.062+0000] {processor.py:830} INFO - Processing file /home/airflow/.local/lib/python3.8/site-packages/airflow/example_dags/example_skip_dag.py for tasks to queue
[2023-12-29T21:55:34.207+0000] {logging_mixin.py:188} INFO - [2023-12-29T21:55:34.175+0000] {dagbag.py:538} INFO - Filling up the DagBag from /home/airflow/.local/lib/python3.8/site-packages/airflow/example_dags/example_skip_dag.py
[2023-12-29T21:55:34.816+0000] {processor.py:840} INFO - DAG(s) 'example_skip_dag' retrieved from /home/airflow/.local/lib/python3.8/site-packages/airflow/example_dags/example_skip_dag.py
[2023-12-29T21:55:37.628+0000] {logging_mixin.py:188} INFO - [2023-12-29T21:55:37.626+0000] {dag.py:3033} INFO - Sync 1 DAGs
[2023-12-29T21:55:40.221+0000] {logging_mixin.py:188} INFO - [2023-12-29T21:55:40.220+0000] {dag.py:3820} INFO - Setting next_dagrun for example_skip_dag to 2023-12-28T00:00:00+00:00, run_after=2023-12-29T00:00:00+00:00
[2023-12-29T21:55:41.064+0000] {processor.py:183} INFO - Processing /home/airflow/.local/lib/python3.8/site-packages/airflow/example_dags/example_skip_dag.py took 7.239 seconds
[2023-12-29T21:58:19.609+0000] {processor.py:161} INFO - Started process (PID=151) to work on /home/airflow/.local/lib/python3.8/site-packages/airflow/example_dags/example_skip_dag.py
[2023-12-29T21:58:19.684+0000] {processor.py:830} INFO - Processing file /home/airflow/.local/lib/python3.8/site-packages/airflow/example_dags/example_skip_dag.py for tasks to queue
[2023-12-29T21:58:19.726+0000] {logging_mixin.py:188} INFO - [2023-12-29T21:58:19.724+0000] {dagbag.py:538} INFO - Filling up the DagBag from /home/airflow/.local/lib/python3.8/site-packages/airflow/example_dags/example_skip_dag.py
[2023-12-29T21:58:19.849+0000] {processor.py:840} INFO - DAG(s) 'example_skip_dag' retrieved from /home/airflow/.local/lib/python3.8/site-packages/airflow/example_dags/example_skip_dag.py
[2023-12-29T21:58:20.250+0000] {logging_mixin.py:188} INFO - [2023-12-29T21:58:20.248+0000] {dag.py:3033} INFO - Sync 1 DAGs
[2023-12-29T21:58:20.690+0000] {logging_mixin.py:188} INFO - [2023-12-29T21:58:20.688+0000] {dag.py:3820} INFO - Setting next_dagrun for example_skip_dag to 2023-12-28T00:00:00+00:00, run_after=2023-12-29T00:00:00+00:00
[2023-12-29T21:58:21.097+0000] {processor.py:183} INFO - Processing /home/airflow/.local/lib/python3.8/site-packages/airflow/example_dags/example_skip_dag.py took 1.571 seconds
[2023-12-29T21:59:36.194+0000] {processor.py:161} INFO - Started process (PID=198) to work on /home/airflow/.local/lib/python3.8/site-packages/airflow/example_dags/example_skip_dag.py
[2023-12-29T21:59:36.248+0000] {processor.py:830} INFO - Processing file /home/airflow/.local/lib/python3.8/site-packages/airflow/example_dags/example_skip_dag.py for tasks to queue
[2023-12-29T21:59:36.523+0000] {logging_mixin.py:188} INFO - [2023-12-29T21:59:36.371+0000] {dagbag.py:538} INFO - Filling up the DagBag from /home/airflow/.local/lib/python3.8/site-packages/airflow/example_dags/example_skip_dag.py
[2023-12-29T21:59:36.753+0000] {processor.py:840} INFO - DAG(s) 'example_skip_dag' retrieved from /home/airflow/.local/lib/python3.8/site-packages/airflow/example_dags/example_skip_dag.py
[2023-12-29T21:59:37.382+0000] {logging_mixin.py:188} INFO - [2023-12-29T21:59:37.366+0000] {dag.py:3033} INFO - Sync 1 DAGs
[2023-12-29T21:59:38.619+0000] {logging_mixin.py:188} INFO - [2023-12-29T21:59:38.618+0000] {dag.py:3820} INFO - Setting next_dagrun for example_skip_dag to 2023-12-28T00:00:00+00:00, run_after=2023-12-29T00:00:00+00:00
[2023-12-29T21:59:38.925+0000] {processor.py:183} INFO - Processing /home/airflow/.local/lib/python3.8/site-packages/airflow/example_dags/example_skip_dag.py took 2.835 seconds
[2023-12-29T22:00:30.371+0000] {processor.py:161} INFO - Started process (PID=242) to work on /home/airflow/.local/lib/python3.8/site-packages/airflow/example_dags/example_skip_dag.py
[2023-12-29T22:00:30.384+0000] {processor.py:830} INFO - Processing file /home/airflow/.local/lib/python3.8/site-packages/airflow/example_dags/example_skip_dag.py for tasks to queue
[2023-12-29T22:00:30.473+0000] {logging_mixin.py:188} INFO - [2023-12-29T22:00:30.471+0000] {dagbag.py:538} INFO - Filling up the DagBag from /home/airflow/.local/lib/python3.8/site-packages/airflow/example_dags/example_skip_dag.py
[2023-12-29T22:00:30.810+0000] {processor.py:840} INFO - DAG(s) 'example_skip_dag' retrieved from /home/airflow/.local/lib/python3.8/site-packages/airflow/example_dags/example_skip_dag.py
[2023-12-29T22:00:31.471+0000] {logging_mixin.py:188} INFO - [2023-12-29T22:00:31.470+0000] {dag.py:3033} INFO - Sync 1 DAGs
[2023-12-29T22:00:32.252+0000] {logging_mixin.py:188} INFO - [2023-12-29T22:00:32.251+0000] {dag.py:3820} INFO - Setting next_dagrun for example_skip_dag to 2023-12-28T00:00:00+00:00, run_after=2023-12-29T00:00:00+00:00
[2023-12-29T22:00:32.508+0000] {processor.py:183} INFO - Processing /home/airflow/.local/lib/python3.8/site-packages/airflow/example_dags/example_skip_dag.py took 2.263 seconds
[2023-12-29T22:01:14.176+0000] {processor.py:161} INFO - Started process (PID=284) to work on /home/airflow/.local/lib/python3.8/site-packages/airflow/example_dags/example_skip_dag.py
[2023-12-29T22:01:14.241+0000] {processor.py:830} INFO - Processing file /home/airflow/.local/lib/python3.8/site-packages/airflow/example_dags/example_skip_dag.py for tasks to queue
[2023-12-29T22:01:14.288+0000] {logging_mixin.py:188} INFO - [2023-12-29T22:01:14.286+0000] {dagbag.py:538} INFO - Filling up the DagBag from /home/airflow/.local/lib/python3.8/site-packages/airflow/example_dags/example_skip_dag.py
[2023-12-29T22:01:14.402+0000] {processor.py:840} INFO - DAG(s) 'example_skip_dag' retrieved from /home/airflow/.local/lib/python3.8/site-packages/airflow/example_dags/example_skip_dag.py
[2023-12-29T22:01:14.865+0000] {logging_mixin.py:188} INFO - [2023-12-29T22:01:14.861+0000] {dag.py:3033} INFO - Sync 1 DAGs
[2023-12-29T22:01:16.132+0000] {logging_mixin.py:188} INFO - [2023-12-29T22:01:16.130+0000] {dag.py:3820} INFO - Setting next_dagrun for example_skip_dag to 2023-12-28T00:00:00+00:00, run_after=2023-12-29T00:00:00+00:00
[2023-12-29T22:01:16.632+0000] {processor.py:183} INFO - Processing /home/airflow/.local/lib/python3.8/site-packages/airflow/example_dags/example_skip_dag.py took 2.524 seconds
[2023-12-29T22:01:55.745+0000] {processor.py:161} INFO - Started process (PID=315) to work on /home/airflow/.local/lib/python3.8/site-packages/airflow/example_dags/example_skip_dag.py
[2023-12-29T22:01:55.774+0000] {processor.py:830} INFO - Processing file /home/airflow/.local/lib/python3.8/site-packages/airflow/example_dags/example_skip_dag.py for tasks to queue
[2023-12-29T22:01:55.834+0000] {logging_mixin.py:188} INFO - [2023-12-29T22:01:55.832+0000] {dagbag.py:538} INFO - Filling up the DagBag from /home/airflow/.local/lib/python3.8/site-packages/airflow/example_dags/example_skip_dag.py
[2023-12-29T22:01:56.086+0000] {processor.py:840} INFO - DAG(s) 'example_skip_dag' retrieved from /home/airflow/.local/lib/python3.8/site-packages/airflow/example_dags/example_skip_dag.py
[2023-12-29T22:01:56.685+0000] {logging_mixin.py:188} INFO - [2023-12-29T22:01:56.684+0000] {dag.py:3033} INFO - Sync 1 DAGs
[2023-12-29T22:01:57.094+0000] {logging_mixin.py:188} INFO - [2023-12-29T22:01:57.093+0000] {dag.py:3820} INFO - Setting next_dagrun for example_skip_dag to 2023-12-28T00:00:00+00:00, run_after=2023-12-29T00:00:00+00:00
[2023-12-29T22:01:57.338+0000] {processor.py:183} INFO - Processing /home/airflow/.local/lib/python3.8/site-packages/airflow/example_dags/example_skip_dag.py took 1.653 seconds
[2023-12-29T22:02:37.116+0000] {processor.py:161} INFO - Started process (PID=350) to work on /home/airflow/.local/lib/python3.8/site-packages/airflow/example_dags/example_skip_dag.py
[2023-12-29T22:02:37.190+0000] {processor.py:830} INFO - Processing file /home/airflow/.local/lib/python3.8/site-packages/airflow/example_dags/example_skip_dag.py for tasks to queue
[2023-12-29T22:02:37.268+0000] {logging_mixin.py:188} INFO - [2023-12-29T22:02:37.249+0000] {dagbag.py:538} INFO - Filling up the DagBag from /home/airflow/.local/lib/python3.8/site-packages/airflow/example_dags/example_skip_dag.py
[2023-12-29T22:02:37.575+0000] {processor.py:840} INFO - DAG(s) 'example_skip_dag' retrieved from /home/airflow/.local/lib/python3.8/site-packages/airflow/example_dags/example_skip_dag.py
[2023-12-29T22:02:38.224+0000] {logging_mixin.py:188} INFO - [2023-12-29T22:02:38.223+0000] {dag.py:3033} INFO - Sync 1 DAGs
[2023-12-29T22:02:39.063+0000] {logging_mixin.py:188} INFO - [2023-12-29T22:02:39.062+0000] {dag.py:3820} INFO - Setting next_dagrun for example_skip_dag to 2023-12-28T00:00:00+00:00, run_after=2023-12-29T00:00:00+00:00
[2023-12-29T22:02:39.608+0000] {processor.py:183} INFO - Processing /home/airflow/.local/lib/python3.8/site-packages/airflow/example_dags/example_skip_dag.py took 2.595 seconds
[2023-12-29T22:03:14.407+0000] {processor.py:161} INFO - Started process (PID=380) to work on /home/airflow/.local/lib/python3.8/site-packages/airflow/example_dags/example_skip_dag.py
[2023-12-29T22:03:14.413+0000] {processor.py:830} INFO - Processing file /home/airflow/.local/lib/python3.8/site-packages/airflow/example_dags/example_skip_dag.py for tasks to queue
[2023-12-29T22:03:14.444+0000] {logging_mixin.py:188} INFO - [2023-12-29T22:03:14.442+0000] {dagbag.py:538} INFO - Filling up the DagBag from /home/airflow/.local/lib/python3.8/site-packages/airflow/example_dags/example_skip_dag.py
[2023-12-29T22:03:14.538+0000] {processor.py:840} INFO - DAG(s) 'example_skip_dag' retrieved from /home/airflow/.local/lib/python3.8/site-packages/airflow/example_dags/example_skip_dag.py
[2023-12-29T22:03:15.662+0000] {logging_mixin.py:188} INFO - [2023-12-29T22:03:15.660+0000] {dag.py:3033} INFO - Sync 1 DAGs
[2023-12-29T22:03:16.775+0000] {logging_mixin.py:188} INFO - [2023-12-29T22:03:16.737+0000] {dag.py:3820} INFO - Setting next_dagrun for example_skip_dag to 2023-12-28T00:00:00+00:00, run_after=2023-12-29T00:00:00+00:00
[2023-12-29T22:03:17.060+0000] {processor.py:183} INFO - Processing /home/airflow/.local/lib/python3.8/site-packages/airflow/example_dags/example_skip_dag.py took 2.700 seconds
[2023-12-29T22:04:06.097+0000] {processor.py:161} INFO - Started process (PID=422) to work on /home/airflow/.local/lib/python3.8/site-packages/airflow/example_dags/example_skip_dag.py
[2023-12-29T22:04:06.132+0000] {processor.py:830} INFO - Processing file /home/airflow/.local/lib/python3.8/site-packages/airflow/example_dags/example_skip_dag.py for tasks to queue
[2023-12-29T22:04:06.218+0000] {logging_mixin.py:188} INFO - [2023-12-29T22:04:06.215+0000] {dagbag.py:538} INFO - Filling up the DagBag from /home/airflow/.local/lib/python3.8/site-packages/airflow/example_dags/example_skip_dag.py
[2023-12-29T22:04:06.549+0000] {processor.py:840} INFO - DAG(s) 'example_skip_dag' retrieved from /home/airflow/.local/lib/python3.8/site-packages/airflow/example_dags/example_skip_dag.py
[2023-12-29T22:04:08.011+0000] {logging_mixin.py:188} INFO - [2023-12-29T22:04:08.010+0000] {dag.py:3033} INFO - Sync 1 DAGs
[2023-12-29T22:04:10.231+0000] {logging_mixin.py:188} INFO - [2023-12-29T22:04:10.230+0000] {dag.py:3820} INFO - Setting next_dagrun for example_skip_dag to 2023-12-28T00:00:00+00:00, run_after=2023-12-29T00:00:00+00:00
[2023-12-29T22:04:11.158+0000] {processor.py:183} INFO - Processing /home/airflow/.local/lib/python3.8/site-packages/airflow/example_dags/example_skip_dag.py took 5.448 seconds
[2023-12-29T22:28:36.966+0000] {processor.py:161} INFO - Started process (PID=67) to work on /home/airflow/.local/lib/python3.8/site-packages/airflow/example_dags/example_skip_dag.py
[2023-12-29T22:28:36.994+0000] {processor.py:830} INFO - Processing file /home/airflow/.local/lib/python3.8/site-packages/airflow/example_dags/example_skip_dag.py for tasks to queue
[2023-12-29T22:28:37.023+0000] {logging_mixin.py:188} INFO - [2023-12-29T22:28:37.020+0000] {dagbag.py:538} INFO - Filling up the DagBag from /home/airflow/.local/lib/python3.8/site-packages/airflow/example_dags/example_skip_dag.py
[2023-12-29T22:28:37.392+0000] {processor.py:840} INFO - DAG(s) 'example_skip_dag' retrieved from /home/airflow/.local/lib/python3.8/site-packages/airflow/example_dags/example_skip_dag.py
[2023-12-29T22:28:42.217+0000] {logging_mixin.py:188} INFO - [2023-12-29T22:28:42.215+0000] {dag.py:3033} INFO - Sync 1 DAGs
[2023-12-29T22:28:42.652+0000] {logging_mixin.py:188} INFO - [2023-12-29T22:28:42.650+0000] {dag.py:3820} INFO - Setting next_dagrun for example_skip_dag to 2023-12-28T00:00:00+00:00, run_after=2023-12-29T00:00:00+00:00
[2023-12-29T22:28:42.979+0000] {processor.py:183} INFO - Processing /home/airflow/.local/lib/python3.8/site-packages/airflow/example_dags/example_skip_dag.py took 6.101 seconds
[2023-12-29T22:31:31.375+0000] {processor.py:161} INFO - Started process (PID=146) to work on /home/airflow/.local/lib/python3.8/site-packages/airflow/example_dags/example_skip_dag.py
[2023-12-29T22:31:31.415+0000] {processor.py:830} INFO - Processing file /home/airflow/.local/lib/python3.8/site-packages/airflow/example_dags/example_skip_dag.py for tasks to queue
[2023-12-29T22:31:31.471+0000] {logging_mixin.py:188} INFO - [2023-12-29T22:31:31.469+0000] {dagbag.py:538} INFO - Filling up the DagBag from /home/airflow/.local/lib/python3.8/site-packages/airflow/example_dags/example_skip_dag.py
[2023-12-29T22:31:31.667+0000] {processor.py:840} INFO - DAG(s) 'example_skip_dag' retrieved from /home/airflow/.local/lib/python3.8/site-packages/airflow/example_dags/example_skip_dag.py
[2023-12-29T22:31:32.604+0000] {logging_mixin.py:188} INFO - [2023-12-29T22:31:32.603+0000] {dag.py:3033} INFO - Sync 1 DAGs
[2023-12-29T22:31:33.797+0000] {logging_mixin.py:188} INFO - [2023-12-29T22:31:33.792+0000] {dag.py:3820} INFO - Setting next_dagrun for example_skip_dag to 2023-12-28T00:00:00+00:00, run_after=2023-12-29T00:00:00+00:00
[2023-12-29T22:31:34.371+0000] {processor.py:183} INFO - Processing /home/airflow/.local/lib/python3.8/site-packages/airflow/example_dags/example_skip_dag.py took 3.141 seconds
[2023-12-29T22:33:16.323+0000] {processor.py:161} INFO - Started process (PID=202) to work on /home/airflow/.local/lib/python3.8/site-packages/airflow/example_dags/example_skip_dag.py
[2023-12-29T22:33:16.334+0000] {processor.py:830} INFO - Processing file /home/airflow/.local/lib/python3.8/site-packages/airflow/example_dags/example_skip_dag.py for tasks to queue
[2023-12-29T22:33:16.350+0000] {logging_mixin.py:188} INFO - [2023-12-29T22:33:16.349+0000] {dagbag.py:538} INFO - Filling up the DagBag from /home/airflow/.local/lib/python3.8/site-packages/airflow/example_dags/example_skip_dag.py
[2023-12-29T22:33:16.526+0000] {processor.py:840} INFO - DAG(s) 'example_skip_dag' retrieved from /home/airflow/.local/lib/python3.8/site-packages/airflow/example_dags/example_skip_dag.py
[2023-12-29T22:33:16.920+0000] {logging_mixin.py:188} INFO - [2023-12-29T22:33:16.917+0000] {dag.py:3033} INFO - Sync 1 DAGs
[2023-12-29T22:33:17.490+0000] {logging_mixin.py:188} INFO - [2023-12-29T22:33:17.489+0000] {dag.py:3820} INFO - Setting next_dagrun for example_skip_dag to 2023-12-28T00:00:00+00:00, run_after=2023-12-29T00:00:00+00:00
[2023-12-29T22:33:17.733+0000] {processor.py:183} INFO - Processing /home/airflow/.local/lib/python3.8/site-packages/airflow/example_dags/example_skip_dag.py took 1.557 seconds
[2023-12-29T22:34:33.498+0000] {processor.py:161} INFO - Started process (PID=254) to work on /home/airflow/.local/lib/python3.8/site-packages/airflow/example_dags/example_skip_dag.py
[2023-12-29T22:34:33.680+0000] {processor.py:830} INFO - Processing file /home/airflow/.local/lib/python3.8/site-packages/airflow/example_dags/example_skip_dag.py for tasks to queue
[2023-12-29T22:34:33.927+0000] {logging_mixin.py:188} INFO - [2023-12-29T22:34:33.926+0000] {dagbag.py:538} INFO - Filling up the DagBag from /home/airflow/.local/lib/python3.8/site-packages/airflow/example_dags/example_skip_dag.py
[2023-12-29T22:34:34.330+0000] {processor.py:840} INFO - DAG(s) 'example_skip_dag' retrieved from /home/airflow/.local/lib/python3.8/site-packages/airflow/example_dags/example_skip_dag.py
[2023-12-29T22:34:35.957+0000] {logging_mixin.py:188} INFO - [2023-12-29T22:34:35.956+0000] {dag.py:3033} INFO - Sync 1 DAGs
[2023-12-29T22:34:36.851+0000] {logging_mixin.py:188} INFO - [2023-12-29T22:34:36.850+0000] {dag.py:3820} INFO - Setting next_dagrun for example_skip_dag to 2023-12-28T00:00:00+00:00, run_after=2023-12-29T00:00:00+00:00
[2023-12-29T22:34:37.402+0000] {processor.py:183} INFO - Processing /home/airflow/.local/lib/python3.8/site-packages/airflow/example_dags/example_skip_dag.py took 4.865 seconds
[2023-12-29T22:35:47.093+0000] {processor.py:161} INFO - Started process (PID=294) to work on /home/airflow/.local/lib/python3.8/site-packages/airflow/example_dags/example_skip_dag.py
[2023-12-29T22:35:47.126+0000] {processor.py:830} INFO - Processing file /home/airflow/.local/lib/python3.8/site-packages/airflow/example_dags/example_skip_dag.py for tasks to queue
[2023-12-29T22:35:47.177+0000] {logging_mixin.py:188} INFO - [2023-12-29T22:35:47.175+0000] {dagbag.py:538} INFO - Filling up the DagBag from /home/airflow/.local/lib/python3.8/site-packages/airflow/example_dags/example_skip_dag.py
[2023-12-29T22:35:47.289+0000] {processor.py:840} INFO - DAG(s) 'example_skip_dag' retrieved from /home/airflow/.local/lib/python3.8/site-packages/airflow/example_dags/example_skip_dag.py
[2023-12-29T22:35:47.729+0000] {logging_mixin.py:188} INFO - [2023-12-29T22:35:47.717+0000] {dag.py:3033} INFO - Sync 1 DAGs
[2023-12-29T22:35:48.492+0000] {logging_mixin.py:188} INFO - [2023-12-29T22:35:48.491+0000] {dag.py:3820} INFO - Setting next_dagrun for example_skip_dag to 2023-12-28T00:00:00+00:00, run_after=2023-12-29T00:00:00+00:00
[2023-12-29T22:35:48.803+0000] {processor.py:183} INFO - Processing /home/airflow/.local/lib/python3.8/site-packages/airflow/example_dags/example_skip_dag.py took 1.768 seconds
[2023-12-29T22:38:06.430+0000] {processor.py:161} INFO - Started process (PID=352) to work on /home/airflow/.local/lib/python3.8/site-packages/airflow/example_dags/example_skip_dag.py
[2023-12-29T22:38:06.469+0000] {processor.py:830} INFO - Processing file /home/airflow/.local/lib/python3.8/site-packages/airflow/example_dags/example_skip_dag.py for tasks to queue
[2023-12-29T22:38:06.501+0000] {logging_mixin.py:188} INFO - [2023-12-29T22:38:06.500+0000] {dagbag.py:538} INFO - Filling up the DagBag from /home/airflow/.local/lib/python3.8/site-packages/airflow/example_dags/example_skip_dag.py
[2023-12-29T22:38:06.964+0000] {processor.py:840} INFO - DAG(s) 'example_skip_dag' retrieved from /home/airflow/.local/lib/python3.8/site-packages/airflow/example_dags/example_skip_dag.py
[2023-12-29T22:38:07.458+0000] {logging_mixin.py:188} INFO - [2023-12-29T22:38:07.456+0000] {dag.py:3033} INFO - Sync 1 DAGs
[2023-12-29T22:38:08.480+0000] {logging_mixin.py:188} INFO - [2023-12-29T22:38:08.479+0000] {dag.py:3820} INFO - Setting next_dagrun for example_skip_dag to 2023-12-28T00:00:00+00:00, run_after=2023-12-29T00:00:00+00:00
[2023-12-29T22:38:09.877+0000] {processor.py:183} INFO - Processing /home/airflow/.local/lib/python3.8/site-packages/airflow/example_dags/example_skip_dag.py took 3.816 seconds
[2023-12-29T22:57:06.943+0000] {processor.py:161} INFO - Started process (PID=434) to work on /home/airflow/.local/lib/python3.8/site-packages/airflow/example_dags/example_skip_dag.py
[2023-12-29T22:57:06.964+0000] {processor.py:830} INFO - Processing file /home/airflow/.local/lib/python3.8/site-packages/airflow/example_dags/example_skip_dag.py for tasks to queue
[2023-12-29T22:57:07.006+0000] {logging_mixin.py:188} INFO - [2023-12-29T22:57:07.003+0000] {dagbag.py:538} INFO - Filling up the DagBag from /home/airflow/.local/lib/python3.8/site-packages/airflow/example_dags/example_skip_dag.py
[2023-12-29T22:57:07.328+0000] {processor.py:840} INFO - DAG(s) 'example_skip_dag' retrieved from /home/airflow/.local/lib/python3.8/site-packages/airflow/example_dags/example_skip_dag.py
[2023-12-29T22:57:21.278+0000] {logging_mixin.py:188} INFO - [2023-12-29T22:57:21.261+0000] {dag.py:3033} INFO - Sync 1 DAGs
[2023-12-29T22:57:23.126+0000] {logging_mixin.py:188} INFO - [2023-12-29T22:57:23.112+0000] {dag.py:3820} INFO - Setting next_dagrun for example_skip_dag to 2023-12-28T00:00:00+00:00, run_after=2023-12-29T00:00:00+00:00
[2023-12-29T22:57:24.916+0000] {processor.py:183} INFO - Processing /home/airflow/.local/lib/python3.8/site-packages/airflow/example_dags/example_skip_dag.py took 18.030 seconds
