[2023-12-29T21:56:43.364+0000] {processor.py:161} INFO - Started process (PID=101) to work on /home/airflow/.local/lib/python3.8/site-packages/airflow/example_dags/example_external_task_marker_dag.py
[2023-12-29T21:56:43.381+0000] {processor.py:830} INFO - Processing file /home/airflow/.local/lib/python3.8/site-packages/airflow/example_dags/example_external_task_marker_dag.py for tasks to queue
[2023-12-29T21:56:43.428+0000] {logging_mixin.py:188} INFO - [2023-12-29T21:56:43.426+0000] {dagbag.py:538} INFO - Filling up the DagBag from /home/airflow/.local/lib/python3.8/site-packages/airflow/example_dags/example_external_task_marker_dag.py
[2023-12-29T21:56:43.640+0000] {processor.py:840} INFO - DAG(s) 'example_external_task_marker_child', 'example_external_task_marker_parent' retrieved from /home/airflow/.local/lib/python3.8/site-packages/airflow/example_dags/example_external_task_marker_dag.py
[2023-12-29T21:56:50.257+0000] {logging_mixin.py:188} INFO - [2023-12-29T21:56:50.256+0000] {dag.py:3033} INFO - Sync 2 DAGs
[2023-12-29T21:56:51.095+0000] {logging_mixin.py:188} INFO - [2023-12-29T21:56:51.094+0000] {dag.py:3820} INFO - Setting next_dagrun for example_external_task_marker_child to None, run_after=None
[2023-12-29T21:56:51.166+0000] {logging_mixin.py:188} INFO - [2023-12-29T21:56:51.165+0000] {dag.py:3820} INFO - Setting next_dagrun for example_external_task_marker_parent to None, run_after=None
[2023-12-29T21:56:52.094+0000] {processor.py:183} INFO - Processing /home/airflow/.local/lib/python3.8/site-packages/airflow/example_dags/example_external_task_marker_dag.py took 8.808 seconds
[2023-12-29T21:58:56.149+0000] {processor.py:161} INFO - Started process (PID=173) to work on /home/airflow/.local/lib/python3.8/site-packages/airflow/example_dags/example_external_task_marker_dag.py
[2023-12-29T21:58:56.164+0000] {processor.py:830} INFO - Processing file /home/airflow/.local/lib/python3.8/site-packages/airflow/example_dags/example_external_task_marker_dag.py for tasks to queue
[2023-12-29T21:58:56.238+0000] {logging_mixin.py:188} INFO - [2023-12-29T21:58:56.236+0000] {dagbag.py:538} INFO - Filling up the DagBag from /home/airflow/.local/lib/python3.8/site-packages/airflow/example_dags/example_external_task_marker_dag.py
[2023-12-29T21:58:56.513+0000] {processor.py:840} INFO - DAG(s) 'example_external_task_marker_parent', 'example_external_task_marker_child' retrieved from /home/airflow/.local/lib/python3.8/site-packages/airflow/example_dags/example_external_task_marker_dag.py
[2023-12-29T21:58:58.096+0000] {logging_mixin.py:188} INFO - [2023-12-29T21:58:58.093+0000] {dag.py:3033} INFO - Sync 2 DAGs
[2023-12-29T21:58:59.603+0000] {logging_mixin.py:188} INFO - [2023-12-29T21:58:59.600+0000] {dag.py:3820} INFO - Setting next_dagrun for example_external_task_marker_child to None, run_after=None
[2023-12-29T21:58:59.895+0000] {logging_mixin.py:188} INFO - [2023-12-29T21:58:59.894+0000] {dag.py:3820} INFO - Setting next_dagrun for example_external_task_marker_parent to None, run_after=None
[2023-12-29T21:59:00.646+0000] {processor.py:183} INFO - Processing /home/airflow/.local/lib/python3.8/site-packages/airflow/example_dags/example_external_task_marker_dag.py took 4.591 seconds
[2023-12-29T22:00:50.253+0000] {processor.py:161} INFO - Started process (PID=260) to work on /home/airflow/.local/lib/python3.8/site-packages/airflow/example_dags/example_external_task_marker_dag.py
[2023-12-29T22:00:50.269+0000] {processor.py:830} INFO - Processing file /home/airflow/.local/lib/python3.8/site-packages/airflow/example_dags/example_external_task_marker_dag.py for tasks to queue
[2023-12-29T22:00:50.327+0000] {logging_mixin.py:188} INFO - [2023-12-29T22:00:50.321+0000] {dagbag.py:538} INFO - Filling up the DagBag from /home/airflow/.local/lib/python3.8/site-packages/airflow/example_dags/example_external_task_marker_dag.py
[2023-12-29T22:00:50.431+0000] {processor.py:840} INFO - DAG(s) 'example_external_task_marker_parent', 'example_external_task_marker_child' retrieved from /home/airflow/.local/lib/python3.8/site-packages/airflow/example_dags/example_external_task_marker_dag.py
[2023-12-29T22:00:51.011+0000] {logging_mixin.py:188} INFO - [2023-12-29T22:00:51.010+0000] {dag.py:3033} INFO - Sync 2 DAGs
[2023-12-29T22:00:51.339+0000] {logging_mixin.py:188} INFO - [2023-12-29T22:00:51.338+0000] {dag.py:3820} INFO - Setting next_dagrun for example_external_task_marker_child to None, run_after=None
[2023-12-29T22:00:51.422+0000] {logging_mixin.py:188} INFO - [2023-12-29T22:00:51.421+0000] {dag.py:3820} INFO - Setting next_dagrun for example_external_task_marker_parent to None, run_after=None
[2023-12-29T22:00:51.785+0000] {processor.py:183} INFO - Processing /home/airflow/.local/lib/python3.8/site-packages/airflow/example_dags/example_external_task_marker_dag.py took 1.583 seconds
[2023-12-29T22:02:11.167+0000] {processor.py:161} INFO - Started process (PID=327) to work on /home/airflow/.local/lib/python3.8/site-packages/airflow/example_dags/example_external_task_marker_dag.py
[2023-12-29T22:02:11.216+0000] {processor.py:830} INFO - Processing file /home/airflow/.local/lib/python3.8/site-packages/airflow/example_dags/example_external_task_marker_dag.py for tasks to queue
[2023-12-29T22:02:11.306+0000] {logging_mixin.py:188} INFO - [2023-12-29T22:02:11.239+0000] {dagbag.py:538} INFO - Filling up the DagBag from /home/airflow/.local/lib/python3.8/site-packages/airflow/example_dags/example_external_task_marker_dag.py
[2023-12-29T22:02:11.519+0000] {processor.py:840} INFO - DAG(s) 'example_external_task_marker_child', 'example_external_task_marker_parent' retrieved from /home/airflow/.local/lib/python3.8/site-packages/airflow/example_dags/example_external_task_marker_dag.py
[2023-12-29T22:02:11.947+0000] {logging_mixin.py:188} INFO - [2023-12-29T22:02:11.943+0000] {dag.py:3033} INFO - Sync 2 DAGs
[2023-12-29T22:02:12.665+0000] {logging_mixin.py:188} INFO - [2023-12-29T22:02:12.664+0000] {dag.py:3820} INFO - Setting next_dagrun for example_external_task_marker_child to None, run_after=None
[2023-12-29T22:02:12.789+0000] {logging_mixin.py:188} INFO - [2023-12-29T22:02:12.787+0000] {dag.py:3820} INFO - Setting next_dagrun for example_external_task_marker_parent to None, run_after=None
[2023-12-29T22:02:13.472+0000] {processor.py:183} INFO - Processing /home/airflow/.local/lib/python3.8/site-packages/airflow/example_dags/example_external_task_marker_dag.py took 2.418 seconds
[2023-12-29T22:03:35.735+0000] {processor.py:161} INFO - Started process (PID=398) to work on /home/airflow/.local/lib/python3.8/site-packages/airflow/example_dags/example_external_task_marker_dag.py
[2023-12-29T22:03:35.800+0000] {processor.py:830} INFO - Processing file /home/airflow/.local/lib/python3.8/site-packages/airflow/example_dags/example_external_task_marker_dag.py for tasks to queue
[2023-12-29T22:03:35.846+0000] {logging_mixin.py:188} INFO - [2023-12-29T22:03:35.839+0000] {dagbag.py:538} INFO - Filling up the DagBag from /home/airflow/.local/lib/python3.8/site-packages/airflow/example_dags/example_external_task_marker_dag.py
[2023-12-29T22:03:36.015+0000] {processor.py:840} INFO - DAG(s) 'example_external_task_marker_parent', 'example_external_task_marker_child' retrieved from /home/airflow/.local/lib/python3.8/site-packages/airflow/example_dags/example_external_task_marker_dag.py
[2023-12-29T22:03:36.607+0000] {logging_mixin.py:188} INFO - [2023-12-29T22:03:36.606+0000] {dag.py:3033} INFO - Sync 2 DAGs
[2023-12-29T22:03:37.077+0000] {logging_mixin.py:188} INFO - [2023-12-29T22:03:37.076+0000] {dag.py:3820} INFO - Setting next_dagrun for example_external_task_marker_child to None, run_after=None
[2023-12-29T22:03:37.417+0000] {logging_mixin.py:188} INFO - [2023-12-29T22:03:37.318+0000] {dag.py:3820} INFO - Setting next_dagrun for example_external_task_marker_parent to None, run_after=None
[2023-12-29T22:03:37.996+0000] {processor.py:183} INFO - Processing /home/airflow/.local/lib/python3.8/site-packages/airflow/example_dags/example_external_task_marker_dag.py took 2.382 seconds
[2023-12-29T22:29:25.530+0000] {processor.py:161} INFO - Started process (PID=90) to work on /home/airflow/.local/lib/python3.8/site-packages/airflow/example_dags/example_external_task_marker_dag.py
[2023-12-29T22:29:25.538+0000] {processor.py:830} INFO - Processing file /home/airflow/.local/lib/python3.8/site-packages/airflow/example_dags/example_external_task_marker_dag.py for tasks to queue
[2023-12-29T22:29:25.573+0000] {logging_mixin.py:188} INFO - [2023-12-29T22:29:25.571+0000] {dagbag.py:538} INFO - Filling up the DagBag from /home/airflow/.local/lib/python3.8/site-packages/airflow/example_dags/example_external_task_marker_dag.py
[2023-12-29T22:29:26.053+0000] {processor.py:840} INFO - DAG(s) 'example_external_task_marker_child', 'example_external_task_marker_parent' retrieved from /home/airflow/.local/lib/python3.8/site-packages/airflow/example_dags/example_external_task_marker_dag.py
[2023-12-29T22:29:32.163+0000] {logging_mixin.py:188} INFO - [2023-12-29T22:29:32.161+0000] {dag.py:3033} INFO - Sync 2 DAGs
[2023-12-29T22:29:32.550+0000] {logging_mixin.py:188} INFO - [2023-12-29T22:29:32.549+0000] {dag.py:3820} INFO - Setting next_dagrun for example_external_task_marker_child to None, run_after=None
[2023-12-29T22:29:32.639+0000] {logging_mixin.py:188} INFO - [2023-12-29T22:29:32.638+0000] {dag.py:3820} INFO - Setting next_dagrun for example_external_task_marker_parent to None, run_after=None
[2023-12-29T22:29:33.097+0000] {processor.py:183} INFO - Processing /home/airflow/.local/lib/python3.8/site-packages/airflow/example_dags/example_external_task_marker_dag.py took 7.672 seconds
[2023-12-29T22:32:11.294+0000] {processor.py:161} INFO - Started process (PID=168) to work on /home/airflow/.local/lib/python3.8/site-packages/airflow/example_dags/example_external_task_marker_dag.py
[2023-12-29T22:32:11.394+0000] {processor.py:830} INFO - Processing file /home/airflow/.local/lib/python3.8/site-packages/airflow/example_dags/example_external_task_marker_dag.py for tasks to queue
[2023-12-29T22:32:11.797+0000] {logging_mixin.py:188} INFO - [2023-12-29T22:32:11.703+0000] {dagbag.py:538} INFO - Filling up the DagBag from /home/airflow/.local/lib/python3.8/site-packages/airflow/example_dags/example_external_task_marker_dag.py
[2023-12-29T22:32:12.604+0000] {processor.py:840} INFO - DAG(s) 'example_external_task_marker_parent', 'example_external_task_marker_child' retrieved from /home/airflow/.local/lib/python3.8/site-packages/airflow/example_dags/example_external_task_marker_dag.py
[2023-12-29T22:32:15.879+0000] {logging_mixin.py:188} INFO - [2023-12-29T22:32:15.878+0000] {dag.py:3033} INFO - Sync 2 DAGs
[2023-12-29T22:32:23.108+0000] {logging_mixin.py:188} INFO - [2023-12-29T22:32:22.962+0000] {dag.py:3820} INFO - Setting next_dagrun for example_external_task_marker_child to None, run_after=None
[2023-12-29T22:32:23.727+0000] {logging_mixin.py:188} INFO - [2023-12-29T22:32:23.726+0000] {dag.py:3820} INFO - Setting next_dagrun for example_external_task_marker_parent to None, run_after=None
[2023-12-29T22:32:25.495+0000] {processor.py:183} INFO - Processing /home/airflow/.local/lib/python3.8/site-packages/airflow/example_dags/example_external_task_marker_dag.py took 14.273 seconds
[2023-12-29T22:33:50.458+0000] {processor.py:161} INFO - Started process (PID=225) to work on /home/airflow/.local/lib/python3.8/site-packages/airflow/example_dags/example_external_task_marker_dag.py
[2023-12-29T22:33:50.465+0000] {processor.py:830} INFO - Processing file /home/airflow/.local/lib/python3.8/site-packages/airflow/example_dags/example_external_task_marker_dag.py for tasks to queue
[2023-12-29T22:33:50.512+0000] {logging_mixin.py:188} INFO - [2023-12-29T22:33:50.510+0000] {dagbag.py:538} INFO - Filling up the DagBag from /home/airflow/.local/lib/python3.8/site-packages/airflow/example_dags/example_external_task_marker_dag.py
[2023-12-29T22:33:50.657+0000] {processor.py:840} INFO - DAG(s) 'example_external_task_marker_parent', 'example_external_task_marker_child' retrieved from /home/airflow/.local/lib/python3.8/site-packages/airflow/example_dags/example_external_task_marker_dag.py
[2023-12-29T22:33:51.194+0000] {logging_mixin.py:188} INFO - [2023-12-29T22:33:51.193+0000] {dag.py:3033} INFO - Sync 2 DAGs
[2023-12-29T22:33:51.791+0000] {logging_mixin.py:188} INFO - [2023-12-29T22:33:51.790+0000] {dag.py:3820} INFO - Setting next_dagrun for example_external_task_marker_child to None, run_after=None
[2023-12-29T22:33:52.060+0000] {logging_mixin.py:188} INFO - [2023-12-29T22:33:52.059+0000] {dag.py:3820} INFO - Setting next_dagrun for example_external_task_marker_parent to None, run_after=None
[2023-12-29T22:33:52.845+0000] {processor.py:183} INFO - Processing /home/airflow/.local/lib/python3.8/site-packages/airflow/example_dags/example_external_task_marker_dag.py took 2.463 seconds
[2023-12-29T22:36:28.370+0000] {processor.py:161} INFO - Started process (PID=317) to work on /home/airflow/.local/lib/python3.8/site-packages/airflow/example_dags/example_external_task_marker_dag.py
[2023-12-29T22:36:28.429+0000] {processor.py:830} INFO - Processing file /home/airflow/.local/lib/python3.8/site-packages/airflow/example_dags/example_external_task_marker_dag.py for tasks to queue
[2023-12-29T22:36:28.534+0000] {logging_mixin.py:188} INFO - [2023-12-29T22:36:28.510+0000] {dagbag.py:538} INFO - Filling up the DagBag from /home/airflow/.local/lib/python3.8/site-packages/airflow/example_dags/example_external_task_marker_dag.py
[2023-12-29T22:36:28.737+0000] {processor.py:840} INFO - DAG(s) 'example_external_task_marker_parent', 'example_external_task_marker_child' retrieved from /home/airflow/.local/lib/python3.8/site-packages/airflow/example_dags/example_external_task_marker_dag.py
[2023-12-29T22:36:29.275+0000] {logging_mixin.py:188} INFO - [2023-12-29T22:36:29.274+0000] {dag.py:3033} INFO - Sync 2 DAGs
[2023-12-29T22:36:29.527+0000] {logging_mixin.py:188} INFO - [2023-12-29T22:36:29.525+0000] {dag.py:3820} INFO - Setting next_dagrun for example_external_task_marker_child to None, run_after=None
[2023-12-29T22:36:29.637+0000] {logging_mixin.py:188} INFO - [2023-12-29T22:36:29.636+0000] {dag.py:3820} INFO - Setting next_dagrun for example_external_task_marker_parent to None, run_after=None
[2023-12-29T22:36:30.198+0000] {processor.py:183} INFO - Processing /home/airflow/.local/lib/python3.8/site-packages/airflow/example_dags/example_external_task_marker_dag.py took 1.912 seconds
[2023-12-29T22:40:31.187+0000] {processor.py:161} INFO - Started process (PID=392) to work on /home/airflow/.local/lib/python3.8/site-packages/airflow/example_dags/example_external_task_marker_dag.py
[2023-12-29T22:40:31.210+0000] {processor.py:830} INFO - Processing file /home/airflow/.local/lib/python3.8/site-packages/airflow/example_dags/example_external_task_marker_dag.py for tasks to queue
[2023-12-29T22:40:31.285+0000] {logging_mixin.py:188} INFO - [2023-12-29T22:40:31.260+0000] {dagbag.py:538} INFO - Filling up the DagBag from /home/airflow/.local/lib/python3.8/site-packages/airflow/example_dags/example_external_task_marker_dag.py
[2023-12-29T22:40:31.598+0000] {processor.py:840} INFO - DAG(s) 'example_external_task_marker_child', 'example_external_task_marker_parent' retrieved from /home/airflow/.local/lib/python3.8/site-packages/airflow/example_dags/example_external_task_marker_dag.py
[2023-12-29T22:40:36.035+0000] {logging_mixin.py:188} INFO - [2023-12-29T22:40:36.034+0000] {dag.py:3033} INFO - Sync 2 DAGs
[2023-12-29T22:40:37.527+0000] {logging_mixin.py:188} INFO - [2023-12-29T22:40:37.402+0000] {dag.py:3820} INFO - Setting next_dagrun for example_external_task_marker_child to None, run_after=None
[2023-12-29T22:40:37.757+0000] {logging_mixin.py:188} INFO - [2023-12-29T22:40:37.756+0000] {dag.py:3820} INFO - Setting next_dagrun for example_external_task_marker_parent to None, run_after=None
[2023-12-29T22:40:39.902+0000] {processor.py:183} INFO - Processing /home/airflow/.local/lib/python3.8/site-packages/airflow/example_dags/example_external_task_marker_dag.py took 8.902 seconds
