[2023-12-29T21:56:38.078+0000] {processor.py:161} INFO - Started process (PID=99) to work on /home/airflow/.local/lib/python3.8/site-packages/airflow/example_dags/example_sensor_decorator.py
[2023-12-29T21:56:38.104+0000] {processor.py:830} INFO - Processing file /home/airflow/.local/lib/python3.8/site-packages/airflow/example_dags/example_sensor_decorator.py for tasks to queue
[2023-12-29T21:56:38.143+0000] {logging_mixin.py:188} INFO - [2023-12-29T21:56:38.141+0000] {dagbag.py:538} INFO - Filling up the DagBag from /home/airflow/.local/lib/python3.8/site-packages/airflow/example_dags/example_sensor_decorator.py
[2023-12-29T21:56:38.328+0000] {processor.py:840} INFO - DAG(s) 'example_sensor_decorator' retrieved from /home/airflow/.local/lib/python3.8/site-packages/airflow/example_dags/example_sensor_decorator.py
[2023-12-29T21:56:41.952+0000] {logging_mixin.py:188} INFO - [2023-12-29T21:56:41.950+0000] {dag.py:3033} INFO - Sync 1 DAGs
[2023-12-29T21:56:42.292+0000] {logging_mixin.py:188} INFO - [2023-12-29T21:56:42.275+0000] {dag.py:3820} INFO - Setting next_dagrun for example_sensor_decorator to None, run_after=None
[2023-12-29T21:56:42.807+0000] {processor.py:183} INFO - Processing /home/airflow/.local/lib/python3.8/site-packages/airflow/example_dags/example_sensor_decorator.py took 4.778 seconds
[2023-12-29T21:58:53.485+0000] {processor.py:161} INFO - Started process (PID=171) to work on /home/airflow/.local/lib/python3.8/site-packages/airflow/example_dags/example_sensor_decorator.py
[2023-12-29T21:58:53.507+0000] {processor.py:830} INFO - Processing file /home/airflow/.local/lib/python3.8/site-packages/airflow/example_dags/example_sensor_decorator.py for tasks to queue
[2023-12-29T21:58:53.734+0000] {logging_mixin.py:188} INFO - [2023-12-29T21:58:53.667+0000] {dagbag.py:538} INFO - Filling up the DagBag from /home/airflow/.local/lib/python3.8/site-packages/airflow/example_dags/example_sensor_decorator.py
[2023-12-29T21:58:54.042+0000] {processor.py:840} INFO - DAG(s) 'example_sensor_decorator' retrieved from /home/airflow/.local/lib/python3.8/site-packages/airflow/example_dags/example_sensor_decorator.py
[2023-12-29T21:58:54.599+0000] {logging_mixin.py:188} INFO - [2023-12-29T21:58:54.597+0000] {dag.py:3033} INFO - Sync 1 DAGs
[2023-12-29T21:58:54.990+0000] {logging_mixin.py:188} INFO - [2023-12-29T21:58:54.989+0000] {dag.py:3820} INFO - Setting next_dagrun for example_sensor_decorator to None, run_after=None
[2023-12-29T21:58:55.554+0000] {processor.py:183} INFO - Processing /home/airflow/.local/lib/python3.8/site-packages/airflow/example_dags/example_sensor_decorator.py took 2.399 seconds
[2023-12-29T22:00:48.063+0000] {processor.py:161} INFO - Started process (PID=258) to work on /home/airflow/.local/lib/python3.8/site-packages/airflow/example_dags/example_sensor_decorator.py
[2023-12-29T22:00:48.080+0000] {processor.py:830} INFO - Processing file /home/airflow/.local/lib/python3.8/site-packages/airflow/example_dags/example_sensor_decorator.py for tasks to queue
[2023-12-29T22:00:48.148+0000] {logging_mixin.py:188} INFO - [2023-12-29T22:00:48.145+0000] {dagbag.py:538} INFO - Filling up the DagBag from /home/airflow/.local/lib/python3.8/site-packages/airflow/example_dags/example_sensor_decorator.py
[2023-12-29T22:00:48.332+0000] {processor.py:840} INFO - DAG(s) 'example_sensor_decorator' retrieved from /home/airflow/.local/lib/python3.8/site-packages/airflow/example_dags/example_sensor_decorator.py
[2023-12-29T22:00:48.735+0000] {logging_mixin.py:188} INFO - [2023-12-29T22:00:48.734+0000] {dag.py:3033} INFO - Sync 1 DAGs
[2023-12-29T22:00:49.005+0000] {logging_mixin.py:188} INFO - [2023-12-29T22:00:49.003+0000] {dag.py:3820} INFO - Setting next_dagrun for example_sensor_decorator to None, run_after=None
[2023-12-29T22:00:49.490+0000] {processor.py:183} INFO - Processing /home/airflow/.local/lib/python3.8/site-packages/airflow/example_dags/example_sensor_decorator.py took 1.603 seconds
[2023-12-29T22:02:09.307+0000] {processor.py:161} INFO - Started process (PID=325) to work on /home/airflow/.local/lib/python3.8/site-packages/airflow/example_dags/example_sensor_decorator.py
[2023-12-29T22:02:09.323+0000] {processor.py:830} INFO - Processing file /home/airflow/.local/lib/python3.8/site-packages/airflow/example_dags/example_sensor_decorator.py for tasks to queue
[2023-12-29T22:02:09.365+0000] {logging_mixin.py:188} INFO - [2023-12-29T22:02:09.363+0000] {dagbag.py:538} INFO - Filling up the DagBag from /home/airflow/.local/lib/python3.8/site-packages/airflow/example_dags/example_sensor_decorator.py
[2023-12-29T22:02:09.544+0000] {processor.py:840} INFO - DAG(s) 'example_sensor_decorator' retrieved from /home/airflow/.local/lib/python3.8/site-packages/airflow/example_dags/example_sensor_decorator.py
[2023-12-29T22:02:09.913+0000] {logging_mixin.py:188} INFO - [2023-12-29T22:02:09.912+0000] {dag.py:3033} INFO - Sync 1 DAGs
[2023-12-29T22:02:10.131+0000] {logging_mixin.py:188} INFO - [2023-12-29T22:02:10.124+0000] {dag.py:3820} INFO - Setting next_dagrun for example_sensor_decorator to None, run_after=None
[2023-12-29T22:02:10.392+0000] {processor.py:183} INFO - Processing /home/airflow/.local/lib/python3.8/site-packages/airflow/example_dags/example_sensor_decorator.py took 1.172 seconds
[2023-12-29T22:03:30.177+0000] {processor.py:161} INFO - Started process (PID=396) to work on /home/airflow/.local/lib/python3.8/site-packages/airflow/example_dags/example_sensor_decorator.py
[2023-12-29T22:03:30.184+0000] {processor.py:830} INFO - Processing file /home/airflow/.local/lib/python3.8/site-packages/airflow/example_dags/example_sensor_decorator.py for tasks to queue
[2023-12-29T22:03:30.217+0000] {logging_mixin.py:188} INFO - [2023-12-29T22:03:30.216+0000] {dagbag.py:538} INFO - Filling up the DagBag from /home/airflow/.local/lib/python3.8/site-packages/airflow/example_dags/example_sensor_decorator.py
[2023-12-29T22:03:30.922+0000] {processor.py:840} INFO - DAG(s) 'example_sensor_decorator' retrieved from /home/airflow/.local/lib/python3.8/site-packages/airflow/example_dags/example_sensor_decorator.py
[2023-12-29T22:03:31.469+0000] {logging_mixin.py:188} INFO - [2023-12-29T22:03:31.468+0000] {dag.py:3033} INFO - Sync 1 DAGs
[2023-12-29T22:03:32.036+0000] {logging_mixin.py:188} INFO - [2023-12-29T22:03:32.035+0000] {dag.py:3820} INFO - Setting next_dagrun for example_sensor_decorator to None, run_after=None
[2023-12-29T22:03:32.894+0000] {processor.py:183} INFO - Processing /home/airflow/.local/lib/python3.8/site-packages/airflow/example_dags/example_sensor_decorator.py took 2.790 seconds
[2023-12-29T22:29:20.594+0000] {processor.py:161} INFO - Started process (PID=88) to work on /home/airflow/.local/lib/python3.8/site-packages/airflow/example_dags/example_sensor_decorator.py
[2023-12-29T22:29:20.616+0000] {processor.py:830} INFO - Processing file /home/airflow/.local/lib/python3.8/site-packages/airflow/example_dags/example_sensor_decorator.py for tasks to queue
[2023-12-29T22:29:20.705+0000] {logging_mixin.py:188} INFO - [2023-12-29T22:29:20.686+0000] {dagbag.py:538} INFO - Filling up the DagBag from /home/airflow/.local/lib/python3.8/site-packages/airflow/example_dags/example_sensor_decorator.py
[2023-12-29T22:29:20.879+0000] {processor.py:840} INFO - DAG(s) 'example_sensor_decorator' retrieved from /home/airflow/.local/lib/python3.8/site-packages/airflow/example_dags/example_sensor_decorator.py
[2023-12-29T22:29:24.307+0000] {logging_mixin.py:188} INFO - [2023-12-29T22:29:24.294+0000] {dag.py:3033} INFO - Sync 1 DAGs
[2023-12-29T22:29:24.506+0000] {logging_mixin.py:188} INFO - [2023-12-29T22:29:24.505+0000] {dag.py:3820} INFO - Setting next_dagrun for example_sensor_decorator to None, run_after=None
[2023-12-29T22:29:24.888+0000] {processor.py:183} INFO - Processing /home/airflow/.local/lib/python3.8/site-packages/airflow/example_dags/example_sensor_decorator.py took 4.447 seconds
[2023-12-29T22:32:07.184+0000] {processor.py:161} INFO - Started process (PID=166) to work on /home/airflow/.local/lib/python3.8/site-packages/airflow/example_dags/example_sensor_decorator.py
[2023-12-29T22:32:07.309+0000] {processor.py:830} INFO - Processing file /home/airflow/.local/lib/python3.8/site-packages/airflow/example_dags/example_sensor_decorator.py for tasks to queue
[2023-12-29T22:32:07.412+0000] {logging_mixin.py:188} INFO - [2023-12-29T22:32:07.407+0000] {dagbag.py:538} INFO - Filling up the DagBag from /home/airflow/.local/lib/python3.8/site-packages/airflow/example_dags/example_sensor_decorator.py
[2023-12-29T22:32:07.698+0000] {processor.py:840} INFO - DAG(s) 'example_sensor_decorator' retrieved from /home/airflow/.local/lib/python3.8/site-packages/airflow/example_dags/example_sensor_decorator.py
[2023-12-29T22:32:08.428+0000] {logging_mixin.py:188} INFO - [2023-12-29T22:32:08.364+0000] {dag.py:3033} INFO - Sync 1 DAGs
[2023-12-29T22:32:09.123+0000] {logging_mixin.py:188} INFO - [2023-12-29T22:32:09.121+0000] {dag.py:3820} INFO - Setting next_dagrun for example_sensor_decorator to None, run_after=None
[2023-12-29T22:32:10.139+0000] {processor.py:183} INFO - Processing /home/airflow/.local/lib/python3.8/site-packages/airflow/example_dags/example_sensor_decorator.py took 3.106 seconds
[2023-12-29T22:33:47.153+0000] {processor.py:161} INFO - Started process (PID=223) to work on /home/airflow/.local/lib/python3.8/site-packages/airflow/example_dags/example_sensor_decorator.py
[2023-12-29T22:33:47.166+0000] {processor.py:830} INFO - Processing file /home/airflow/.local/lib/python3.8/site-packages/airflow/example_dags/example_sensor_decorator.py for tasks to queue
[2023-12-29T22:33:47.201+0000] {logging_mixin.py:188} INFO - [2023-12-29T22:33:47.199+0000] {dagbag.py:538} INFO - Filling up the DagBag from /home/airflow/.local/lib/python3.8/site-packages/airflow/example_dags/example_sensor_decorator.py
[2023-12-29T22:33:47.493+0000] {processor.py:840} INFO - DAG(s) 'example_sensor_decorator' retrieved from /home/airflow/.local/lib/python3.8/site-packages/airflow/example_dags/example_sensor_decorator.py
[2023-12-29T22:33:47.759+0000] {logging_mixin.py:188} INFO - [2023-12-29T22:33:47.758+0000] {dag.py:3033} INFO - Sync 1 DAGs
[2023-12-29T22:33:48.662+0000] {logging_mixin.py:188} INFO - [2023-12-29T22:33:48.660+0000] {dag.py:3820} INFO - Setting next_dagrun for example_sensor_decorator to None, run_after=None
[2023-12-29T22:33:49.304+0000] {processor.py:183} INFO - Processing /home/airflow/.local/lib/python3.8/site-packages/airflow/example_dags/example_sensor_decorator.py took 2.197 seconds
[2023-12-29T22:36:24.752+0000] {processor.py:161} INFO - Started process (PID=315) to work on /home/airflow/.local/lib/python3.8/site-packages/airflow/example_dags/example_sensor_decorator.py
[2023-12-29T22:36:24.771+0000] {processor.py:830} INFO - Processing file /home/airflow/.local/lib/python3.8/site-packages/airflow/example_dags/example_sensor_decorator.py for tasks to queue
[2023-12-29T22:36:24.845+0000] {logging_mixin.py:188} INFO - [2023-12-29T22:36:24.814+0000] {dagbag.py:538} INFO - Filling up the DagBag from /home/airflow/.local/lib/python3.8/site-packages/airflow/example_dags/example_sensor_decorator.py
[2023-12-29T22:36:25.251+0000] {processor.py:840} INFO - DAG(s) 'example_sensor_decorator' retrieved from /home/airflow/.local/lib/python3.8/site-packages/airflow/example_dags/example_sensor_decorator.py
[2023-12-29T22:36:26.280+0000] {logging_mixin.py:188} INFO - [2023-12-29T22:36:26.255+0000] {dag.py:3033} INFO - Sync 1 DAGs
[2023-12-29T22:36:26.794+0000] {logging_mixin.py:188} INFO - [2023-12-29T22:36:26.792+0000] {dag.py:3820} INFO - Setting next_dagrun for example_sensor_decorator to None, run_after=None
[2023-12-29T22:36:27.288+0000] {processor.py:183} INFO - Processing /home/airflow/.local/lib/python3.8/site-packages/airflow/example_dags/example_sensor_decorator.py took 2.656 seconds
[2023-12-29T22:40:12.488+0000] {processor.py:161} INFO - Started process (PID=390) to work on /home/airflow/.local/lib/python3.8/site-packages/airflow/example_dags/example_sensor_decorator.py
[2023-12-29T22:40:12.511+0000] {processor.py:830} INFO - Processing file /home/airflow/.local/lib/python3.8/site-packages/airflow/example_dags/example_sensor_decorator.py for tasks to queue
[2023-12-29T22:40:12.526+0000] {logging_mixin.py:188} INFO - [2023-12-29T22:40:12.524+0000] {dagbag.py:538} INFO - Filling up the DagBag from /home/airflow/.local/lib/python3.8/site-packages/airflow/example_dags/example_sensor_decorator.py
[2023-12-29T22:40:12.939+0000] {processor.py:840} INFO - DAG(s) 'example_sensor_decorator' retrieved from /home/airflow/.local/lib/python3.8/site-packages/airflow/example_dags/example_sensor_decorator.py
[2023-12-29T22:40:27.857+0000] {logging_mixin.py:188} INFO - [2023-12-29T22:40:27.856+0000] {dag.py:3033} INFO - Sync 1 DAGs
[2023-12-29T22:40:28.336+0000] {logging_mixin.py:188} INFO - [2023-12-29T22:40:28.335+0000] {dag.py:3820} INFO - Setting next_dagrun for example_sensor_decorator to None, run_after=None
[2023-12-29T22:40:29.845+0000] {processor.py:183} INFO - Processing /home/airflow/.local/lib/python3.8/site-packages/airflow/example_dags/example_sensor_decorator.py took 17.963 seconds
