[2023-12-29T21:57:32.195+0000] {processor.py:161} INFO - Started process (PID=122) to work on /home/airflow/.local/lib/python3.8/site-packages/airflow/example_dags/example_nested_branch_dag.py
[2023-12-29T21:57:32.215+0000] {processor.py:830} INFO - Processing file /home/airflow/.local/lib/python3.8/site-packages/airflow/example_dags/example_nested_branch_dag.py for tasks to queue
[2023-12-29T21:57:32.236+0000] {logging_mixin.py:188} INFO - [2023-12-29T21:57:32.235+0000] {dagbag.py:538} INFO - Filling up the DagBag from /home/airflow/.local/lib/python3.8/site-packages/airflow/example_dags/example_nested_branch_dag.py
[2023-12-29T21:57:32.566+0000] {processor.py:840} INFO - DAG(s) 'example_nested_branch_dag' retrieved from /home/airflow/.local/lib/python3.8/site-packages/airflow/example_dags/example_nested_branch_dag.py
[2023-12-29T21:57:36.425+0000] {logging_mixin.py:188} INFO - [2023-12-29T21:57:36.424+0000] {dag.py:3033} INFO - Sync 1 DAGs
[2023-12-29T21:57:36.991+0000] {logging_mixin.py:188} INFO - [2023-12-29T21:57:36.990+0000] {dag.py:3820} INFO - Setting next_dagrun for example_nested_branch_dag to 2023-12-28T00:00:00+00:00, run_after=2023-12-29T00:00:00+00:00
[2023-12-29T21:57:37.269+0000] {processor.py:183} INFO - Processing /home/airflow/.local/lib/python3.8/site-packages/airflow/example_dags/example_nested_branch_dag.py took 5.119 seconds
[2023-12-29T21:59:24.896+0000] {processor.py:161} INFO - Started process (PID=195) to work on /home/airflow/.local/lib/python3.8/site-packages/airflow/example_dags/example_nested_branch_dag.py
[2023-12-29T21:59:24.912+0000] {processor.py:830} INFO - Processing file /home/airflow/.local/lib/python3.8/site-packages/airflow/example_dags/example_nested_branch_dag.py for tasks to queue
[2023-12-29T21:59:24.966+0000] {logging_mixin.py:188} INFO - [2023-12-29T21:59:24.965+0000] {dagbag.py:538} INFO - Filling up the DagBag from /home/airflow/.local/lib/python3.8/site-packages/airflow/example_dags/example_nested_branch_dag.py
[2023-12-29T21:59:25.765+0000] {processor.py:840} INFO - DAG(s) 'example_nested_branch_dag' retrieved from /home/airflow/.local/lib/python3.8/site-packages/airflow/example_dags/example_nested_branch_dag.py
[2023-12-29T21:59:27.219+0000] {logging_mixin.py:188} INFO - [2023-12-29T21:59:27.218+0000] {dag.py:3033} INFO - Sync 1 DAGs
[2023-12-29T21:59:30.126+0000] {logging_mixin.py:188} INFO - [2023-12-29T21:59:30.034+0000] {dag.py:3820} INFO - Setting next_dagrun for example_nested_branch_dag to 2023-12-28T00:00:00+00:00, run_after=2023-12-29T00:00:00+00:00
[2023-12-29T21:59:32.947+0000] {processor.py:183} INFO - Processing /home/airflow/.local/lib/python3.8/site-packages/airflow/example_dags/example_nested_branch_dag.py took 8.159 seconds
[2023-12-29T22:01:09.489+0000] {processor.py:161} INFO - Started process (PID=275) to work on /home/airflow/.local/lib/python3.8/site-packages/airflow/example_dags/example_nested_branch_dag.py
[2023-12-29T22:01:09.525+0000] {processor.py:830} INFO - Processing file /home/airflow/.local/lib/python3.8/site-packages/airflow/example_dags/example_nested_branch_dag.py for tasks to queue
[2023-12-29T22:01:09.559+0000] {logging_mixin.py:188} INFO - [2023-12-29T22:01:09.558+0000] {dagbag.py:538} INFO - Filling up the DagBag from /home/airflow/.local/lib/python3.8/site-packages/airflow/example_dags/example_nested_branch_dag.py
[2023-12-29T22:01:09.859+0000] {processor.py:840} INFO - DAG(s) 'example_nested_branch_dag' retrieved from /home/airflow/.local/lib/python3.8/site-packages/airflow/example_dags/example_nested_branch_dag.py
[2023-12-29T22:01:10.710+0000] {logging_mixin.py:188} INFO - [2023-12-29T22:01:10.696+0000] {dag.py:3033} INFO - Sync 1 DAGs
[2023-12-29T22:01:11.788+0000] {logging_mixin.py:188} INFO - [2023-12-29T22:01:11.783+0000] {dag.py:3820} INFO - Setting next_dagrun for example_nested_branch_dag to 2023-12-28T00:00:00+00:00, run_after=2023-12-29T00:00:00+00:00
[2023-12-29T22:01:12.593+0000] {processor.py:183} INFO - Processing /home/airflow/.local/lib/python3.8/site-packages/airflow/example_dags/example_nested_branch_dag.py took 3.162 seconds
[2023-12-29T22:02:31.763+0000] {processor.py:161} INFO - Started process (PID=347) to work on /home/airflow/.local/lib/python3.8/site-packages/airflow/example_dags/example_nested_branch_dag.py
[2023-12-29T22:02:31.913+0000] {processor.py:830} INFO - Processing file /home/airflow/.local/lib/python3.8/site-packages/airflow/example_dags/example_nested_branch_dag.py for tasks to queue
[2023-12-29T22:02:32.125+0000] {logging_mixin.py:188} INFO - [2023-12-29T22:02:32.121+0000] {dagbag.py:538} INFO - Filling up the DagBag from /home/airflow/.local/lib/python3.8/site-packages/airflow/example_dags/example_nested_branch_dag.py
[2023-12-29T22:02:33.312+0000] {processor.py:840} INFO - DAG(s) 'example_nested_branch_dag' retrieved from /home/airflow/.local/lib/python3.8/site-packages/airflow/example_dags/example_nested_branch_dag.py
[2023-12-29T22:02:33.896+0000] {logging_mixin.py:188} INFO - [2023-12-29T22:02:33.894+0000] {dag.py:3033} INFO - Sync 1 DAGs
[2023-12-29T22:02:35.147+0000] {logging_mixin.py:188} INFO - [2023-12-29T22:02:35.145+0000] {dag.py:3820} INFO - Setting next_dagrun for example_nested_branch_dag to 2023-12-28T00:00:00+00:00, run_after=2023-12-29T00:00:00+00:00
[2023-12-29T22:02:35.710+0000] {processor.py:183} INFO - Processing /home/airflow/.local/lib/python3.8/site-packages/airflow/example_dags/example_nested_branch_dag.py took 4.176 seconds
[2023-12-29T22:03:59.014+0000] {processor.py:161} INFO - Started process (PID=419) to work on /home/airflow/.local/lib/python3.8/site-packages/airflow/example_dags/example_nested_branch_dag.py
[2023-12-29T22:03:59.097+0000] {processor.py:830} INFO - Processing file /home/airflow/.local/lib/python3.8/site-packages/airflow/example_dags/example_nested_branch_dag.py for tasks to queue
[2023-12-29T22:03:59.237+0000] {logging_mixin.py:188} INFO - [2023-12-29T22:03:59.219+0000] {dagbag.py:538} INFO - Filling up the DagBag from /home/airflow/.local/lib/python3.8/site-packages/airflow/example_dags/example_nested_branch_dag.py
[2023-12-29T22:03:59.509+0000] {processor.py:840} INFO - DAG(s) 'example_nested_branch_dag' retrieved from /home/airflow/.local/lib/python3.8/site-packages/airflow/example_dags/example_nested_branch_dag.py
[2023-12-29T22:04:00.368+0000] {logging_mixin.py:188} INFO - [2023-12-29T22:04:00.339+0000] {dag.py:3033} INFO - Sync 1 DAGs
[2023-12-29T22:04:01.176+0000] {logging_mixin.py:188} INFO - [2023-12-29T22:04:01.174+0000] {dag.py:3820} INFO - Setting next_dagrun for example_nested_branch_dag to 2023-12-28T00:00:00+00:00, run_after=2023-12-29T00:00:00+00:00
[2023-12-29T22:04:02.142+0000] {processor.py:183} INFO - Processing /home/airflow/.local/lib/python3.8/site-packages/airflow/example_dags/example_nested_branch_dag.py took 3.709 seconds
[2023-12-29T22:30:32.168+0000] {processor.py:161} INFO - Started process (PID=116) to work on /home/airflow/.local/lib/python3.8/site-packages/airflow/example_dags/example_nested_branch_dag.py
[2023-12-29T22:30:32.186+0000] {processor.py:830} INFO - Processing file /home/airflow/.local/lib/python3.8/site-packages/airflow/example_dags/example_nested_branch_dag.py for tasks to queue
[2023-12-29T22:30:32.221+0000] {logging_mixin.py:188} INFO - [2023-12-29T22:30:32.219+0000] {dagbag.py:538} INFO - Filling up the DagBag from /home/airflow/.local/lib/python3.8/site-packages/airflow/example_dags/example_nested_branch_dag.py
[2023-12-29T22:30:32.483+0000] {processor.py:840} INFO - DAG(s) 'example_nested_branch_dag' retrieved from /home/airflow/.local/lib/python3.8/site-packages/airflow/example_dags/example_nested_branch_dag.py
[2023-12-29T22:30:35.422+0000] {logging_mixin.py:188} INFO - [2023-12-29T22:30:35.421+0000] {dag.py:3033} INFO - Sync 1 DAGs
[2023-12-29T22:30:35.805+0000] {logging_mixin.py:188} INFO - [2023-12-29T22:30:35.804+0000] {dag.py:3820} INFO - Setting next_dagrun for example_nested_branch_dag to 2023-12-28T00:00:00+00:00, run_after=2023-12-29T00:00:00+00:00
[2023-12-29T22:30:36.138+0000] {processor.py:183} INFO - Processing /home/airflow/.local/lib/python3.8/site-packages/airflow/example_dags/example_nested_branch_dag.py took 4.063 seconds
[2023-12-29T22:33:03.807+0000] {processor.py:161} INFO - Started process (PID=195) to work on /home/airflow/.local/lib/python3.8/site-packages/airflow/example_dags/example_nested_branch_dag.py
[2023-12-29T22:33:03.984+0000] {processor.py:830} INFO - Processing file /home/airflow/.local/lib/python3.8/site-packages/airflow/example_dags/example_nested_branch_dag.py for tasks to queue
[2023-12-29T22:33:04.489+0000] {logging_mixin.py:188} INFO - [2023-12-29T22:33:04.488+0000] {dagbag.py:538} INFO - Filling up the DagBag from /home/airflow/.local/lib/python3.8/site-packages/airflow/example_dags/example_nested_branch_dag.py
[2023-12-29T22:33:05.973+0000] {processor.py:840} INFO - DAG(s) 'example_nested_branch_dag' retrieved from /home/airflow/.local/lib/python3.8/site-packages/airflow/example_dags/example_nested_branch_dag.py
[2023-12-29T22:33:07.538+0000] {logging_mixin.py:188} INFO - [2023-12-29T22:33:07.537+0000] {dag.py:3033} INFO - Sync 1 DAGs
[2023-12-29T22:33:08.423+0000] {logging_mixin.py:188} INFO - [2023-12-29T22:33:08.362+0000] {dag.py:3820} INFO - Setting next_dagrun for example_nested_branch_dag to 2023-12-28T00:00:00+00:00, run_after=2023-12-29T00:00:00+00:00
[2023-12-29T22:33:09.088+0000] {processor.py:183} INFO - Processing /home/airflow/.local/lib/python3.8/site-packages/airflow/example_dags/example_nested_branch_dag.py took 5.545 seconds
[2023-12-29T22:35:32.798+0000] {processor.py:161} INFO - Started process (PID=281) to work on /home/airflow/.local/lib/python3.8/site-packages/airflow/example_dags/example_nested_branch_dag.py
[2023-12-29T22:35:32.849+0000] {processor.py:830} INFO - Processing file /home/airflow/.local/lib/python3.8/site-packages/airflow/example_dags/example_nested_branch_dag.py for tasks to queue
[2023-12-29T22:35:32.913+0000] {logging_mixin.py:188} INFO - [2023-12-29T22:35:32.901+0000] {dagbag.py:538} INFO - Filling up the DagBag from /home/airflow/.local/lib/python3.8/site-packages/airflow/example_dags/example_nested_branch_dag.py
[2023-12-29T22:35:33.223+0000] {processor.py:840} INFO - DAG(s) 'example_nested_branch_dag' retrieved from /home/airflow/.local/lib/python3.8/site-packages/airflow/example_dags/example_nested_branch_dag.py
[2023-12-29T22:35:33.690+0000] {logging_mixin.py:188} INFO - [2023-12-29T22:35:33.676+0000] {dag.py:3033} INFO - Sync 1 DAGs
[2023-12-29T22:35:34.377+0000] {logging_mixin.py:188} INFO - [2023-12-29T22:35:34.375+0000] {dag.py:3820} INFO - Setting next_dagrun for example_nested_branch_dag to 2023-12-28T00:00:00+00:00, run_after=2023-12-29T00:00:00+00:00
[2023-12-29T22:35:34.924+0000] {processor.py:183} INFO - Processing /home/airflow/.local/lib/python3.8/site-packages/airflow/example_dags/example_nested_branch_dag.py took 2.334 seconds
