[2023-12-29T21:57:50.496+0000] {processor.py:161} INFO - Started process (PID=133) to work on /home/airflow/.local/lib/python3.8/site-packages/airflow/example_dags/example_setup_teardown.py
[2023-12-29T21:57:50.513+0000] {processor.py:830} INFO - Processing file /home/airflow/.local/lib/python3.8/site-packages/airflow/example_dags/example_setup_teardown.py for tasks to queue
[2023-12-29T21:57:50.539+0000] {logging_mixin.py:188} INFO - [2023-12-29T21:57:50.537+0000] {dagbag.py:538} INFO - Filling up the DagBag from /home/airflow/.local/lib/python3.8/site-packages/airflow/example_dags/example_setup_teardown.py
[2023-12-29T21:57:50.654+0000] {processor.py:840} INFO - DAG(s) 'example_setup_teardown' retrieved from /home/airflow/.local/lib/python3.8/site-packages/airflow/example_dags/example_setup_teardown.py
[2023-12-29T21:57:53.476+0000] {logging_mixin.py:188} INFO - [2023-12-29T21:57:53.475+0000] {dag.py:3033} INFO - Sync 1 DAGs
[2023-12-29T21:57:53.926+0000] {logging_mixin.py:188} INFO - [2023-12-29T21:57:53.924+0000] {dag.py:3820} INFO - Setting next_dagrun for example_setup_teardown to 2023-12-28T00:00:00+00:00, run_after=2023-12-29T00:00:00+00:00
[2023-12-29T21:57:54.299+0000] {processor.py:183} INFO - Processing /home/airflow/.local/lib/python3.8/site-packages/airflow/example_dags/example_setup_teardown.py took 3.861 seconds
[2023-12-29T22:00:05.019+0000] {processor.py:161} INFO - Started process (PID=223) to work on /home/airflow/.local/lib/python3.8/site-packages/airflow/example_dags/example_setup_teardown.py
[2023-12-29T22:00:05.036+0000] {processor.py:830} INFO - Processing file /home/airflow/.local/lib/python3.8/site-packages/airflow/example_dags/example_setup_teardown.py for tasks to queue
[2023-12-29T22:00:05.107+0000] {logging_mixin.py:188} INFO - [2023-12-29T22:00:05.106+0000] {dagbag.py:538} INFO - Filling up the DagBag from /home/airflow/.local/lib/python3.8/site-packages/airflow/example_dags/example_setup_teardown.py
[2023-12-29T22:00:05.397+0000] {processor.py:840} INFO - DAG(s) 'example_setup_teardown' retrieved from /home/airflow/.local/lib/python3.8/site-packages/airflow/example_dags/example_setup_teardown.py
[2023-12-29T22:00:05.888+0000] {logging_mixin.py:188} INFO - [2023-12-29T22:00:05.887+0000] {dag.py:3033} INFO - Sync 1 DAGs
[2023-12-29T22:00:06.471+0000] {logging_mixin.py:188} INFO - [2023-12-29T22:00:06.470+0000] {dag.py:3820} INFO - Setting next_dagrun for example_setup_teardown to 2023-12-28T00:00:00+00:00, run_after=2023-12-29T00:00:00+00:00
[2023-12-29T22:00:06.909+0000] {processor.py:183} INFO - Processing /home/airflow/.local/lib/python3.8/site-packages/airflow/example_dags/example_setup_teardown.py took 1.999 seconds
[2023-12-29T22:01:38.471+0000] {processor.py:161} INFO - Started process (PID=297) to work on /home/airflow/.local/lib/python3.8/site-packages/airflow/example_dags/example_setup_teardown.py
[2023-12-29T22:01:38.503+0000] {processor.py:830} INFO - Processing file /home/airflow/.local/lib/python3.8/site-packages/airflow/example_dags/example_setup_teardown.py for tasks to queue
[2023-12-29T22:01:38.532+0000] {logging_mixin.py:188} INFO - [2023-12-29T22:01:38.530+0000] {dagbag.py:538} INFO - Filling up the DagBag from /home/airflow/.local/lib/python3.8/site-packages/airflow/example_dags/example_setup_teardown.py
[2023-12-29T22:01:38.675+0000] {processor.py:840} INFO - DAG(s) 'example_setup_teardown' retrieved from /home/airflow/.local/lib/python3.8/site-packages/airflow/example_dags/example_setup_teardown.py
[2023-12-29T22:01:39.188+0000] {logging_mixin.py:188} INFO - [2023-12-29T22:01:39.187+0000] {dag.py:3033} INFO - Sync 1 DAGs
[2023-12-29T22:01:40.101+0000] {logging_mixin.py:188} INFO - [2023-12-29T22:01:40.074+0000] {dag.py:3820} INFO - Setting next_dagrun for example_setup_teardown to 2023-12-28T00:00:00+00:00, run_after=2023-12-29T00:00:00+00:00
[2023-12-29T22:01:40.586+0000] {processor.py:183} INFO - Processing /home/airflow/.local/lib/python3.8/site-packages/airflow/example_dags/example_setup_teardown.py took 2.333 seconds
[2023-12-29T22:02:54.258+0000] {processor.py:161} INFO - Started process (PID=368) to work on /home/airflow/.local/lib/python3.8/site-packages/airflow/example_dags/example_setup_teardown.py
[2023-12-29T22:02:54.304+0000] {processor.py:830} INFO - Processing file /home/airflow/.local/lib/python3.8/site-packages/airflow/example_dags/example_setup_teardown.py for tasks to queue
[2023-12-29T22:02:54.452+0000] {logging_mixin.py:188} INFO - [2023-12-29T22:02:54.451+0000] {dagbag.py:538} INFO - Filling up the DagBag from /home/airflow/.local/lib/python3.8/site-packages/airflow/example_dags/example_setup_teardown.py
[2023-12-29T22:02:54.727+0000] {processor.py:840} INFO - DAG(s) 'example_setup_teardown' retrieved from /home/airflow/.local/lib/python3.8/site-packages/airflow/example_dags/example_setup_teardown.py
[2023-12-29T22:02:55.070+0000] {logging_mixin.py:188} INFO - [2023-12-29T22:02:55.069+0000] {dag.py:3033} INFO - Sync 1 DAGs
[2023-12-29T22:02:55.633+0000] {logging_mixin.py:188} INFO - [2023-12-29T22:02:55.631+0000] {dag.py:3820} INFO - Setting next_dagrun for example_setup_teardown to 2023-12-28T00:00:00+00:00, run_after=2023-12-29T00:00:00+00:00
[2023-12-29T22:02:56.029+0000] {processor.py:183} INFO - Processing /home/airflow/.local/lib/python3.8/site-packages/airflow/example_dags/example_setup_teardown.py took 1.983 seconds
[2023-12-29T22:30:49.271+0000] {processor.py:161} INFO - Started process (PID=128) to work on /home/airflow/.local/lib/python3.8/site-packages/airflow/example_dags/example_setup_teardown.py
[2023-12-29T22:30:49.307+0000] {processor.py:830} INFO - Processing file /home/airflow/.local/lib/python3.8/site-packages/airflow/example_dags/example_setup_teardown.py for tasks to queue
[2023-12-29T22:30:49.521+0000] {logging_mixin.py:188} INFO - [2023-12-29T22:30:49.519+0000] {dagbag.py:538} INFO - Filling up the DagBag from /home/airflow/.local/lib/python3.8/site-packages/airflow/example_dags/example_setup_teardown.py
[2023-12-29T22:30:50.061+0000] {processor.py:840} INFO - DAG(s) 'example_setup_teardown' retrieved from /home/airflow/.local/lib/python3.8/site-packages/airflow/example_dags/example_setup_teardown.py
[2023-12-29T22:30:58.167+0000] {logging_mixin.py:188} INFO - [2023-12-29T22:30:58.166+0000] {dag.py:3033} INFO - Sync 1 DAGs
[2023-12-29T22:30:59.250+0000] {logging_mixin.py:188} INFO - [2023-12-29T22:30:59.249+0000] {dag.py:3820} INFO - Setting next_dagrun for example_setup_teardown to 2023-12-28T00:00:00+00:00, run_after=2023-12-29T00:00:00+00:00
[2023-12-29T22:30:59.659+0000] {processor.py:183} INFO - Processing /home/airflow/.local/lib/python3.8/site-packages/airflow/example_dags/example_setup_teardown.py took 10.530 seconds
[2023-12-29T22:33:57.239+0000] {processor.py:161} INFO - Started process (PID=230) to work on /home/airflow/.local/lib/python3.8/site-packages/airflow/example_dags/example_setup_teardown.py
[2023-12-29T22:33:57.256+0000] {processor.py:830} INFO - Processing file /home/airflow/.local/lib/python3.8/site-packages/airflow/example_dags/example_setup_teardown.py for tasks to queue
[2023-12-29T22:33:57.344+0000] {logging_mixin.py:188} INFO - [2023-12-29T22:33:57.341+0000] {dagbag.py:538} INFO - Filling up the DagBag from /home/airflow/.local/lib/python3.8/site-packages/airflow/example_dags/example_setup_teardown.py
[2023-12-29T22:33:57.854+0000] {processor.py:840} INFO - DAG(s) 'example_setup_teardown' retrieved from /home/airflow/.local/lib/python3.8/site-packages/airflow/example_dags/example_setup_teardown.py
[2023-12-29T22:33:58.276+0000] {logging_mixin.py:188} INFO - [2023-12-29T22:33:58.274+0000] {dag.py:3033} INFO - Sync 1 DAGs
[2023-12-29T22:33:59.118+0000] {logging_mixin.py:188} INFO - [2023-12-29T22:33:59.117+0000] {dag.py:3820} INFO - Setting next_dagrun for example_setup_teardown to 2023-12-28T00:00:00+00:00, run_after=2023-12-29T00:00:00+00:00
[2023-12-29T22:33:59.872+0000] {processor.py:183} INFO - Processing /home/airflow/.local/lib/python3.8/site-packages/airflow/example_dags/example_setup_teardown.py took 2.687 seconds
[2023-12-29T22:36:41.339+0000] {processor.py:161} INFO - Started process (PID=324) to work on /home/airflow/.local/lib/python3.8/site-packages/airflow/example_dags/example_setup_teardown.py
[2023-12-29T22:36:41.357+0000] {processor.py:830} INFO - Processing file /home/airflow/.local/lib/python3.8/site-packages/airflow/example_dags/example_setup_teardown.py for tasks to queue
[2023-12-29T22:36:41.444+0000] {logging_mixin.py:188} INFO - [2023-12-29T22:36:41.441+0000] {dagbag.py:538} INFO - Filling up the DagBag from /home/airflow/.local/lib/python3.8/site-packages/airflow/example_dags/example_setup_teardown.py
[2023-12-29T22:36:42.113+0000] {processor.py:840} INFO - DAG(s) 'example_setup_teardown' retrieved from /home/airflow/.local/lib/python3.8/site-packages/airflow/example_dags/example_setup_teardown.py
[2023-12-29T22:36:42.918+0000] {logging_mixin.py:188} INFO - [2023-12-29T22:36:42.916+0000] {dag.py:3033} INFO - Sync 1 DAGs
[2023-12-29T22:36:45.555+0000] {logging_mixin.py:188} INFO - [2023-12-29T22:36:45.553+0000] {dag.py:3820} INFO - Setting next_dagrun for example_setup_teardown to 2023-12-28T00:00:00+00:00, run_after=2023-12-29T00:00:00+00:00
[2023-12-29T22:36:46.728+0000] {processor.py:183} INFO - Processing /home/airflow/.local/lib/python3.8/site-packages/airflow/example_dags/example_setup_teardown.py took 5.493 seconds
