[2023-12-29T21:51:14.341+0000] {processor.py:161} INFO - Started process (PID=93) to work on /home/airflow/.local/lib/python3.8/site-packages/airflow/example_dags/example_branch_datetime_operator.py
[2023-12-29T21:51:14.436+0000] {processor.py:830} INFO - Processing file /home/airflow/.local/lib/python3.8/site-packages/airflow/example_dags/example_branch_datetime_operator.py for tasks to queue
[2023-12-29T21:51:15.120+0000] {logging_mixin.py:188} INFO - [2023-12-29T21:51:15.118+0000] {dagbag.py:538} INFO - Filling up the DagBag from /home/airflow/.local/lib/python3.8/site-packages/airflow/example_dags/example_branch_datetime_operator.py
[2023-12-29T21:51:35.264+0000] {logging_mixin.py:188} INFO - [2023-12-29T21:51:35.261+0000] {process_utils.py:262} INFO - Waiting up to 5 seconds for processes to exit...
[2023-12-29T21:55:43.239+0000] {processor.py:161} INFO - Started process (PID=75) to work on /home/airflow/.local/lib/python3.8/site-packages/airflow/example_dags/example_branch_datetime_operator.py
[2023-12-29T21:55:43.492+0000] {processor.py:830} INFO - Processing file /home/airflow/.local/lib/python3.8/site-packages/airflow/example_dags/example_branch_datetime_operator.py for tasks to queue
[2023-12-29T21:55:43.887+0000] {logging_mixin.py:188} INFO - [2023-12-29T21:55:43.884+0000] {dagbag.py:538} INFO - Filling up the DagBag from /home/airflow/.local/lib/python3.8/site-packages/airflow/example_dags/example_branch_datetime_operator.py
[2023-12-29T21:55:45.235+0000] {processor.py:840} INFO - DAG(s) 'example_branch_datetime_operator_2', 'example_branch_datetime_operator', 'example_branch_datetime_operator_3' retrieved from /home/airflow/.local/lib/python3.8/site-packages/airflow/example_dags/example_branch_datetime_operator.py
[2023-12-29T21:55:50.196+0000] {logging_mixin.py:188} INFO - [2023-12-29T21:55:50.122+0000] {dag.py:3033} INFO - Sync 3 DAGs
[2023-12-29T21:55:52.428+0000] {logging_mixin.py:188} INFO - [2023-12-29T21:55:52.415+0000] {dag.py:3820} INFO - Setting next_dagrun for example_branch_datetime_operator to 2023-12-28T00:00:00+00:00, run_after=2023-12-29T00:00:00+00:00
[2023-12-29T21:55:52.517+0000] {logging_mixin.py:188} INFO - [2023-12-29T21:55:52.506+0000] {dag.py:3820} INFO - Setting next_dagrun for example_branch_datetime_operator_2 to 2023-12-28T00:00:00+00:00, run_after=2023-12-29T00:00:00+00:00
[2023-12-29T21:55:52.554+0000] {logging_mixin.py:188} INFO - [2023-12-29T21:55:52.552+0000] {dag.py:3820} INFO - Setting next_dagrun for example_branch_datetime_operator_3 to 2023-12-28T00:00:00+00:00, run_after=2023-12-29T00:00:00+00:00
[2023-12-29T21:55:53.374+0000] {processor.py:183} INFO - Processing /home/airflow/.local/lib/python3.8/site-packages/airflow/example_dags/example_branch_datetime_operator.py took 10.970 seconds
[2023-12-29T21:58:25.468+0000] {processor.py:161} INFO - Started process (PID=153) to work on /home/airflow/.local/lib/python3.8/site-packages/airflow/example_dags/example_branch_datetime_operator.py
[2023-12-29T21:58:25.474+0000] {processor.py:830} INFO - Processing file /home/airflow/.local/lib/python3.8/site-packages/airflow/example_dags/example_branch_datetime_operator.py for tasks to queue
[2023-12-29T21:58:25.511+0000] {logging_mixin.py:188} INFO - [2023-12-29T21:58:25.509+0000] {dagbag.py:538} INFO - Filling up the DagBag from /home/airflow/.local/lib/python3.8/site-packages/airflow/example_dags/example_branch_datetime_operator.py
[2023-12-29T21:58:25.946+0000] {processor.py:840} INFO - DAG(s) 'example_branch_datetime_operator', 'example_branch_datetime_operator_3', 'example_branch_datetime_operator_2' retrieved from /home/airflow/.local/lib/python3.8/site-packages/airflow/example_dags/example_branch_datetime_operator.py
[2023-12-29T21:58:27.521+0000] {logging_mixin.py:188} INFO - [2023-12-29T21:58:27.520+0000] {dag.py:3033} INFO - Sync 3 DAGs
[2023-12-29T21:58:27.958+0000] {logging_mixin.py:188} INFO - [2023-12-29T21:58:27.956+0000] {dag.py:3820} INFO - Setting next_dagrun for example_branch_datetime_operator to 2023-12-28T00:00:00+00:00, run_after=2023-12-29T00:00:00+00:00
[2023-12-29T21:58:28.052+0000] {logging_mixin.py:188} INFO - [2023-12-29T21:58:28.041+0000] {dag.py:3820} INFO - Setting next_dagrun for example_branch_datetime_operator_2 to 2023-12-28T00:00:00+00:00, run_after=2023-12-29T00:00:00+00:00
[2023-12-29T21:58:28.113+0000] {logging_mixin.py:188} INFO - [2023-12-29T21:58:28.101+0000] {dag.py:3820} INFO - Setting next_dagrun for example_branch_datetime_operator_3 to 2023-12-28T00:00:00+00:00, run_after=2023-12-29T00:00:00+00:00
[2023-12-29T21:58:28.395+0000] {processor.py:183} INFO - Processing /home/airflow/.local/lib/python3.8/site-packages/airflow/example_dags/example_branch_datetime_operator.py took 2.993 seconds
[2023-12-29T21:59:39.315+0000] {processor.py:161} INFO - Started process (PID=205) to work on /home/airflow/.local/lib/python3.8/site-packages/airflow/example_dags/example_branch_datetime_operator.py
[2023-12-29T21:59:39.322+0000] {processor.py:830} INFO - Processing file /home/airflow/.local/lib/python3.8/site-packages/airflow/example_dags/example_branch_datetime_operator.py for tasks to queue
[2023-12-29T21:59:39.358+0000] {logging_mixin.py:188} INFO - [2023-12-29T21:59:39.356+0000] {dagbag.py:538} INFO - Filling up the DagBag from /home/airflow/.local/lib/python3.8/site-packages/airflow/example_dags/example_branch_datetime_operator.py
[2023-12-29T21:59:39.659+0000] {processor.py:840} INFO - DAG(s) 'example_branch_datetime_operator_3', 'example_branch_datetime_operator', 'example_branch_datetime_operator_2' retrieved from /home/airflow/.local/lib/python3.8/site-packages/airflow/example_dags/example_branch_datetime_operator.py
[2023-12-29T21:59:40.357+0000] {logging_mixin.py:188} INFO - [2023-12-29T21:59:40.352+0000] {dag.py:3033} INFO - Sync 3 DAGs
[2023-12-29T21:59:40.807+0000] {logging_mixin.py:188} INFO - [2023-12-29T21:59:40.805+0000] {dag.py:3820} INFO - Setting next_dagrun for example_branch_datetime_operator to 2023-12-28T00:00:00+00:00, run_after=2023-12-29T00:00:00+00:00
[2023-12-29T21:59:40.881+0000] {logging_mixin.py:188} INFO - [2023-12-29T21:59:40.880+0000] {dag.py:3820} INFO - Setting next_dagrun for example_branch_datetime_operator_2 to 2023-12-28T00:00:00+00:00, run_after=2023-12-29T00:00:00+00:00
[2023-12-29T21:59:40.942+0000] {logging_mixin.py:188} INFO - [2023-12-29T21:59:40.931+0000] {dag.py:3820} INFO - Setting next_dagrun for example_branch_datetime_operator_3 to 2023-12-28T00:00:00+00:00, run_after=2023-12-29T00:00:00+00:00
[2023-12-29T21:59:41.219+0000] {processor.py:183} INFO - Processing /home/airflow/.local/lib/python3.8/site-packages/airflow/example_dags/example_branch_datetime_operator.py took 1.964 seconds
[2023-12-29T22:00:34.748+0000] {processor.py:161} INFO - Started process (PID=244) to work on /home/airflow/.local/lib/python3.8/site-packages/airflow/example_dags/example_branch_datetime_operator.py
[2023-12-29T22:00:34.754+0000] {processor.py:830} INFO - Processing file /home/airflow/.local/lib/python3.8/site-packages/airflow/example_dags/example_branch_datetime_operator.py for tasks to queue
[2023-12-29T22:00:34.794+0000] {logging_mixin.py:188} INFO - [2023-12-29T22:00:34.792+0000] {dagbag.py:538} INFO - Filling up the DagBag from /home/airflow/.local/lib/python3.8/site-packages/airflow/example_dags/example_branch_datetime_operator.py
[2023-12-29T22:00:34.953+0000] {processor.py:840} INFO - DAG(s) 'example_branch_datetime_operator_2', 'example_branch_datetime_operator', 'example_branch_datetime_operator_3' retrieved from /home/airflow/.local/lib/python3.8/site-packages/airflow/example_dags/example_branch_datetime_operator.py
[2023-12-29T22:00:35.529+0000] {logging_mixin.py:188} INFO - [2023-12-29T22:00:35.528+0000] {dag.py:3033} INFO - Sync 3 DAGs
[2023-12-29T22:00:36.475+0000] {logging_mixin.py:188} INFO - [2023-12-29T22:00:36.474+0000] {dag.py:3820} INFO - Setting next_dagrun for example_branch_datetime_operator to 2023-12-28T00:00:00+00:00, run_after=2023-12-29T00:00:00+00:00
[2023-12-29T22:00:36.564+0000] {logging_mixin.py:188} INFO - [2023-12-29T22:00:36.563+0000] {dag.py:3820} INFO - Setting next_dagrun for example_branch_datetime_operator_2 to 2023-12-28T00:00:00+00:00, run_after=2023-12-29T00:00:00+00:00
[2023-12-29T22:00:36.595+0000] {logging_mixin.py:188} INFO - [2023-12-29T22:00:36.594+0000] {dag.py:3820} INFO - Setting next_dagrun for example_branch_datetime_operator_3 to 2023-12-28T00:00:00+00:00, run_after=2023-12-29T00:00:00+00:00
[2023-12-29T22:00:37.067+0000] {processor.py:183} INFO - Processing /home/airflow/.local/lib/python3.8/site-packages/airflow/example_dags/example_branch_datetime_operator.py took 2.378 seconds
[2023-12-29T22:01:17.000+0000] {processor.py:161} INFO - Started process (PID=286) to work on /home/airflow/.local/lib/python3.8/site-packages/airflow/example_dags/example_branch_datetime_operator.py
[2023-12-29T22:01:17.017+0000] {processor.py:830} INFO - Processing file /home/airflow/.local/lib/python3.8/site-packages/airflow/example_dags/example_branch_datetime_operator.py for tasks to queue
[2023-12-29T22:01:17.076+0000] {logging_mixin.py:188} INFO - [2023-12-29T22:01:17.074+0000] {dagbag.py:538} INFO - Filling up the DagBag from /home/airflow/.local/lib/python3.8/site-packages/airflow/example_dags/example_branch_datetime_operator.py
[2023-12-29T22:01:17.438+0000] {processor.py:840} INFO - DAG(s) 'example_branch_datetime_operator_3', 'example_branch_datetime_operator_2', 'example_branch_datetime_operator' retrieved from /home/airflow/.local/lib/python3.8/site-packages/airflow/example_dags/example_branch_datetime_operator.py
[2023-12-29T22:01:17.924+0000] {logging_mixin.py:188} INFO - [2023-12-29T22:01:17.923+0000] {dag.py:3033} INFO - Sync 3 DAGs
[2023-12-29T22:01:19.606+0000] {logging_mixin.py:188} INFO - [2023-12-29T22:01:19.605+0000] {dag.py:3820} INFO - Setting next_dagrun for example_branch_datetime_operator to 2023-12-28T00:00:00+00:00, run_after=2023-12-29T00:00:00+00:00
[2023-12-29T22:01:19.923+0000] {logging_mixin.py:188} INFO - [2023-12-29T22:01:19.922+0000] {dag.py:3820} INFO - Setting next_dagrun for example_branch_datetime_operator_2 to 2023-12-28T00:00:00+00:00, run_after=2023-12-29T00:00:00+00:00
[2023-12-29T22:01:20.025+0000] {logging_mixin.py:188} INFO - [2023-12-29T22:01:20.023+0000] {dag.py:3820} INFO - Setting next_dagrun for example_branch_datetime_operator_3 to 2023-12-28T00:00:00+00:00, run_after=2023-12-29T00:00:00+00:00
[2023-12-29T22:01:20.641+0000] {processor.py:183} INFO - Processing /home/airflow/.local/lib/python3.8/site-packages/airflow/example_dags/example_branch_datetime_operator.py took 3.709 seconds
[2023-12-29T22:01:59.715+0000] {processor.py:161} INFO - Started process (PID=317) to work on /home/airflow/.local/lib/python3.8/site-packages/airflow/example_dags/example_branch_datetime_operator.py
[2023-12-29T22:01:59.734+0000] {processor.py:830} INFO - Processing file /home/airflow/.local/lib/python3.8/site-packages/airflow/example_dags/example_branch_datetime_operator.py for tasks to queue
[2023-12-29T22:01:59.776+0000] {logging_mixin.py:188} INFO - [2023-12-29T22:01:59.774+0000] {dagbag.py:538} INFO - Filling up the DagBag from /home/airflow/.local/lib/python3.8/site-packages/airflow/example_dags/example_branch_datetime_operator.py
[2023-12-29T22:02:00.484+0000] {processor.py:840} INFO - DAG(s) 'example_branch_datetime_operator_3', 'example_branch_datetime_operator', 'example_branch_datetime_operator_2' retrieved from /home/airflow/.local/lib/python3.8/site-packages/airflow/example_dags/example_branch_datetime_operator.py
[2023-12-29T22:02:01.404+0000] {logging_mixin.py:188} INFO - [2023-12-29T22:02:01.401+0000] {dag.py:3033} INFO - Sync 3 DAGs
[2023-12-29T22:02:02.467+0000] {logging_mixin.py:188} INFO - [2023-12-29T22:02:02.466+0000] {dag.py:3820} INFO - Setting next_dagrun for example_branch_datetime_operator to 2023-12-28T00:00:00+00:00, run_after=2023-12-29T00:00:00+00:00
[2023-12-29T22:02:02.555+0000] {logging_mixin.py:188} INFO - [2023-12-29T22:02:02.554+0000] {dag.py:3820} INFO - Setting next_dagrun for example_branch_datetime_operator_2 to 2023-12-28T00:00:00+00:00, run_after=2023-12-29T00:00:00+00:00
[2023-12-29T22:02:02.602+0000] {logging_mixin.py:188} INFO - [2023-12-29T22:02:02.601+0000] {dag.py:3820} INFO - Setting next_dagrun for example_branch_datetime_operator_3 to 2023-12-28T00:00:00+00:00, run_after=2023-12-29T00:00:00+00:00
[2023-12-29T22:02:02.846+0000] {processor.py:183} INFO - Processing /home/airflow/.local/lib/python3.8/site-packages/airflow/example_dags/example_branch_datetime_operator.py took 3.233 seconds
[2023-12-29T22:03:19.401+0000] {processor.py:161} INFO - Started process (PID=388) to work on /home/airflow/.local/lib/python3.8/site-packages/airflow/example_dags/example_branch_datetime_operator.py
[2023-12-29T22:03:19.416+0000] {processor.py:830} INFO - Processing file /home/airflow/.local/lib/python3.8/site-packages/airflow/example_dags/example_branch_datetime_operator.py for tasks to queue
[2023-12-29T22:03:19.478+0000] {logging_mixin.py:188} INFO - [2023-12-29T22:03:19.476+0000] {dagbag.py:538} INFO - Filling up the DagBag from /home/airflow/.local/lib/python3.8/site-packages/airflow/example_dags/example_branch_datetime_operator.py
[2023-12-29T22:03:19.654+0000] {processor.py:840} INFO - DAG(s) 'example_branch_datetime_operator', 'example_branch_datetime_operator_2', 'example_branch_datetime_operator_3' retrieved from /home/airflow/.local/lib/python3.8/site-packages/airflow/example_dags/example_branch_datetime_operator.py
[2023-12-29T22:03:20.046+0000] {logging_mixin.py:188} INFO - [2023-12-29T22:03:20.044+0000] {dag.py:3033} INFO - Sync 3 DAGs
[2023-12-29T22:03:21.140+0000] {logging_mixin.py:188} INFO - [2023-12-29T22:03:21.139+0000] {dag.py:3820} INFO - Setting next_dagrun for example_branch_datetime_operator to 2023-12-28T00:00:00+00:00, run_after=2023-12-29T00:00:00+00:00
[2023-12-29T22:03:21.328+0000] {logging_mixin.py:188} INFO - [2023-12-29T22:03:21.327+0000] {dag.py:3820} INFO - Setting next_dagrun for example_branch_datetime_operator_2 to 2023-12-28T00:00:00+00:00, run_after=2023-12-29T00:00:00+00:00
[2023-12-29T22:03:21.562+0000] {logging_mixin.py:188} INFO - [2023-12-29T22:03:21.521+0000] {dag.py:3820} INFO - Setting next_dagrun for example_branch_datetime_operator_3 to 2023-12-28T00:00:00+00:00, run_after=2023-12-29T00:00:00+00:00
[2023-12-29T22:03:22.035+0000] {processor.py:183} INFO - Processing /home/airflow/.local/lib/python3.8/site-packages/airflow/example_dags/example_branch_datetime_operator.py took 2.688 seconds
[2023-12-29T22:04:12.935+0000] {processor.py:161} INFO - Started process (PID=424) to work on /home/airflow/.local/lib/python3.8/site-packages/airflow/example_dags/example_branch_datetime_operator.py
[2023-12-29T22:04:12.952+0000] {processor.py:830} INFO - Processing file /home/airflow/.local/lib/python3.8/site-packages/airflow/example_dags/example_branch_datetime_operator.py for tasks to queue
[2023-12-29T22:04:13.047+0000] {logging_mixin.py:188} INFO - [2023-12-29T22:04:13.046+0000] {dagbag.py:538} INFO - Filling up the DagBag from /home/airflow/.local/lib/python3.8/site-packages/airflow/example_dags/example_branch_datetime_operator.py
[2023-12-29T22:04:13.912+0000] {processor.py:840} INFO - DAG(s) 'example_branch_datetime_operator_2', 'example_branch_datetime_operator', 'example_branch_datetime_operator_3' retrieved from /home/airflow/.local/lib/python3.8/site-packages/airflow/example_dags/example_branch_datetime_operator.py
[2023-12-29T22:04:15.464+0000] {logging_mixin.py:188} INFO - [2023-12-29T22:04:15.462+0000] {dag.py:3033} INFO - Sync 3 DAGs
[2023-12-29T22:04:16.576+0000] {logging_mixin.py:188} INFO - [2023-12-29T22:04:16.574+0000] {dag.py:3820} INFO - Setting next_dagrun for example_branch_datetime_operator to 2023-12-28T00:00:00+00:00, run_after=2023-12-29T00:00:00+00:00
[2023-12-29T22:04:16.683+0000] {logging_mixin.py:188} INFO - [2023-12-29T22:04:16.681+0000] {dag.py:3820} INFO - Setting next_dagrun for example_branch_datetime_operator_2 to 2023-12-28T00:00:00+00:00, run_after=2023-12-29T00:00:00+00:00
[2023-12-29T22:04:16.748+0000] {logging_mixin.py:188} INFO - [2023-12-29T22:04:16.747+0000] {dag.py:3820} INFO - Setting next_dagrun for example_branch_datetime_operator_3 to 2023-12-28T00:00:00+00:00, run_after=2023-12-29T00:00:00+00:00
[2023-12-29T22:04:17.361+0000] {processor.py:183} INFO - Processing /home/airflow/.local/lib/python3.8/site-packages/airflow/example_dags/example_branch_datetime_operator.py took 4.739 seconds
[2023-12-29T22:28:43.467+0000] {processor.py:161} INFO - Started process (PID=69) to work on /home/airflow/.local/lib/python3.8/site-packages/airflow/example_dags/example_branch_datetime_operator.py
[2023-12-29T22:28:43.492+0000] {processor.py:830} INFO - Processing file /home/airflow/.local/lib/python3.8/site-packages/airflow/example_dags/example_branch_datetime_operator.py for tasks to queue
[2023-12-29T22:28:43.535+0000] {logging_mixin.py:188} INFO - [2023-12-29T22:28:43.528+0000] {dagbag.py:538} INFO - Filling up the DagBag from /home/airflow/.local/lib/python3.8/site-packages/airflow/example_dags/example_branch_datetime_operator.py
[2023-12-29T22:28:43.977+0000] {processor.py:840} INFO - DAG(s) 'example_branch_datetime_operator_3', 'example_branch_datetime_operator', 'example_branch_datetime_operator_2' retrieved from /home/airflow/.local/lib/python3.8/site-packages/airflow/example_dags/example_branch_datetime_operator.py
[2023-12-29T22:28:47.329+0000] {logging_mixin.py:188} INFO - [2023-12-29T22:28:47.328+0000] {dag.py:3033} INFO - Sync 3 DAGs
[2023-12-29T22:28:48.124+0000] {logging_mixin.py:188} INFO - [2023-12-29T22:28:48.123+0000] {dag.py:3820} INFO - Setting next_dagrun for example_branch_datetime_operator to 2023-12-28T00:00:00+00:00, run_after=2023-12-29T00:00:00+00:00
[2023-12-29T22:28:48.251+0000] {logging_mixin.py:188} INFO - [2023-12-29T22:28:48.249+0000] {dag.py:3820} INFO - Setting next_dagrun for example_branch_datetime_operator_2 to 2023-12-28T00:00:00+00:00, run_after=2023-12-29T00:00:00+00:00
[2023-12-29T22:28:48.314+0000] {logging_mixin.py:188} INFO - [2023-12-29T22:28:48.313+0000] {dag.py:3820} INFO - Setting next_dagrun for example_branch_datetime_operator_3 to 2023-12-28T00:00:00+00:00, run_after=2023-12-29T00:00:00+00:00
[2023-12-29T22:28:48.624+0000] {processor.py:183} INFO - Processing /home/airflow/.local/lib/python3.8/site-packages/airflow/example_dags/example_branch_datetime_operator.py took 5.229 seconds
[2023-12-29T22:31:37.710+0000] {processor.py:161} INFO - Started process (PID=148) to work on /home/airflow/.local/lib/python3.8/site-packages/airflow/example_dags/example_branch_datetime_operator.py
[2023-12-29T22:31:37.717+0000] {processor.py:830} INFO - Processing file /home/airflow/.local/lib/python3.8/site-packages/airflow/example_dags/example_branch_datetime_operator.py for tasks to queue
[2023-12-29T22:31:37.759+0000] {logging_mixin.py:188} INFO - [2023-12-29T22:31:37.757+0000] {dagbag.py:538} INFO - Filling up the DagBag from /home/airflow/.local/lib/python3.8/site-packages/airflow/example_dags/example_branch_datetime_operator.py
[2023-12-29T22:31:38.174+0000] {processor.py:840} INFO - DAG(s) 'example_branch_datetime_operator', 'example_branch_datetime_operator_3', 'example_branch_datetime_operator_2' retrieved from /home/airflow/.local/lib/python3.8/site-packages/airflow/example_dags/example_branch_datetime_operator.py
[2023-12-29T22:31:38.676+0000] {logging_mixin.py:188} INFO - [2023-12-29T22:31:38.674+0000] {dag.py:3033} INFO - Sync 3 DAGs
[2023-12-29T22:31:39.684+0000] {logging_mixin.py:188} INFO - [2023-12-29T22:31:39.683+0000] {dag.py:3820} INFO - Setting next_dagrun for example_branch_datetime_operator to 2023-12-28T00:00:00+00:00, run_after=2023-12-29T00:00:00+00:00
[2023-12-29T22:31:39.800+0000] {logging_mixin.py:188} INFO - [2023-12-29T22:31:39.799+0000] {dag.py:3820} INFO - Setting next_dagrun for example_branch_datetime_operator_2 to 2023-12-28T00:00:00+00:00, run_after=2023-12-29T00:00:00+00:00
[2023-12-29T22:31:39.903+0000] {logging_mixin.py:188} INFO - [2023-12-29T22:31:39.902+0000] {dag.py:3820} INFO - Setting next_dagrun for example_branch_datetime_operator_3 to 2023-12-28T00:00:00+00:00, run_after=2023-12-29T00:00:00+00:00
[2023-12-29T22:31:40.169+0000] {processor.py:183} INFO - Processing /home/airflow/.local/lib/python3.8/site-packages/airflow/example_dags/example_branch_datetime_operator.py took 2.544 seconds
[2023-12-29T22:33:18.530+0000] {processor.py:161} INFO - Started process (PID=204) to work on /home/airflow/.local/lib/python3.8/site-packages/airflow/example_dags/example_branch_datetime_operator.py
[2023-12-29T22:33:18.559+0000] {processor.py:830} INFO - Processing file /home/airflow/.local/lib/python3.8/site-packages/airflow/example_dags/example_branch_datetime_operator.py for tasks to queue
[2023-12-29T22:33:18.616+0000] {logging_mixin.py:188} INFO - [2023-12-29T22:33:18.614+0000] {dagbag.py:538} INFO - Filling up the DagBag from /home/airflow/.local/lib/python3.8/site-packages/airflow/example_dags/example_branch_datetime_operator.py
[2023-12-29T22:33:19.112+0000] {processor.py:840} INFO - DAG(s) 'example_branch_datetime_operator_3', 'example_branch_datetime_operator', 'example_branch_datetime_operator_2' retrieved from /home/airflow/.local/lib/python3.8/site-packages/airflow/example_dags/example_branch_datetime_operator.py
[2023-12-29T22:33:19.674+0000] {logging_mixin.py:188} INFO - [2023-12-29T22:33:19.672+0000] {dag.py:3033} INFO - Sync 3 DAGs
[2023-12-29T22:33:20.526+0000] {logging_mixin.py:188} INFO - [2023-12-29T22:33:20.525+0000] {dag.py:3820} INFO - Setting next_dagrun for example_branch_datetime_operator to 2023-12-28T00:00:00+00:00, run_after=2023-12-29T00:00:00+00:00
[2023-12-29T22:33:20.686+0000] {logging_mixin.py:188} INFO - [2023-12-29T22:33:20.665+0000] {dag.py:3820} INFO - Setting next_dagrun for example_branch_datetime_operator_2 to 2023-12-28T00:00:00+00:00, run_after=2023-12-29T00:00:00+00:00
[2023-12-29T22:33:20.770+0000] {logging_mixin.py:188} INFO - [2023-12-29T22:33:20.769+0000] {dag.py:3820} INFO - Setting next_dagrun for example_branch_datetime_operator_3 to 2023-12-28T00:00:00+00:00, run_after=2023-12-29T00:00:00+00:00
[2023-12-29T22:33:21.296+0000] {processor.py:183} INFO - Processing /home/airflow/.local/lib/python3.8/site-packages/airflow/example_dags/example_branch_datetime_operator.py took 2.998 seconds
[2023-12-29T22:34:42.752+0000] {processor.py:161} INFO - Started process (PID=256) to work on /home/airflow/.local/lib/python3.8/site-packages/airflow/example_dags/example_branch_datetime_operator.py
[2023-12-29T22:34:42.759+0000] {processor.py:830} INFO - Processing file /home/airflow/.local/lib/python3.8/site-packages/airflow/example_dags/example_branch_datetime_operator.py for tasks to queue
[2023-12-29T22:34:42.824+0000] {logging_mixin.py:188} INFO - [2023-12-29T22:34:42.823+0000] {dagbag.py:538} INFO - Filling up the DagBag from /home/airflow/.local/lib/python3.8/site-packages/airflow/example_dags/example_branch_datetime_operator.py
[2023-12-29T22:34:43.209+0000] {processor.py:840} INFO - DAG(s) 'example_branch_datetime_operator_2', 'example_branch_datetime_operator_3', 'example_branch_datetime_operator' retrieved from /home/airflow/.local/lib/python3.8/site-packages/airflow/example_dags/example_branch_datetime_operator.py
[2023-12-29T22:34:44.586+0000] {logging_mixin.py:188} INFO - [2023-12-29T22:34:44.583+0000] {dag.py:3033} INFO - Sync 3 DAGs
[2023-12-29T22:34:45.421+0000] {logging_mixin.py:188} INFO - [2023-12-29T22:34:45.420+0000] {dag.py:3820} INFO - Setting next_dagrun for example_branch_datetime_operator to 2023-12-28T00:00:00+00:00, run_after=2023-12-29T00:00:00+00:00
[2023-12-29T22:34:45.575+0000] {logging_mixin.py:188} INFO - [2023-12-29T22:34:45.574+0000] {dag.py:3820} INFO - Setting next_dagrun for example_branch_datetime_operator_2 to 2023-12-28T00:00:00+00:00, run_after=2023-12-29T00:00:00+00:00
[2023-12-29T22:34:45.642+0000] {logging_mixin.py:188} INFO - [2023-12-29T22:34:45.629+0000] {dag.py:3820} INFO - Setting next_dagrun for example_branch_datetime_operator_3 to 2023-12-28T00:00:00+00:00, run_after=2023-12-29T00:00:00+00:00
[2023-12-29T22:34:45.914+0000] {processor.py:183} INFO - Processing /home/airflow/.local/lib/python3.8/site-packages/airflow/example_dags/example_branch_datetime_operator.py took 3.436 seconds
[2023-12-29T22:35:49.857+0000] {processor.py:161} INFO - Started process (PID=296) to work on /home/airflow/.local/lib/python3.8/site-packages/airflow/example_dags/example_branch_datetime_operator.py
[2023-12-29T22:35:49.911+0000] {processor.py:830} INFO - Processing file /home/airflow/.local/lib/python3.8/site-packages/airflow/example_dags/example_branch_datetime_operator.py for tasks to queue
[2023-12-29T22:35:49.975+0000] {logging_mixin.py:188} INFO - [2023-12-29T22:35:49.973+0000] {dagbag.py:538} INFO - Filling up the DagBag from /home/airflow/.local/lib/python3.8/site-packages/airflow/example_dags/example_branch_datetime_operator.py
[2023-12-29T22:35:50.543+0000] {processor.py:840} INFO - DAG(s) 'example_branch_datetime_operator_2', 'example_branch_datetime_operator_3', 'example_branch_datetime_operator' retrieved from /home/airflow/.local/lib/python3.8/site-packages/airflow/example_dags/example_branch_datetime_operator.py
[2023-12-29T22:35:52.170+0000] {logging_mixin.py:188} INFO - [2023-12-29T22:35:52.168+0000] {dag.py:3033} INFO - Sync 3 DAGs
[2023-12-29T22:35:53.479+0000] {logging_mixin.py:188} INFO - [2023-12-29T22:35:53.478+0000] {dag.py:3820} INFO - Setting next_dagrun for example_branch_datetime_operator to 2023-12-28T00:00:00+00:00, run_after=2023-12-29T00:00:00+00:00
[2023-12-29T22:35:53.713+0000] {logging_mixin.py:188} INFO - [2023-12-29T22:35:53.711+0000] {dag.py:3820} INFO - Setting next_dagrun for example_branch_datetime_operator_2 to 2023-12-28T00:00:00+00:00, run_after=2023-12-29T00:00:00+00:00
[2023-12-29T22:35:53.885+0000] {logging_mixin.py:188} INFO - [2023-12-29T22:35:53.880+0000] {dag.py:3820} INFO - Setting next_dagrun for example_branch_datetime_operator_3 to 2023-12-28T00:00:00+00:00, run_after=2023-12-29T00:00:00+00:00
[2023-12-29T22:35:54.940+0000] {processor.py:183} INFO - Processing /home/airflow/.local/lib/python3.8/site-packages/airflow/example_dags/example_branch_datetime_operator.py took 5.235 seconds
[2023-12-29T22:38:11.111+0000] {processor.py:161} INFO - Started process (PID=354) to work on /home/airflow/.local/lib/python3.8/site-packages/airflow/example_dags/example_branch_datetime_operator.py
[2023-12-29T22:38:11.133+0000] {processor.py:830} INFO - Processing file /home/airflow/.local/lib/python3.8/site-packages/airflow/example_dags/example_branch_datetime_operator.py for tasks to queue
[2023-12-29T22:38:11.164+0000] {logging_mixin.py:188} INFO - [2023-12-29T22:38:11.162+0000] {dagbag.py:538} INFO - Filling up the DagBag from /home/airflow/.local/lib/python3.8/site-packages/airflow/example_dags/example_branch_datetime_operator.py
[2023-12-29T22:38:12.132+0000] {processor.py:840} INFO - DAG(s) 'example_branch_datetime_operator_2', 'example_branch_datetime_operator', 'example_branch_datetime_operator_3' retrieved from /home/airflow/.local/lib/python3.8/site-packages/airflow/example_dags/example_branch_datetime_operator.py
[2023-12-29T22:38:14.387+0000] {logging_mixin.py:188} INFO - [2023-12-29T22:38:14.386+0000] {dag.py:3033} INFO - Sync 3 DAGs
[2023-12-29T22:38:17.183+0000] {logging_mixin.py:188} INFO - [2023-12-29T22:38:17.166+0000] {dag.py:3820} INFO - Setting next_dagrun for example_branch_datetime_operator to 2023-12-28T00:00:00+00:00, run_after=2023-12-29T00:00:00+00:00
[2023-12-29T22:38:17.793+0000] {logging_mixin.py:188} INFO - [2023-12-29T22:38:17.792+0000] {dag.py:3820} INFO - Setting next_dagrun for example_branch_datetime_operator_2 to 2023-12-28T00:00:00+00:00, run_after=2023-12-29T00:00:00+00:00
[2023-12-29T22:38:18.081+0000] {logging_mixin.py:188} INFO - [2023-12-29T22:38:18.080+0000] {dag.py:3820} INFO - Setting next_dagrun for example_branch_datetime_operator_3 to 2023-12-28T00:00:00+00:00, run_after=2023-12-29T00:00:00+00:00
[2023-12-29T22:38:18.936+0000] {processor.py:183} INFO - Processing /home/airflow/.local/lib/python3.8/site-packages/airflow/example_dags/example_branch_datetime_operator.py took 7.904 seconds
[2023-12-29T22:57:29.266+0000] {processor.py:161} INFO - Started process (PID=436) to work on /home/airflow/.local/lib/python3.8/site-packages/airflow/example_dags/example_branch_datetime_operator.py
[2023-12-29T22:57:29.319+0000] {processor.py:830} INFO - Processing file /home/airflow/.local/lib/python3.8/site-packages/airflow/example_dags/example_branch_datetime_operator.py for tasks to queue
[2023-12-29T22:57:29.554+0000] {logging_mixin.py:188} INFO - [2023-12-29T22:57:29.476+0000] {dagbag.py:538} INFO - Filling up the DagBag from /home/airflow/.local/lib/python3.8/site-packages/airflow/example_dags/example_branch_datetime_operator.py
[2023-12-29T22:57:31.449+0000] {processor.py:840} INFO - DAG(s) 'example_branch_datetime_operator_3', 'example_branch_datetime_operator_2', 'example_branch_datetime_operator' retrieved from /home/airflow/.local/lib/python3.8/site-packages/airflow/example_dags/example_branch_datetime_operator.py
[2023-12-29T22:58:01.353+0000] {logging_mixin.py:188} INFO - [2023-12-29T22:58:01.313+0000] {dag.py:3033} INFO - Sync 3 DAGs
