[2023-12-29T21:56:08.881+0000] {processor.py:161} INFO - Started process (PID=86) to work on /home/airflow/.local/lib/python3.8/site-packages/airflow/example_dags/example_python_decorator.py
[2023-12-29T21:56:08.897+0000] {processor.py:830} INFO - Processing file /home/airflow/.local/lib/python3.8/site-packages/airflow/example_dags/example_python_decorator.py for tasks to queue
[2023-12-29T21:56:08.961+0000] {logging_mixin.py:188} INFO - [2023-12-29T21:56:08.935+0000] {dagbag.py:538} INFO - Filling up the DagBag from /home/airflow/.local/lib/python3.8/site-packages/airflow/example_dags/example_python_decorator.py
[2023-12-29T21:56:09.393+0000] {processor.py:840} INFO - DAG(s) 'example_python_decorator' retrieved from /home/airflow/.local/lib/python3.8/site-packages/airflow/example_dags/example_python_decorator.py
[2023-12-29T21:56:13.901+0000] {logging_mixin.py:188} INFO - [2023-12-29T21:56:13.864+0000] {dag.py:3033} INFO - Sync 1 DAGs
[2023-12-29T21:56:14.341+0000] {logging_mixin.py:188} INFO - [2023-12-29T21:56:14.340+0000] {dag.py:3820} INFO - Setting next_dagrun for example_python_decorator to None, run_after=None
[2023-12-29T21:56:15.126+0000] {processor.py:183} INFO - Processing /home/airflow/.local/lib/python3.8/site-packages/airflow/example_dags/example_python_decorator.py took 6.342 seconds
[2023-12-29T21:58:39.777+0000] {processor.py:161} INFO - Started process (PID=164) to work on /home/airflow/.local/lib/python3.8/site-packages/airflow/example_dags/example_python_decorator.py
[2023-12-29T21:58:39.804+0000] {processor.py:830} INFO - Processing file /home/airflow/.local/lib/python3.8/site-packages/airflow/example_dags/example_python_decorator.py for tasks to queue
[2023-12-29T21:58:39.855+0000] {logging_mixin.py:188} INFO - [2023-12-29T21:58:39.853+0000] {dagbag.py:538} INFO - Filling up the DagBag from /home/airflow/.local/lib/python3.8/site-packages/airflow/example_dags/example_python_decorator.py
[2023-12-29T21:58:40.115+0000] {processor.py:840} INFO - DAG(s) 'example_python_decorator' retrieved from /home/airflow/.local/lib/python3.8/site-packages/airflow/example_dags/example_python_decorator.py
[2023-12-29T21:58:40.513+0000] {logging_mixin.py:188} INFO - [2023-12-29T21:58:40.512+0000] {dag.py:3033} INFO - Sync 1 DAGs
[2023-12-29T21:58:40.775+0000] {logging_mixin.py:188} INFO - [2023-12-29T21:58:40.773+0000] {dag.py:3820} INFO - Setting next_dagrun for example_python_decorator to None, run_after=None
[2023-12-29T21:58:41.038+0000] {processor.py:183} INFO - Processing /home/airflow/.local/lib/python3.8/site-packages/airflow/example_dags/example_python_decorator.py took 1.284 seconds
[2023-12-29T21:59:47.919+0000] {processor.py:161} INFO - Started process (PID=211) to work on /home/airflow/.local/lib/python3.8/site-packages/airflow/example_dags/example_python_decorator.py
[2023-12-29T21:59:47.926+0000] {processor.py:830} INFO - Processing file /home/airflow/.local/lib/python3.8/site-packages/airflow/example_dags/example_python_decorator.py for tasks to queue
[2023-12-29T21:59:47.957+0000] {logging_mixin.py:188} INFO - [2023-12-29T21:59:47.955+0000] {dagbag.py:538} INFO - Filling up the DagBag from /home/airflow/.local/lib/python3.8/site-packages/airflow/example_dags/example_python_decorator.py
[2023-12-29T21:59:48.263+0000] {processor.py:840} INFO - DAG(s) 'example_python_decorator' retrieved from /home/airflow/.local/lib/python3.8/site-packages/airflow/example_dags/example_python_decorator.py
[2023-12-29T21:59:48.525+0000] {logging_mixin.py:188} INFO - [2023-12-29T21:59:48.523+0000] {dag.py:3033} INFO - Sync 1 DAGs
[2023-12-29T21:59:48.990+0000] {logging_mixin.py:188} INFO - [2023-12-29T21:59:48.989+0000] {dag.py:3820} INFO - Setting next_dagrun for example_python_decorator to None, run_after=None
[2023-12-29T21:59:49.327+0000] {processor.py:183} INFO - Processing /home/airflow/.local/lib/python3.8/site-packages/airflow/example_dags/example_python_decorator.py took 1.488 seconds
[2023-12-29T22:00:44.077+0000] {processor.py:161} INFO - Started process (PID=256) to work on /home/airflow/.local/lib/python3.8/site-packages/airflow/example_dags/example_python_decorator.py
[2023-12-29T22:00:44.088+0000] {processor.py:830} INFO - Processing file /home/airflow/.local/lib/python3.8/site-packages/airflow/example_dags/example_python_decorator.py for tasks to queue
[2023-12-29T22:00:44.130+0000] {logging_mixin.py:188} INFO - [2023-12-29T22:00:44.128+0000] {dagbag.py:538} INFO - Filling up the DagBag from /home/airflow/.local/lib/python3.8/site-packages/airflow/example_dags/example_python_decorator.py
[2023-12-29T22:00:44.395+0000] {processor.py:840} INFO - DAG(s) 'example_python_decorator' retrieved from /home/airflow/.local/lib/python3.8/site-packages/airflow/example_dags/example_python_decorator.py
[2023-12-29T22:00:45.188+0000] {logging_mixin.py:188} INFO - [2023-12-29T22:00:45.187+0000] {dag.py:3033} INFO - Sync 1 DAGs
[2023-12-29T22:00:46.112+0000] {logging_mixin.py:188} INFO - [2023-12-29T22:00:46.105+0000] {dag.py:3820} INFO - Setting next_dagrun for example_python_decorator to None, run_after=None
[2023-12-29T22:00:46.673+0000] {processor.py:183} INFO - Processing /home/airflow/.local/lib/python3.8/site-packages/airflow/example_dags/example_python_decorator.py took 2.738 seconds
[2023-12-29T22:02:06.996+0000] {processor.py:161} INFO - Started process (PID=323) to work on /home/airflow/.local/lib/python3.8/site-packages/airflow/example_dags/example_python_decorator.py
[2023-12-29T22:02:07.013+0000] {processor.py:830} INFO - Processing file /home/airflow/.local/lib/python3.8/site-packages/airflow/example_dags/example_python_decorator.py for tasks to queue
[2023-12-29T22:02:07.080+0000] {logging_mixin.py:188} INFO - [2023-12-29T22:02:07.078+0000] {dagbag.py:538} INFO - Filling up the DagBag from /home/airflow/.local/lib/python3.8/site-packages/airflow/example_dags/example_python_decorator.py
[2023-12-29T22:02:07.352+0000] {processor.py:840} INFO - DAG(s) 'example_python_decorator' retrieved from /home/airflow/.local/lib/python3.8/site-packages/airflow/example_dags/example_python_decorator.py
[2023-12-29T22:02:07.761+0000] {logging_mixin.py:188} INFO - [2023-12-29T22:02:07.759+0000] {dag.py:3033} INFO - Sync 1 DAGs
[2023-12-29T22:02:08.316+0000] {logging_mixin.py:188} INFO - [2023-12-29T22:02:08.315+0000] {dag.py:3820} INFO - Setting next_dagrun for example_python_decorator to None, run_after=None
[2023-12-29T22:02:08.795+0000] {processor.py:183} INFO - Processing /home/airflow/.local/lib/python3.8/site-packages/airflow/example_dags/example_python_decorator.py took 1.945 seconds
[2023-12-29T22:03:28.001+0000] {processor.py:161} INFO - Started process (PID=394) to work on /home/airflow/.local/lib/python3.8/site-packages/airflow/example_dags/example_python_decorator.py
[2023-12-29T22:03:28.033+0000] {processor.py:830} INFO - Processing file /home/airflow/.local/lib/python3.8/site-packages/airflow/example_dags/example_python_decorator.py for tasks to queue
[2023-12-29T22:03:28.068+0000] {logging_mixin.py:188} INFO - [2023-12-29T22:03:28.065+0000] {dagbag.py:538} INFO - Filling up the DagBag from /home/airflow/.local/lib/python3.8/site-packages/airflow/example_dags/example_python_decorator.py
[2023-12-29T22:03:28.541+0000] {processor.py:840} INFO - DAG(s) 'example_python_decorator' retrieved from /home/airflow/.local/lib/python3.8/site-packages/airflow/example_dags/example_python_decorator.py
[2023-12-29T22:03:29.053+0000] {logging_mixin.py:188} INFO - [2023-12-29T22:03:29.051+0000] {dag.py:3033} INFO - Sync 1 DAGs
[2023-12-29T22:03:29.387+0000] {logging_mixin.py:188} INFO - [2023-12-29T22:03:29.386+0000] {dag.py:3820} INFO - Setting next_dagrun for example_python_decorator to None, run_after=None
[2023-12-29T22:03:29.663+0000] {processor.py:183} INFO - Processing /home/airflow/.local/lib/python3.8/site-packages/airflow/example_dags/example_python_decorator.py took 1.725 seconds
[2023-12-29T22:28:59.588+0000] {processor.py:161} INFO - Started process (PID=75) to work on /home/airflow/.local/lib/python3.8/site-packages/airflow/example_dags/example_python_decorator.py
[2023-12-29T22:28:59.599+0000] {processor.py:830} INFO - Processing file /home/airflow/.local/lib/python3.8/site-packages/airflow/example_dags/example_python_decorator.py for tasks to queue
[2023-12-29T22:28:59.638+0000] {logging_mixin.py:188} INFO - [2023-12-29T22:28:59.633+0000] {dagbag.py:538} INFO - Filling up the DagBag from /home/airflow/.local/lib/python3.8/site-packages/airflow/example_dags/example_python_decorator.py
[2023-12-29T22:28:59.967+0000] {processor.py:840} INFO - DAG(s) 'example_python_decorator' retrieved from /home/airflow/.local/lib/python3.8/site-packages/airflow/example_dags/example_python_decorator.py
[2023-12-29T22:29:02.700+0000] {logging_mixin.py:188} INFO - [2023-12-29T22:29:02.699+0000] {dag.py:3033} INFO - Sync 1 DAGs
[2023-12-29T22:29:03.130+0000] {logging_mixin.py:188} INFO - [2023-12-29T22:29:03.129+0000] {dag.py:3820} INFO - Setting next_dagrun for example_python_decorator to None, run_after=None
[2023-12-29T22:29:03.468+0000] {processor.py:183} INFO - Processing /home/airflow/.local/lib/python3.8/site-packages/airflow/example_dags/example_python_decorator.py took 3.975 seconds
[2023-12-29T22:31:53.000+0000] {processor.py:161} INFO - Started process (PID=159) to work on /home/airflow/.local/lib/python3.8/site-packages/airflow/example_dags/example_python_decorator.py
[2023-12-29T22:31:53.070+0000] {processor.py:830} INFO - Processing file /home/airflow/.local/lib/python3.8/site-packages/airflow/example_dags/example_python_decorator.py for tasks to queue
[2023-12-29T22:31:53.141+0000] {logging_mixin.py:188} INFO - [2023-12-29T22:31:53.138+0000] {dagbag.py:538} INFO - Filling up the DagBag from /home/airflow/.local/lib/python3.8/site-packages/airflow/example_dags/example_python_decorator.py
[2023-12-29T22:31:53.471+0000] {processor.py:840} INFO - DAG(s) 'example_python_decorator' retrieved from /home/airflow/.local/lib/python3.8/site-packages/airflow/example_dags/example_python_decorator.py
[2023-12-29T22:31:53.993+0000] {logging_mixin.py:188} INFO - [2023-12-29T22:31:53.992+0000] {dag.py:3033} INFO - Sync 1 DAGs
[2023-12-29T22:31:54.339+0000] {logging_mixin.py:188} INFO - [2023-12-29T22:31:54.338+0000] {dag.py:3820} INFO - Setting next_dagrun for example_python_decorator to None, run_after=None
[2023-12-29T22:31:54.966+0000] {processor.py:183} INFO - Processing /home/airflow/.local/lib/python3.8/site-packages/airflow/example_dags/example_python_decorator.py took 2.203 seconds
[2023-12-29T22:33:28.022+0000] {processor.py:161} INFO - Started process (PID=216) to work on /home/airflow/.local/lib/python3.8/site-packages/airflow/example_dags/example_python_decorator.py
[2023-12-29T22:33:28.060+0000] {processor.py:830} INFO - Processing file /home/airflow/.local/lib/python3.8/site-packages/airflow/example_dags/example_python_decorator.py for tasks to queue
[2023-12-29T22:33:28.148+0000] {logging_mixin.py:188} INFO - [2023-12-29T22:33:28.123+0000] {dagbag.py:538} INFO - Filling up the DagBag from /home/airflow/.local/lib/python3.8/site-packages/airflow/example_dags/example_python_decorator.py
[2023-12-29T22:33:28.928+0000] {processor.py:840} INFO - DAG(s) 'example_python_decorator' retrieved from /home/airflow/.local/lib/python3.8/site-packages/airflow/example_dags/example_python_decorator.py
[2023-12-29T22:33:30.303+0000] {logging_mixin.py:188} INFO - [2023-12-29T22:33:30.301+0000] {dag.py:3033} INFO - Sync 1 DAGs
[2023-12-29T22:33:31.129+0000] {logging_mixin.py:188} INFO - [2023-12-29T22:33:31.092+0000] {dag.py:3820} INFO - Setting next_dagrun for example_python_decorator to None, run_after=None
[2023-12-29T22:33:33.112+0000] {processor.py:183} INFO - Processing /home/airflow/.local/lib/python3.8/site-packages/airflow/example_dags/example_python_decorator.py took 5.290 seconds
[2023-12-29T22:34:52.656+0000] {processor.py:161} INFO - Started process (PID=262) to work on /home/airflow/.local/lib/python3.8/site-packages/airflow/example_dags/example_python_decorator.py
[2023-12-29T22:34:52.876+0000] {processor.py:830} INFO - Processing file /home/airflow/.local/lib/python3.8/site-packages/airflow/example_dags/example_python_decorator.py for tasks to queue
[2023-12-29T22:34:53.004+0000] {logging_mixin.py:188} INFO - [2023-12-29T22:34:52.926+0000] {dagbag.py:538} INFO - Filling up the DagBag from /home/airflow/.local/lib/python3.8/site-packages/airflow/example_dags/example_python_decorator.py
[2023-12-29T22:34:53.296+0000] {processor.py:840} INFO - DAG(s) 'example_python_decorator' retrieved from /home/airflow/.local/lib/python3.8/site-packages/airflow/example_dags/example_python_decorator.py
[2023-12-29T22:34:53.787+0000] {logging_mixin.py:188} INFO - [2023-12-29T22:34:53.785+0000] {dag.py:3033} INFO - Sync 1 DAGs
[2023-12-29T22:34:54.225+0000] {logging_mixin.py:188} INFO - [2023-12-29T22:34:54.224+0000] {dag.py:3820} INFO - Setting next_dagrun for example_python_decorator to None, run_after=None
[2023-12-29T22:34:55.019+0000] {processor.py:183} INFO - Processing /home/airflow/.local/lib/python3.8/site-packages/airflow/example_dags/example_python_decorator.py took 2.505 seconds
[2023-12-29T22:36:04.011+0000] {processor.py:161} INFO - Started process (PID=302) to work on /home/airflow/.local/lib/python3.8/site-packages/airflow/example_dags/example_python_decorator.py
[2023-12-29T22:36:04.086+0000] {processor.py:830} INFO - Processing file /home/airflow/.local/lib/python3.8/site-packages/airflow/example_dags/example_python_decorator.py for tasks to queue
[2023-12-29T22:36:04.187+0000] {logging_mixin.py:188} INFO - [2023-12-29T22:36:04.184+0000] {dagbag.py:538} INFO - Filling up the DagBag from /home/airflow/.local/lib/python3.8/site-packages/airflow/example_dags/example_python_decorator.py
[2023-12-29T22:36:04.633+0000] {processor.py:840} INFO - DAG(s) 'example_python_decorator' retrieved from /home/airflow/.local/lib/python3.8/site-packages/airflow/example_dags/example_python_decorator.py
[2023-12-29T22:36:05.627+0000] {logging_mixin.py:188} INFO - [2023-12-29T22:36:05.625+0000] {dag.py:3033} INFO - Sync 1 DAGs
[2023-12-29T22:36:06.055+0000] {logging_mixin.py:188} INFO - [2023-12-29T22:36:06.037+0000] {dag.py:3820} INFO - Setting next_dagrun for example_python_decorator to None, run_after=None
[2023-12-29T22:36:06.654+0000] {processor.py:183} INFO - Processing /home/airflow/.local/lib/python3.8/site-packages/airflow/example_dags/example_python_decorator.py took 2.762 seconds
[2023-12-29T22:39:03.673+0000] {processor.py:161} INFO - Started process (PID=372) to work on /home/airflow/.local/lib/python3.8/site-packages/airflow/example_dags/example_python_decorator.py
[2023-12-29T22:39:03.693+0000] {processor.py:830} INFO - Processing file /home/airflow/.local/lib/python3.8/site-packages/airflow/example_dags/example_python_decorator.py for tasks to queue
[2023-12-29T22:39:03.728+0000] {logging_mixin.py:188} INFO - [2023-12-29T22:39:03.709+0000] {dagbag.py:538} INFO - Filling up the DagBag from /home/airflow/.local/lib/python3.8/site-packages/airflow/example_dags/example_python_decorator.py
[2023-12-29T22:39:04.368+0000] {processor.py:840} INFO - DAG(s) 'example_python_decorator' retrieved from /home/airflow/.local/lib/python3.8/site-packages/airflow/example_dags/example_python_decorator.py
[2023-12-29T22:39:23.848+0000] {logging_mixin.py:188} INFO - [2023-12-29T22:39:23.772+0000] {dag.py:3033} INFO - Sync 1 DAGs
[2023-12-29T22:39:26.793+0000] {logging_mixin.py:188} INFO - [2023-12-29T22:39:26.791+0000] {dag.py:3820} INFO - Setting next_dagrun for example_python_decorator to None, run_after=None
[2023-12-29T22:39:30.818+0000] {processor.py:183} INFO - Processing /home/airflow/.local/lib/python3.8/site-packages/airflow/example_dags/example_python_decorator.py took 27.121 seconds
