[2023-12-29T21:56:46.091+0000] {processor.py:161} INFO - Started process (PID=102) to work on /home/airflow/.local/lib/python3.8/site-packages/airflow/example_dags/example_latest_only_with_trigger.py
[2023-12-29T21:56:46.124+0000] {processor.py:830} INFO - Processing file /home/airflow/.local/lib/python3.8/site-packages/airflow/example_dags/example_latest_only_with_trigger.py for tasks to queue
[2023-12-29T21:56:46.160+0000] {logging_mixin.py:188} INFO - [2023-12-29T21:56:46.158+0000] {dagbag.py:538} INFO - Filling up the DagBag from /home/airflow/.local/lib/python3.8/site-packages/airflow/example_dags/example_latest_only_with_trigger.py
[2023-12-29T21:56:46.280+0000] {processor.py:840} INFO - DAG(s) 'latest_only_with_trigger' retrieved from /home/airflow/.local/lib/python3.8/site-packages/airflow/example_dags/example_latest_only_with_trigger.py
[2023-12-29T21:56:51.105+0000] {logging_mixin.py:188} INFO - [2023-12-29T21:56:51.101+0000] {dag.py:3033} INFO - Sync 1 DAGs
[2023-12-29T21:56:52.423+0000] {logging_mixin.py:188} INFO - [2023-12-29T21:56:52.421+0000] {dag.py:3820} INFO - Setting next_dagrun for latest_only_with_trigger to 2023-12-29T16:00:00+00:00, run_after=2023-12-29T20:00:00+00:00
[2023-12-29T21:56:53.361+0000] {processor.py:183} INFO - Processing /home/airflow/.local/lib/python3.8/site-packages/airflow/example_dags/example_latest_only_with_trigger.py took 7.411 seconds
[2023-12-29T21:59:01.254+0000] {processor.py:161} INFO - Started process (PID=174) to work on /home/airflow/.local/lib/python3.8/site-packages/airflow/example_dags/example_latest_only_with_trigger.py
[2023-12-29T21:59:01.263+0000] {processor.py:830} INFO - Processing file /home/airflow/.local/lib/python3.8/site-packages/airflow/example_dags/example_latest_only_with_trigger.py for tasks to queue
[2023-12-29T21:59:01.309+0000] {logging_mixin.py:188} INFO - [2023-12-29T21:59:01.308+0000] {dagbag.py:538} INFO - Filling up the DagBag from /home/airflow/.local/lib/python3.8/site-packages/airflow/example_dags/example_latest_only_with_trigger.py
[2023-12-29T21:59:01.464+0000] {processor.py:840} INFO - DAG(s) 'latest_only_with_trigger' retrieved from /home/airflow/.local/lib/python3.8/site-packages/airflow/example_dags/example_latest_only_with_trigger.py
[2023-12-29T21:59:01.968+0000] {logging_mixin.py:188} INFO - [2023-12-29T21:59:01.955+0000] {dag.py:3033} INFO - Sync 1 DAGs
[2023-12-29T21:59:02.747+0000] {logging_mixin.py:188} INFO - [2023-12-29T21:59:02.746+0000] {dag.py:3820} INFO - Setting next_dagrun for latest_only_with_trigger to 2023-12-29T16:00:00+00:00, run_after=2023-12-29T20:00:00+00:00
[2023-12-29T21:59:03.231+0000] {processor.py:183} INFO - Processing /home/airflow/.local/lib/python3.8/site-packages/airflow/example_dags/example_latest_only_with_trigger.py took 2.052 seconds
[2023-12-29T22:00:52.151+0000] {processor.py:161} INFO - Started process (PID=261) to work on /home/airflow/.local/lib/python3.8/site-packages/airflow/example_dags/example_latest_only_with_trigger.py
[2023-12-29T22:00:52.168+0000] {processor.py:830} INFO - Processing file /home/airflow/.local/lib/python3.8/site-packages/airflow/example_dags/example_latest_only_with_trigger.py for tasks to queue
[2023-12-29T22:00:52.214+0000] {logging_mixin.py:188} INFO - [2023-12-29T22:00:52.212+0000] {dagbag.py:538} INFO - Filling up the DagBag from /home/airflow/.local/lib/python3.8/site-packages/airflow/example_dags/example_latest_only_with_trigger.py
[2023-12-29T22:00:52.338+0000] {processor.py:840} INFO - DAG(s) 'latest_only_with_trigger' retrieved from /home/airflow/.local/lib/python3.8/site-packages/airflow/example_dags/example_latest_only_with_trigger.py
[2023-12-29T22:00:52.727+0000] {logging_mixin.py:188} INFO - [2023-12-29T22:00:52.709+0000] {dag.py:3033} INFO - Sync 1 DAGs
[2023-12-29T22:00:53.466+0000] {logging_mixin.py:188} INFO - [2023-12-29T22:00:53.424+0000] {dag.py:3820} INFO - Setting next_dagrun for latest_only_with_trigger to 2023-12-29T16:00:00+00:00, run_after=2023-12-29T20:00:00+00:00
[2023-12-29T22:00:53.962+0000] {processor.py:183} INFO - Processing /home/airflow/.local/lib/python3.8/site-packages/airflow/example_dags/example_latest_only_with_trigger.py took 1.883 seconds
[2023-12-29T22:02:14.569+0000] {processor.py:161} INFO - Started process (PID=333) to work on /home/airflow/.local/lib/python3.8/site-packages/airflow/example_dags/example_latest_only_with_trigger.py
[2023-12-29T22:02:14.628+0000] {processor.py:830} INFO - Processing file /home/airflow/.local/lib/python3.8/site-packages/airflow/example_dags/example_latest_only_with_trigger.py for tasks to queue
[2023-12-29T22:02:14.718+0000] {logging_mixin.py:188} INFO - [2023-12-29T22:02:14.710+0000] {dagbag.py:538} INFO - Filling up the DagBag from /home/airflow/.local/lib/python3.8/site-packages/airflow/example_dags/example_latest_only_with_trigger.py
[2023-12-29T22:02:14.938+0000] {processor.py:840} INFO - DAG(s) 'latest_only_with_trigger' retrieved from /home/airflow/.local/lib/python3.8/site-packages/airflow/example_dags/example_latest_only_with_trigger.py
[2023-12-29T22:02:15.850+0000] {logging_mixin.py:188} INFO - [2023-12-29T22:02:15.847+0000] {dag.py:3033} INFO - Sync 1 DAGs
[2023-12-29T22:02:16.621+0000] {logging_mixin.py:188} INFO - [2023-12-29T22:02:16.619+0000] {dag.py:3820} INFO - Setting next_dagrun for latest_only_with_trigger to 2023-12-29T16:00:00+00:00, run_after=2023-12-29T20:00:00+00:00
[2023-12-29T22:02:16.860+0000] {processor.py:183} INFO - Processing /home/airflow/.local/lib/python3.8/site-packages/airflow/example_dags/example_latest_only_with_trigger.py took 2.521 seconds
[2023-12-29T22:03:38.398+0000] {processor.py:161} INFO - Started process (PID=399) to work on /home/airflow/.local/lib/python3.8/site-packages/airflow/example_dags/example_latest_only_with_trigger.py
[2023-12-29T22:03:38.415+0000] {processor.py:830} INFO - Processing file /home/airflow/.local/lib/python3.8/site-packages/airflow/example_dags/example_latest_only_with_trigger.py for tasks to queue
[2023-12-29T22:03:38.486+0000] {logging_mixin.py:188} INFO - [2023-12-29T22:03:38.484+0000] {dagbag.py:538} INFO - Filling up the DagBag from /home/airflow/.local/lib/python3.8/site-packages/airflow/example_dags/example_latest_only_with_trigger.py
[2023-12-29T22:03:38.548+0000] {processor.py:840} INFO - DAG(s) 'latest_only_with_trigger' retrieved from /home/airflow/.local/lib/python3.8/site-packages/airflow/example_dags/example_latest_only_with_trigger.py
[2023-12-29T22:03:38.996+0000] {logging_mixin.py:188} INFO - [2023-12-29T22:03:38.994+0000] {dag.py:3033} INFO - Sync 1 DAGs
[2023-12-29T22:03:39.546+0000] {logging_mixin.py:188} INFO - [2023-12-29T22:03:39.544+0000] {dag.py:3820} INFO - Setting next_dagrun for latest_only_with_trigger to 2023-12-29T16:00:00+00:00, run_after=2023-12-29T20:00:00+00:00
[2023-12-29T22:03:40.089+0000] {processor.py:183} INFO - Processing /home/airflow/.local/lib/python3.8/site-packages/airflow/example_dags/example_latest_only_with_trigger.py took 1.782 seconds
[2023-12-29T22:29:27.394+0000] {processor.py:161} INFO - Started process (PID=91) to work on /home/airflow/.local/lib/python3.8/site-packages/airflow/example_dags/example_latest_only_with_trigger.py
[2023-12-29T22:29:27.453+0000] {processor.py:830} INFO - Processing file /home/airflow/.local/lib/python3.8/site-packages/airflow/example_dags/example_latest_only_with_trigger.py for tasks to queue
[2023-12-29T22:29:27.732+0000] {logging_mixin.py:188} INFO - [2023-12-29T22:29:27.730+0000] {dagbag.py:538} INFO - Filling up the DagBag from /home/airflow/.local/lib/python3.8/site-packages/airflow/example_dags/example_latest_only_with_trigger.py
[2023-12-29T22:29:28.227+0000] {processor.py:840} INFO - DAG(s) 'latest_only_with_trigger' retrieved from /home/airflow/.local/lib/python3.8/site-packages/airflow/example_dags/example_latest_only_with_trigger.py
[2023-12-29T22:29:33.265+0000] {logging_mixin.py:188} INFO - [2023-12-29T22:29:33.245+0000] {dag.py:3033} INFO - Sync 1 DAGs
[2023-12-29T22:29:34.441+0000] {logging_mixin.py:188} INFO - [2023-12-29T22:29:34.440+0000] {dag.py:3820} INFO - Setting next_dagrun for latest_only_with_trigger to 2023-12-29T16:00:00+00:00, run_after=2023-12-29T20:00:00+00:00
[2023-12-29T22:29:35.201+0000] {processor.py:183} INFO - Processing /home/airflow/.local/lib/python3.8/site-packages/airflow/example_dags/example_latest_only_with_trigger.py took 7.910 seconds
[2023-12-29T22:32:26.993+0000] {processor.py:161} INFO - Started process (PID=175) to work on /home/airflow/.local/lib/python3.8/site-packages/airflow/example_dags/example_latest_only_with_trigger.py
[2023-12-29T22:32:27.154+0000] {processor.py:830} INFO - Processing file /home/airflow/.local/lib/python3.8/site-packages/airflow/example_dags/example_latest_only_with_trigger.py for tasks to queue
[2023-12-29T22:32:27.411+0000] {logging_mixin.py:188} INFO - [2023-12-29T22:32:27.409+0000] {dagbag.py:538} INFO - Filling up the DagBag from /home/airflow/.local/lib/python3.8/site-packages/airflow/example_dags/example_latest_only_with_trigger.py
[2023-12-29T22:32:28.276+0000] {processor.py:840} INFO - DAG(s) 'latest_only_with_trigger' retrieved from /home/airflow/.local/lib/python3.8/site-packages/airflow/example_dags/example_latest_only_with_trigger.py
[2023-12-29T22:32:28.950+0000] {logging_mixin.py:188} INFO - [2023-12-29T22:32:28.948+0000] {dag.py:3033} INFO - Sync 1 DAGs
[2023-12-29T22:32:30.876+0000] {logging_mixin.py:188} INFO - [2023-12-29T22:32:30.874+0000] {dag.py:3820} INFO - Setting next_dagrun for latest_only_with_trigger to 2023-12-29T16:00:00+00:00, run_after=2023-12-29T20:00:00+00:00
[2023-12-29T22:32:31.999+0000] {processor.py:183} INFO - Processing /home/airflow/.local/lib/python3.8/site-packages/airflow/example_dags/example_latest_only_with_trigger.py took 5.213 seconds
[2023-12-29T22:33:53.223+0000] {processor.py:161} INFO - Started process (PID=226) to work on /home/airflow/.local/lib/python3.8/site-packages/airflow/example_dags/example_latest_only_with_trigger.py
[2023-12-29T22:33:53.248+0000] {processor.py:830} INFO - Processing file /home/airflow/.local/lib/python3.8/site-packages/airflow/example_dags/example_latest_only_with_trigger.py for tasks to queue
[2023-12-29T22:33:53.266+0000] {logging_mixin.py:188} INFO - [2023-12-29T22:33:53.264+0000] {dagbag.py:538} INFO - Filling up the DagBag from /home/airflow/.local/lib/python3.8/site-packages/airflow/example_dags/example_latest_only_with_trigger.py
[2023-12-29T22:33:53.551+0000] {processor.py:840} INFO - DAG(s) 'latest_only_with_trigger' retrieved from /home/airflow/.local/lib/python3.8/site-packages/airflow/example_dags/example_latest_only_with_trigger.py
[2023-12-29T22:33:53.997+0000] {logging_mixin.py:188} INFO - [2023-12-29T22:33:53.995+0000] {dag.py:3033} INFO - Sync 1 DAGs
[2023-12-29T22:33:54.725+0000] {logging_mixin.py:188} INFO - [2023-12-29T22:33:54.724+0000] {dag.py:3820} INFO - Setting next_dagrun for latest_only_with_trigger to 2023-12-29T16:00:00+00:00, run_after=2023-12-29T20:00:00+00:00
[2023-12-29T22:33:55.063+0000] {processor.py:183} INFO - Processing /home/airflow/.local/lib/python3.8/site-packages/airflow/example_dags/example_latest_only_with_trigger.py took 1.902 seconds
[2023-12-29T22:36:30.889+0000] {processor.py:161} INFO - Started process (PID=318) to work on /home/airflow/.local/lib/python3.8/site-packages/airflow/example_dags/example_latest_only_with_trigger.py
[2023-12-29T22:36:30.895+0000] {processor.py:830} INFO - Processing file /home/airflow/.local/lib/python3.8/site-packages/airflow/example_dags/example_latest_only_with_trigger.py for tasks to queue
[2023-12-29T22:36:30.987+0000] {logging_mixin.py:188} INFO - [2023-12-29T22:36:30.985+0000] {dagbag.py:538} INFO - Filling up the DagBag from /home/airflow/.local/lib/python3.8/site-packages/airflow/example_dags/example_latest_only_with_trigger.py
[2023-12-29T22:36:31.201+0000] {processor.py:840} INFO - DAG(s) 'latest_only_with_trigger' retrieved from /home/airflow/.local/lib/python3.8/site-packages/airflow/example_dags/example_latest_only_with_trigger.py
[2023-12-29T22:36:31.927+0000] {logging_mixin.py:188} INFO - [2023-12-29T22:36:31.926+0000] {dag.py:3033} INFO - Sync 1 DAGs
[2023-12-29T22:36:32.804+0000] {logging_mixin.py:188} INFO - [2023-12-29T22:36:32.794+0000] {dag.py:3820} INFO - Setting next_dagrun for latest_only_with_trigger to 2023-12-29T16:00:00+00:00, run_after=2023-12-29T20:00:00+00:00
[2023-12-29T22:36:33.445+0000] {processor.py:183} INFO - Processing /home/airflow/.local/lib/python3.8/site-packages/airflow/example_dags/example_latest_only_with_trigger.py took 2.702 seconds
[2023-12-29T22:40:39.585+0000] {processor.py:161} INFO - Started process (PID=393) to work on /home/airflow/.local/lib/python3.8/site-packages/airflow/example_dags/example_latest_only_with_trigger.py
[2023-12-29T22:40:39.636+0000] {processor.py:830} INFO - Processing file /home/airflow/.local/lib/python3.8/site-packages/airflow/example_dags/example_latest_only_with_trigger.py for tasks to queue
[2023-12-29T22:40:39.823+0000] {logging_mixin.py:188} INFO - [2023-12-29T22:40:39.661+0000] {dagbag.py:538} INFO - Filling up the DagBag from /home/airflow/.local/lib/python3.8/site-packages/airflow/example_dags/example_latest_only_with_trigger.py
[2023-12-29T22:40:40.587+0000] {processor.py:840} INFO - DAG(s) 'latest_only_with_trigger' retrieved from /home/airflow/.local/lib/python3.8/site-packages/airflow/example_dags/example_latest_only_with_trigger.py
[2023-12-29T22:40:54.510+0000] {logging_mixin.py:188} INFO - [2023-12-29T22:40:54.421+0000] {dag.py:3033} INFO - Sync 1 DAGs
[2023-12-29T22:40:57.955+0000] {logging_mixin.py:188} INFO - [2023-12-29T22:40:57.914+0000] {dag.py:3820} INFO - Setting next_dagrun for latest_only_with_trigger to 2023-12-29T16:00:00+00:00, run_after=2023-12-29T20:00:00+00:00
[2023-12-29T22:41:05.245+0000] {processor.py:183} INFO - Processing /home/airflow/.local/lib/python3.8/site-packages/airflow/example_dags/example_latest_only_with_trigger.py took 26.648 seconds
