[2023-12-29T21:56:17.933+0000] {processor.py:161} INFO - Started process (PID=88) to work on /home/airflow/.local/lib/python3.8/site-packages/airflow/example_dags/example_kubernetes_executor.py
[2023-12-29T21:56:18.101+0000] {processor.py:830} INFO - Processing file /home/airflow/.local/lib/python3.8/site-packages/airflow/example_dags/example_kubernetes_executor.py for tasks to queue
[2023-12-29T21:56:18.694+0000] {logging_mixin.py:188} INFO - [2023-12-29T21:56:18.692+0000] {dagbag.py:538} INFO - Filling up the DagBag from /home/airflow/.local/lib/python3.8/site-packages/airflow/example_dags/example_kubernetes_executor.py
[2023-12-29T21:56:19.590+0000] {processor.py:840} INFO - DAG(s) 'example_kubernetes_executor' retrieved from /home/airflow/.local/lib/python3.8/site-packages/airflow/example_dags/example_kubernetes_executor.py
[2023-12-29T21:56:24.404+0000] {logging_mixin.py:188} INFO - [2023-12-29T21:56:24.402+0000] {dag.py:3033} INFO - Sync 1 DAGs
[2023-12-29T21:56:24.677+0000] {logging_mixin.py:188} INFO - [2023-12-29T21:56:24.676+0000] {dag.py:3820} INFO - Setting next_dagrun for example_kubernetes_executor to None, run_after=None
[2023-12-29T21:56:25.248+0000] {processor.py:183} INFO - Processing /home/airflow/.local/lib/python3.8/site-packages/airflow/example_dags/example_kubernetes_executor.py took 7.674 seconds
[2023-12-29T21:58:41.670+0000] {processor.py:161} INFO - Started process (PID=166) to work on /home/airflow/.local/lib/python3.8/site-packages/airflow/example_dags/example_kubernetes_executor.py
[2023-12-29T21:58:41.687+0000] {processor.py:830} INFO - Processing file /home/airflow/.local/lib/python3.8/site-packages/airflow/example_dags/example_kubernetes_executor.py for tasks to queue
[2023-12-29T21:58:41.745+0000] {logging_mixin.py:188} INFO - [2023-12-29T21:58:41.737+0000] {dagbag.py:538} INFO - Filling up the DagBag from /home/airflow/.local/lib/python3.8/site-packages/airflow/example_dags/example_kubernetes_executor.py
[2023-12-29T21:58:42.986+0000] {processor.py:840} INFO - DAG(s) 'example_kubernetes_executor' retrieved from /home/airflow/.local/lib/python3.8/site-packages/airflow/example_dags/example_kubernetes_executor.py
[2023-12-29T21:58:45.347+0000] {logging_mixin.py:188} INFO - [2023-12-29T21:58:45.346+0000] {dag.py:3033} INFO - Sync 1 DAGs
[2023-12-29T21:58:46.137+0000] {logging_mixin.py:188} INFO - [2023-12-29T21:58:46.135+0000] {dag.py:3820} INFO - Setting next_dagrun for example_kubernetes_executor to None, run_after=None
[2023-12-29T21:58:46.594+0000] {processor.py:183} INFO - Processing /home/airflow/.local/lib/python3.8/site-packages/airflow/example_dags/example_kubernetes_executor.py took 5.023 seconds
[2023-12-29T21:59:50.761+0000] {processor.py:161} INFO - Started process (PID=213) to work on /home/airflow/.local/lib/python3.8/site-packages/airflow/example_dags/example_kubernetes_executor.py
[2023-12-29T21:59:50.786+0000] {processor.py:830} INFO - Processing file /home/airflow/.local/lib/python3.8/site-packages/airflow/example_dags/example_kubernetes_executor.py for tasks to queue
[2023-12-29T21:59:50.844+0000] {logging_mixin.py:188} INFO - [2023-12-29T21:59:50.839+0000] {dagbag.py:538} INFO - Filling up the DagBag from /home/airflow/.local/lib/python3.8/site-packages/airflow/example_dags/example_kubernetes_executor.py
[2023-12-29T21:59:51.437+0000] {processor.py:840} INFO - DAG(s) 'example_kubernetes_executor' retrieved from /home/airflow/.local/lib/python3.8/site-packages/airflow/example_dags/example_kubernetes_executor.py
[2023-12-29T21:59:52.565+0000] {logging_mixin.py:188} INFO - [2023-12-29T21:59:52.564+0000] {dag.py:3033} INFO - Sync 1 DAGs
[2023-12-29T21:59:52.938+0000] {logging_mixin.py:188} INFO - [2023-12-29T21:59:52.937+0000] {dag.py:3820} INFO - Setting next_dagrun for example_kubernetes_executor to None, run_after=None
[2023-12-29T21:59:53.803+0000] {processor.py:183} INFO - Processing /home/airflow/.local/lib/python3.8/site-packages/airflow/example_dags/example_kubernetes_executor.py took 3.131 seconds
[2023-12-29T22:01:18.584+0000] {processor.py:161} INFO - Started process (PID=287) to work on /home/airflow/.local/lib/python3.8/site-packages/airflow/example_dags/example_kubernetes_executor.py
[2023-12-29T22:01:18.664+0000] {processor.py:830} INFO - Processing file /home/airflow/.local/lib/python3.8/site-packages/airflow/example_dags/example_kubernetes_executor.py for tasks to queue
[2023-12-29T22:01:18.701+0000] {logging_mixin.py:188} INFO - [2023-12-29T22:01:18.694+0000] {dagbag.py:538} INFO - Filling up the DagBag from /home/airflow/.local/lib/python3.8/site-packages/airflow/example_dags/example_kubernetes_executor.py
[2023-12-29T22:01:19.773+0000] {processor.py:840} INFO - DAG(s) 'example_kubernetes_executor' retrieved from /home/airflow/.local/lib/python3.8/site-packages/airflow/example_dags/example_kubernetes_executor.py
[2023-12-29T22:01:20.901+0000] {logging_mixin.py:188} INFO - [2023-12-29T22:01:20.899+0000] {dag.py:3033} INFO - Sync 1 DAGs
[2023-12-29T22:01:21.666+0000] {logging_mixin.py:188} INFO - [2023-12-29T22:01:21.664+0000] {dag.py:3820} INFO - Setting next_dagrun for example_kubernetes_executor to None, run_after=None
[2023-12-29T22:01:22.427+0000] {processor.py:183} INFO - Processing /home/airflow/.local/lib/python3.8/site-packages/airflow/example_dags/example_kubernetes_executor.py took 4.056 seconds
[2023-12-29T22:02:40.083+0000] {processor.py:161} INFO - Started process (PID=352) to work on /home/airflow/.local/lib/python3.8/site-packages/airflow/example_dags/example_kubernetes_executor.py
[2023-12-29T22:02:40.121+0000] {processor.py:830} INFO - Processing file /home/airflow/.local/lib/python3.8/site-packages/airflow/example_dags/example_kubernetes_executor.py for tasks to queue
[2023-12-29T22:02:40.182+0000] {logging_mixin.py:188} INFO - [2023-12-29T22:02:40.180+0000] {dagbag.py:538} INFO - Filling up the DagBag from /home/airflow/.local/lib/python3.8/site-packages/airflow/example_dags/example_kubernetes_executor.py
[2023-12-29T22:02:40.559+0000] {processor.py:840} INFO - DAG(s) 'example_kubernetes_executor' retrieved from /home/airflow/.local/lib/python3.8/site-packages/airflow/example_dags/example_kubernetes_executor.py
[2023-12-29T22:02:41.373+0000] {logging_mixin.py:188} INFO - [2023-12-29T22:02:41.371+0000] {dag.py:3033} INFO - Sync 1 DAGs
[2023-12-29T22:02:41.782+0000] {logging_mixin.py:188} INFO - [2023-12-29T22:02:41.781+0000] {dag.py:3820} INFO - Setting next_dagrun for example_kubernetes_executor to None, run_after=None
[2023-12-29T22:02:42.515+0000] {processor.py:183} INFO - Processing /home/airflow/.local/lib/python3.8/site-packages/airflow/example_dags/example_kubernetes_executor.py took 2.545 seconds
[2023-12-29T22:04:33.199+0000] {processor.py:161} INFO - Started process (PID=434) to work on /home/airflow/.local/lib/python3.8/site-packages/airflow/example_dags/example_kubernetes_executor.py
[2023-12-29T22:04:33.359+0000] {processor.py:830} INFO - Processing file /home/airflow/.local/lib/python3.8/site-packages/airflow/example_dags/example_kubernetes_executor.py for tasks to queue
[2023-12-29T22:04:33.601+0000] {logging_mixin.py:188} INFO - [2023-12-29T22:04:33.599+0000] {dagbag.py:538} INFO - Filling up the DagBag from /home/airflow/.local/lib/python3.8/site-packages/airflow/example_dags/example_kubernetes_executor.py
[2023-12-29T22:04:34.834+0000] {processor.py:840} INFO - DAG(s) 'example_kubernetes_executor' retrieved from /home/airflow/.local/lib/python3.8/site-packages/airflow/example_dags/example_kubernetes_executor.py
[2023-12-29T22:04:38.274+0000] {logging_mixin.py:188} INFO - [2023-12-29T22:04:38.245+0000] {dag.py:3033} INFO - Sync 1 DAGs
[2023-12-29T22:04:39.178+0000] {logging_mixin.py:188} INFO - [2023-12-29T22:04:39.176+0000] {dag.py:3820} INFO - Setting next_dagrun for example_kubernetes_executor to None, run_after=None
[2023-12-29T22:04:39.885+0000] {processor.py:183} INFO - Processing /home/airflow/.local/lib/python3.8/site-packages/airflow/example_dags/example_kubernetes_executor.py took 6.870 seconds
[2023-12-29T22:29:05.397+0000] {processor.py:161} INFO - Started process (PID=77) to work on /home/airflow/.local/lib/python3.8/site-packages/airflow/example_dags/example_kubernetes_executor.py
[2023-12-29T22:29:05.407+0000] {processor.py:830} INFO - Processing file /home/airflow/.local/lib/python3.8/site-packages/airflow/example_dags/example_kubernetes_executor.py for tasks to queue
[2023-12-29T22:29:05.468+0000] {logging_mixin.py:188} INFO - [2023-12-29T22:29:05.467+0000] {dagbag.py:538} INFO - Filling up the DagBag from /home/airflow/.local/lib/python3.8/site-packages/airflow/example_dags/example_kubernetes_executor.py
[2023-12-29T22:29:05.697+0000] {processor.py:840} INFO - DAG(s) 'example_kubernetes_executor' retrieved from /home/airflow/.local/lib/python3.8/site-packages/airflow/example_dags/example_kubernetes_executor.py
[2023-12-29T22:29:09.204+0000] {logging_mixin.py:188} INFO - [2023-12-29T22:29:09.203+0000] {dag.py:3033} INFO - Sync 1 DAGs
[2023-12-29T22:29:09.342+0000] {logging_mixin.py:188} INFO - [2023-12-29T22:29:09.341+0000] {dag.py:3820} INFO - Setting next_dagrun for example_kubernetes_executor to None, run_after=None
[2023-12-29T22:29:09.810+0000] {processor.py:183} INFO - Processing /home/airflow/.local/lib/python3.8/site-packages/airflow/example_dags/example_kubernetes_executor.py took 4.466 seconds
[2023-12-29T22:31:56.611+0000] {processor.py:161} INFO - Started process (PID=161) to work on /home/airflow/.local/lib/python3.8/site-packages/airflow/example_dags/example_kubernetes_executor.py
[2023-12-29T22:31:56.634+0000] {processor.py:830} INFO - Processing file /home/airflow/.local/lib/python3.8/site-packages/airflow/example_dags/example_kubernetes_executor.py for tasks to queue
[2023-12-29T22:31:56.872+0000] {logging_mixin.py:188} INFO - [2023-12-29T22:31:56.816+0000] {dagbag.py:538} INFO - Filling up the DagBag from /home/airflow/.local/lib/python3.8/site-packages/airflow/example_dags/example_kubernetes_executor.py
[2023-12-29T22:31:57.557+0000] {processor.py:840} INFO - DAG(s) 'example_kubernetes_executor' retrieved from /home/airflow/.local/lib/python3.8/site-packages/airflow/example_dags/example_kubernetes_executor.py
[2023-12-29T22:31:58.930+0000] {logging_mixin.py:188} INFO - [2023-12-29T22:31:58.929+0000] {dag.py:3033} INFO - Sync 1 DAGs
[2023-12-29T22:31:59.382+0000] {logging_mixin.py:188} INFO - [2023-12-29T22:31:59.381+0000] {dag.py:3820} INFO - Setting next_dagrun for example_kubernetes_executor to None, run_after=None
[2023-12-29T22:31:59.654+0000] {processor.py:183} INFO - Processing /home/airflow/.local/lib/python3.8/site-packages/airflow/example_dags/example_kubernetes_executor.py took 3.155 seconds
[2023-12-29T22:33:39.162+0000] {processor.py:161} INFO - Started process (PID=218) to work on /home/airflow/.local/lib/python3.8/site-packages/airflow/example_dags/example_kubernetes_executor.py
[2023-12-29T22:33:39.209+0000] {processor.py:830} INFO - Processing file /home/airflow/.local/lib/python3.8/site-packages/airflow/example_dags/example_kubernetes_executor.py for tasks to queue
[2023-12-29T22:33:39.287+0000] {logging_mixin.py:188} INFO - [2023-12-29T22:33:39.286+0000] {dagbag.py:538} INFO - Filling up the DagBag from /home/airflow/.local/lib/python3.8/site-packages/airflow/example_dags/example_kubernetes_executor.py
[2023-12-29T22:33:40.448+0000] {processor.py:840} INFO - DAG(s) 'example_kubernetes_executor' retrieved from /home/airflow/.local/lib/python3.8/site-packages/airflow/example_dags/example_kubernetes_executor.py
[2023-12-29T22:33:41.122+0000] {logging_mixin.py:188} INFO - [2023-12-29T22:33:41.121+0000] {dag.py:3033} INFO - Sync 1 DAGs
[2023-12-29T22:33:41.482+0000] {logging_mixin.py:188} INFO - [2023-12-29T22:33:41.480+0000] {dag.py:3820} INFO - Setting next_dagrun for example_kubernetes_executor to None, run_after=None
[2023-12-29T22:33:42.232+0000] {processor.py:183} INFO - Processing /home/airflow/.local/lib/python3.8/site-packages/airflow/example_dags/example_kubernetes_executor.py took 3.167 seconds
[2023-12-29T22:34:57.676+0000] {processor.py:161} INFO - Started process (PID=264) to work on /home/airflow/.local/lib/python3.8/site-packages/airflow/example_dags/example_kubernetes_executor.py
[2023-12-29T22:34:57.723+0000] {processor.py:830} INFO - Processing file /home/airflow/.local/lib/python3.8/site-packages/airflow/example_dags/example_kubernetes_executor.py for tasks to queue
[2023-12-29T22:34:57.798+0000] {logging_mixin.py:188} INFO - [2023-12-29T22:34:57.788+0000] {dagbag.py:538} INFO - Filling up the DagBag from /home/airflow/.local/lib/python3.8/site-packages/airflow/example_dags/example_kubernetes_executor.py
[2023-12-29T22:34:58.191+0000] {processor.py:840} INFO - DAG(s) 'example_kubernetes_executor' retrieved from /home/airflow/.local/lib/python3.8/site-packages/airflow/example_dags/example_kubernetes_executor.py
[2023-12-29T22:35:00.265+0000] {logging_mixin.py:188} INFO - [2023-12-29T22:35:00.264+0000] {dag.py:3033} INFO - Sync 1 DAGs
[2023-12-29T22:35:00.664+0000] {logging_mixin.py:188} INFO - [2023-12-29T22:35:00.663+0000] {dag.py:3820} INFO - Setting next_dagrun for example_kubernetes_executor to None, run_after=None
[2023-12-29T22:35:01.419+0000] {processor.py:183} INFO - Processing /home/airflow/.local/lib/python3.8/site-packages/airflow/example_dags/example_kubernetes_executor.py took 3.825 seconds
[2023-12-29T22:36:09.704+0000] {processor.py:161} INFO - Started process (PID=304) to work on /home/airflow/.local/lib/python3.8/site-packages/airflow/example_dags/example_kubernetes_executor.py
[2023-12-29T22:36:09.883+0000] {processor.py:830} INFO - Processing file /home/airflow/.local/lib/python3.8/site-packages/airflow/example_dags/example_kubernetes_executor.py for tasks to queue
[2023-12-29T22:36:10.255+0000] {logging_mixin.py:188} INFO - [2023-12-29T22:36:10.183+0000] {dagbag.py:538} INFO - Filling up the DagBag from /home/airflow/.local/lib/python3.8/site-packages/airflow/example_dags/example_kubernetes_executor.py
[2023-12-29T22:36:11.907+0000] {processor.py:840} INFO - DAG(s) 'example_kubernetes_executor' retrieved from /home/airflow/.local/lib/python3.8/site-packages/airflow/example_dags/example_kubernetes_executor.py
[2023-12-29T22:36:14.750+0000] {logging_mixin.py:188} INFO - [2023-12-29T22:36:14.749+0000] {dag.py:3033} INFO - Sync 1 DAGs
[2023-12-29T22:36:15.166+0000] {logging_mixin.py:188} INFO - [2023-12-29T22:36:15.165+0000] {dag.py:3820} INFO - Setting next_dagrun for example_kubernetes_executor to None, run_after=None
[2023-12-29T22:36:15.916+0000] {processor.py:183} INFO - Processing /home/airflow/.local/lib/python3.8/site-packages/airflow/example_dags/example_kubernetes_executor.py took 6.629 seconds
[2023-12-29T22:39:34.900+0000] {processor.py:161} INFO - Started process (PID=380) to work on /home/airflow/.local/lib/python3.8/site-packages/airflow/example_dags/example_kubernetes_executor.py
[2023-12-29T22:39:35.005+0000] {processor.py:830} INFO - Processing file /home/airflow/.local/lib/python3.8/site-packages/airflow/example_dags/example_kubernetes_executor.py for tasks to queue
[2023-12-29T22:39:35.023+0000] {logging_mixin.py:188} INFO - [2023-12-29T22:39:35.021+0000] {dagbag.py:538} INFO - Filling up the DagBag from /home/airflow/.local/lib/python3.8/site-packages/airflow/example_dags/example_kubernetes_executor.py
[2023-12-29T22:39:38.370+0000] {processor.py:840} INFO - DAG(s) 'example_kubernetes_executor' retrieved from /home/airflow/.local/lib/python3.8/site-packages/airflow/example_dags/example_kubernetes_executor.py
[2023-12-29T22:39:54.088+0000] {logging_mixin.py:188} INFO - [2023-12-29T22:39:54.080+0000] {dag.py:3033} INFO - Sync 1 DAGs
[2023-12-29T22:39:55.652+0000] {logging_mixin.py:188} INFO - [2023-12-29T22:39:55.446+0000] {dag.py:3820} INFO - Setting next_dagrun for example_kubernetes_executor to None, run_after=None
[2023-12-29T22:39:57.403+0000] {processor.py:183} INFO - Processing /home/airflow/.local/lib/python3.8/site-packages/airflow/example_dags/example_kubernetes_executor.py took 23.100 seconds
