[2023-12-29T21:57:38.280+0000] {processor.py:161} INFO - Started process (PID=129) to work on /home/airflow/.local/lib/python3.8/site-packages/airflow/example_dags/example_trigger_target_dag.py
[2023-12-29T21:57:38.301+0000] {processor.py:830} INFO - Processing file /home/airflow/.local/lib/python3.8/site-packages/airflow/example_dags/example_trigger_target_dag.py for tasks to queue
[2023-12-29T21:57:38.359+0000] {logging_mixin.py:188} INFO - [2023-12-29T21:57:38.357+0000] {dagbag.py:538} INFO - Filling up the DagBag from /home/airflow/.local/lib/python3.8/site-packages/airflow/example_dags/example_trigger_target_dag.py
[2023-12-29T21:57:38.489+0000] {processor.py:840} INFO - DAG(s) 'example_trigger_target_dag' retrieved from /home/airflow/.local/lib/python3.8/site-packages/airflow/example_dags/example_trigger_target_dag.py
[2023-12-29T21:57:42.946+0000] {logging_mixin.py:188} INFO - [2023-12-29T21:57:42.945+0000] {dag.py:3033} INFO - Sync 1 DAGs
[2023-12-29T21:57:43.753+0000] {logging_mixin.py:188} INFO - [2023-12-29T21:57:43.751+0000] {dag.py:3820} INFO - Setting next_dagrun for example_trigger_target_dag to None, run_after=None
[2023-12-29T21:57:44.772+0000] {processor.py:183} INFO - Processing /home/airflow/.local/lib/python3.8/site-packages/airflow/example_dags/example_trigger_target_dag.py took 6.590 seconds
[2023-12-29T22:00:00.609+0000] {processor.py:161} INFO - Started process (PID=219) to work on /home/airflow/.local/lib/python3.8/site-packages/airflow/example_dags/example_trigger_target_dag.py
[2023-12-29T22:00:00.615+0000] {processor.py:830} INFO - Processing file /home/airflow/.local/lib/python3.8/site-packages/airflow/example_dags/example_trigger_target_dag.py for tasks to queue
[2023-12-29T22:00:00.640+0000] {logging_mixin.py:188} INFO - [2023-12-29T22:00:00.638+0000] {dagbag.py:538} INFO - Filling up the DagBag from /home/airflow/.local/lib/python3.8/site-packages/airflow/example_dags/example_trigger_target_dag.py
[2023-12-29T22:00:00.744+0000] {processor.py:840} INFO - DAG(s) 'example_trigger_target_dag' retrieved from /home/airflow/.local/lib/python3.8/site-packages/airflow/example_dags/example_trigger_target_dag.py
[2023-12-29T22:00:01.170+0000] {logging_mixin.py:188} INFO - [2023-12-29T22:00:01.169+0000] {dag.py:3033} INFO - Sync 1 DAGs
[2023-12-29T22:00:01.658+0000] {logging_mixin.py:188} INFO - [2023-12-29T22:00:01.657+0000] {dag.py:3820} INFO - Setting next_dagrun for example_trigger_target_dag to None, run_after=None
[2023-12-29T22:00:02.036+0000] {processor.py:183} INFO - Processing /home/airflow/.local/lib/python3.8/site-packages/airflow/example_dags/example_trigger_target_dag.py took 1.475 seconds
[2023-12-29T22:01:32.368+0000] {processor.py:161} INFO - Started process (PID=293) to work on /home/airflow/.local/lib/python3.8/site-packages/airflow/example_dags/example_trigger_target_dag.py
[2023-12-29T22:01:32.394+0000] {processor.py:830} INFO - Processing file /home/airflow/.local/lib/python3.8/site-packages/airflow/example_dags/example_trigger_target_dag.py for tasks to queue
[2023-12-29T22:01:32.435+0000] {logging_mixin.py:188} INFO - [2023-12-29T22:01:32.434+0000] {dagbag.py:538} INFO - Filling up the DagBag from /home/airflow/.local/lib/python3.8/site-packages/airflow/example_dags/example_trigger_target_dag.py
[2023-12-29T22:01:32.518+0000] {processor.py:840} INFO - DAG(s) 'example_trigger_target_dag' retrieved from /home/airflow/.local/lib/python3.8/site-packages/airflow/example_dags/example_trigger_target_dag.py
[2023-12-29T22:01:32.845+0000] {logging_mixin.py:188} INFO - [2023-12-29T22:01:32.844+0000] {dag.py:3033} INFO - Sync 1 DAGs
[2023-12-29T22:01:33.098+0000] {logging_mixin.py:188} INFO - [2023-12-29T22:01:33.097+0000] {dag.py:3820} INFO - Setting next_dagrun for example_trigger_target_dag to None, run_after=None
[2023-12-29T22:01:33.287+0000] {processor.py:183} INFO - Processing /home/airflow/.local/lib/python3.8/site-packages/airflow/example_dags/example_trigger_target_dag.py took 1.008 seconds
[2023-12-29T22:02:49.827+0000] {processor.py:161} INFO - Started process (PID=364) to work on /home/airflow/.local/lib/python3.8/site-packages/airflow/example_dags/example_trigger_target_dag.py
[2023-12-29T22:02:49.857+0000] {processor.py:830} INFO - Processing file /home/airflow/.local/lib/python3.8/site-packages/airflow/example_dags/example_trigger_target_dag.py for tasks to queue
[2023-12-29T22:02:49.928+0000] {logging_mixin.py:188} INFO - [2023-12-29T22:02:49.919+0000] {dagbag.py:538} INFO - Filling up the DagBag from /home/airflow/.local/lib/python3.8/site-packages/airflow/example_dags/example_trigger_target_dag.py
[2023-12-29T22:02:50.173+0000] {processor.py:840} INFO - DAG(s) 'example_trigger_target_dag' retrieved from /home/airflow/.local/lib/python3.8/site-packages/airflow/example_dags/example_trigger_target_dag.py
[2023-12-29T22:02:50.722+0000] {logging_mixin.py:188} INFO - [2023-12-29T22:02:50.654+0000] {dag.py:3033} INFO - Sync 1 DAGs
[2023-12-29T22:02:51.134+0000] {logging_mixin.py:188} INFO - [2023-12-29T22:02:51.132+0000] {dag.py:3820} INFO - Setting next_dagrun for example_trigger_target_dag to None, run_after=None
[2023-12-29T22:02:51.602+0000] {processor.py:183} INFO - Processing /home/airflow/.local/lib/python3.8/site-packages/airflow/example_dags/example_trigger_target_dag.py took 1.903 seconds
[2023-12-29T22:30:37.532+0000] {processor.py:161} INFO - Started process (PID=118) to work on /home/airflow/.local/lib/python3.8/site-packages/airflow/example_dags/example_trigger_target_dag.py
[2023-12-29T22:30:37.639+0000] {processor.py:830} INFO - Processing file /home/airflow/.local/lib/python3.8/site-packages/airflow/example_dags/example_trigger_target_dag.py for tasks to queue
[2023-12-29T22:30:37.775+0000] {logging_mixin.py:188} INFO - [2023-12-29T22:30:37.773+0000] {dagbag.py:538} INFO - Filling up the DagBag from /home/airflow/.local/lib/python3.8/site-packages/airflow/example_dags/example_trigger_target_dag.py
[2023-12-29T22:30:38.113+0000] {processor.py:840} INFO - DAG(s) 'example_trigger_target_dag' retrieved from /home/airflow/.local/lib/python3.8/site-packages/airflow/example_dags/example_trigger_target_dag.py
[2023-12-29T22:30:40.061+0000] {logging_mixin.py:188} INFO - [2023-12-29T22:30:40.057+0000] {dag.py:3033} INFO - Sync 1 DAGs
[2023-12-29T22:30:40.397+0000] {logging_mixin.py:188} INFO - [2023-12-29T22:30:40.395+0000] {dag.py:3820} INFO - Setting next_dagrun for example_trigger_target_dag to None, run_after=None
[2023-12-29T22:30:41.520+0000] {processor.py:183} INFO - Processing /home/airflow/.local/lib/python3.8/site-packages/airflow/example_dags/example_trigger_target_dag.py took 4.097 seconds
[2023-12-29T22:33:10.413+0000] {processor.py:161} INFO - Started process (PID=197) to work on /home/airflow/.local/lib/python3.8/site-packages/airflow/example_dags/example_trigger_target_dag.py
[2023-12-29T22:33:10.433+0000] {processor.py:830} INFO - Processing file /home/airflow/.local/lib/python3.8/site-packages/airflow/example_dags/example_trigger_target_dag.py for tasks to queue
[2023-12-29T22:33:10.476+0000] {logging_mixin.py:188} INFO - [2023-12-29T22:33:10.474+0000] {dagbag.py:538} INFO - Filling up the DagBag from /home/airflow/.local/lib/python3.8/site-packages/airflow/example_dags/example_trigger_target_dag.py
[2023-12-29T22:33:10.595+0000] {processor.py:840} INFO - DAG(s) 'example_trigger_target_dag' retrieved from /home/airflow/.local/lib/python3.8/site-packages/airflow/example_dags/example_trigger_target_dag.py
[2023-12-29T22:33:10.987+0000] {logging_mixin.py:188} INFO - [2023-12-29T22:33:10.985+0000] {dag.py:3033} INFO - Sync 1 DAGs
[2023-12-29T22:33:11.800+0000] {logging_mixin.py:188} INFO - [2023-12-29T22:33:11.799+0000] {dag.py:3820} INFO - Setting next_dagrun for example_trigger_target_dag to None, run_after=None
[2023-12-29T22:33:12.415+0000] {processor.py:183} INFO - Processing /home/airflow/.local/lib/python3.8/site-packages/airflow/example_dags/example_trigger_target_dag.py took 2.069 seconds
[2023-12-29T22:35:35.640+0000] {processor.py:161} INFO - Started process (PID=283) to work on /home/airflow/.local/lib/python3.8/site-packages/airflow/example_dags/example_trigger_target_dag.py
[2023-12-29T22:35:35.662+0000] {processor.py:830} INFO - Processing file /home/airflow/.local/lib/python3.8/site-packages/airflow/example_dags/example_trigger_target_dag.py for tasks to queue
[2023-12-29T22:35:35.777+0000] {logging_mixin.py:188} INFO - [2023-12-29T22:35:35.775+0000] {dagbag.py:538} INFO - Filling up the DagBag from /home/airflow/.local/lib/python3.8/site-packages/airflow/example_dags/example_trigger_target_dag.py
[2023-12-29T22:35:36.075+0000] {processor.py:840} INFO - DAG(s) 'example_trigger_target_dag' retrieved from /home/airflow/.local/lib/python3.8/site-packages/airflow/example_dags/example_trigger_target_dag.py
[2023-12-29T22:35:37.022+0000] {logging_mixin.py:188} INFO - [2023-12-29T22:35:37.021+0000] {dag.py:3033} INFO - Sync 1 DAGs
[2023-12-29T22:35:37.571+0000] {logging_mixin.py:188} INFO - [2023-12-29T22:35:37.569+0000] {dag.py:3820} INFO - Setting next_dagrun for example_trigger_target_dag to None, run_after=None
[2023-12-29T22:35:38.295+0000] {processor.py:183} INFO - Processing /home/airflow/.local/lib/python3.8/site-packages/airflow/example_dags/example_trigger_target_dag.py took 2.818 seconds
