[2023-12-29T21:56:05.218+0000] {processor.py:161} INFO - Started process (PID=85) to work on /home/airflow/.local/lib/python3.8/site-packages/airflow/example_dags/example_datasets.py
[2023-12-29T21:56:05.233+0000] {processor.py:830} INFO - Processing file /home/airflow/.local/lib/python3.8/site-packages/airflow/example_dags/example_datasets.py for tasks to queue
[2023-12-29T21:56:05.289+0000] {logging_mixin.py:188} INFO - [2023-12-29T21:56:05.287+0000] {dagbag.py:538} INFO - Filling up the DagBag from /home/airflow/.local/lib/python3.8/site-packages/airflow/example_dags/example_datasets.py
[2023-12-29T21:56:05.590+0000] {processor.py:840} INFO - DAG(s) 'dataset_consumes_1', 'dataset_consumes_1_never_scheduled', 'dataset_consumes_1_and_2', 'dataset_consumes_unknown_never_scheduled', 'dataset_produces_2', 'dataset_produces_1' retrieved from /home/airflow/.local/lib/python3.8/site-packages/airflow/example_dags/example_datasets.py
[2023-12-29T21:56:13.204+0000] {logging_mixin.py:188} INFO - [2023-12-29T21:56:13.203+0000] {dag.py:3033} INFO - Sync 6 DAGs
[2023-12-29T21:56:14.231+0000] {logging_mixin.py:188} INFO - [2023-12-29T21:56:14.230+0000] {dag.py:3820} INFO - Setting next_dagrun for dataset_consumes_1 to None, run_after=None
[2023-12-29T21:56:14.281+0000] {logging_mixin.py:188} INFO - [2023-12-29T21:56:14.280+0000] {dag.py:3820} INFO - Setting next_dagrun for dataset_consumes_1_and_2 to None, run_after=None
[2023-12-29T21:56:14.310+0000] {logging_mixin.py:188} INFO - [2023-12-29T21:56:14.309+0000] {dag.py:3820} INFO - Setting next_dagrun for dataset_consumes_1_never_scheduled to None, run_after=None
[2023-12-29T21:56:14.335+0000] {logging_mixin.py:188} INFO - [2023-12-29T21:56:14.333+0000] {dag.py:3820} INFO - Setting next_dagrun for dataset_consumes_unknown_never_scheduled to None, run_after=None
[2023-12-29T21:56:14.373+0000] {logging_mixin.py:188} INFO - [2023-12-29T21:56:14.372+0000] {dag.py:3820} INFO - Setting next_dagrun for dataset_produces_1 to 2023-12-28T00:00:00+00:00, run_after=2023-12-29T00:00:00+00:00
[2023-12-29T21:56:14.396+0000] {logging_mixin.py:188} INFO - [2023-12-29T21:56:14.395+0000] {dag.py:3820} INFO - Setting next_dagrun for dataset_produces_2 to None, run_after=None
[2023-12-29T21:56:15.785+0000] {processor.py:183} INFO - Processing /home/airflow/.local/lib/python3.8/site-packages/airflow/example_dags/example_datasets.py took 10.643 seconds
[2023-12-29T21:58:38.738+0000] {processor.py:161} INFO - Started process (PID=163) to work on /home/airflow/.local/lib/python3.8/site-packages/airflow/example_dags/example_datasets.py
[2023-12-29T21:58:38.746+0000] {processor.py:830} INFO - Processing file /home/airflow/.local/lib/python3.8/site-packages/airflow/example_dags/example_datasets.py for tasks to queue
[2023-12-29T21:58:38.769+0000] {logging_mixin.py:188} INFO - [2023-12-29T21:58:38.767+0000] {dagbag.py:538} INFO - Filling up the DagBag from /home/airflow/.local/lib/python3.8/site-packages/airflow/example_dags/example_datasets.py
[2023-12-29T21:58:38.883+0000] {processor.py:840} INFO - DAG(s) 'dataset_consumes_unknown_never_scheduled', 'dataset_consumes_1', 'dataset_consumes_1_never_scheduled', 'dataset_produces_2', 'dataset_consumes_1_and_2', 'dataset_produces_1' retrieved from /home/airflow/.local/lib/python3.8/site-packages/airflow/example_dags/example_datasets.py
[2023-12-29T21:58:39.358+0000] {logging_mixin.py:188} INFO - [2023-12-29T21:58:39.357+0000] {dag.py:3033} INFO - Sync 6 DAGs
[2023-12-29T21:58:39.857+0000] {logging_mixin.py:188} INFO - [2023-12-29T21:58:39.856+0000] {dag.py:3820} INFO - Setting next_dagrun for dataset_consumes_1 to None, run_after=None
[2023-12-29T21:58:39.973+0000] {logging_mixin.py:188} INFO - [2023-12-29T21:58:39.929+0000] {dag.py:3820} INFO - Setting next_dagrun for dataset_consumes_1_and_2 to None, run_after=None
[2023-12-29T21:58:39.985+0000] {logging_mixin.py:188} INFO - [2023-12-29T21:58:39.984+0000] {dag.py:3820} INFO - Setting next_dagrun for dataset_consumes_1_never_scheduled to None, run_after=None
[2023-12-29T21:58:40.005+0000] {logging_mixin.py:188} INFO - [2023-12-29T21:58:40.003+0000] {dag.py:3820} INFO - Setting next_dagrun for dataset_consumes_unknown_never_scheduled to None, run_after=None
[2023-12-29T21:58:40.073+0000] {logging_mixin.py:188} INFO - [2023-12-29T21:58:40.061+0000] {dag.py:3820} INFO - Setting next_dagrun for dataset_produces_1 to 2023-12-28T00:00:00+00:00, run_after=2023-12-29T00:00:00+00:00
[2023-12-29T21:58:40.086+0000] {logging_mixin.py:188} INFO - [2023-12-29T21:58:40.084+0000] {dag.py:3820} INFO - Setting next_dagrun for dataset_produces_2 to None, run_after=None
[2023-12-29T21:58:40.639+0000] {processor.py:183} INFO - Processing /home/airflow/.local/lib/python3.8/site-packages/airflow/example_dags/example_datasets.py took 1.931 seconds
[2023-12-29T21:59:47.337+0000] {processor.py:161} INFO - Started process (PID=210) to work on /home/airflow/.local/lib/python3.8/site-packages/airflow/example_dags/example_datasets.py
[2023-12-29T21:59:47.345+0000] {processor.py:830} INFO - Processing file /home/airflow/.local/lib/python3.8/site-packages/airflow/example_dags/example_datasets.py for tasks to queue
[2023-12-29T21:59:47.393+0000] {logging_mixin.py:188} INFO - [2023-12-29T21:59:47.392+0000] {dagbag.py:538} INFO - Filling up the DagBag from /home/airflow/.local/lib/python3.8/site-packages/airflow/example_dags/example_datasets.py
[2023-12-29T21:59:47.722+0000] {processor.py:840} INFO - DAG(s) 'dataset_consumes_1_never_scheduled', 'dataset_produces_1', 'dataset_consumes_1', 'dataset_consumes_unknown_never_scheduled', 'dataset_consumes_1_and_2', 'dataset_produces_2' retrieved from /home/airflow/.local/lib/python3.8/site-packages/airflow/example_dags/example_datasets.py
[2023-12-29T21:59:48.577+0000] {logging_mixin.py:188} INFO - [2023-12-29T21:59:48.575+0000] {dag.py:3033} INFO - Sync 6 DAGs
[2023-12-29T21:59:49.497+0000] {logging_mixin.py:188} INFO - [2023-12-29T21:59:49.496+0000] {dag.py:3820} INFO - Setting next_dagrun for dataset_consumes_1 to None, run_after=None
[2023-12-29T21:59:49.595+0000] {logging_mixin.py:188} INFO - [2023-12-29T21:59:49.594+0000] {dag.py:3820} INFO - Setting next_dagrun for dataset_consumes_1_and_2 to None, run_after=None
[2023-12-29T21:59:49.617+0000] {logging_mixin.py:188} INFO - [2023-12-29T21:59:49.615+0000] {dag.py:3820} INFO - Setting next_dagrun for dataset_consumes_1_never_scheduled to None, run_after=None
[2023-12-29T21:59:49.666+0000] {logging_mixin.py:188} INFO - [2023-12-29T21:59:49.665+0000] {dag.py:3820} INFO - Setting next_dagrun for dataset_consumes_unknown_never_scheduled to None, run_after=None
[2023-12-29T21:59:49.722+0000] {logging_mixin.py:188} INFO - [2023-12-29T21:59:49.721+0000] {dag.py:3820} INFO - Setting next_dagrun for dataset_produces_1 to 2023-12-28T00:00:00+00:00, run_after=2023-12-29T00:00:00+00:00
[2023-12-29T21:59:49.751+0000] {logging_mixin.py:188} INFO - [2023-12-29T21:59:49.750+0000] {dag.py:3820} INFO - Setting next_dagrun for dataset_produces_2 to None, run_after=None
[2023-12-29T21:59:50.274+0000] {processor.py:183} INFO - Processing /home/airflow/.local/lib/python3.8/site-packages/airflow/example_dags/example_datasets.py took 3.045 seconds
[2023-12-29T22:00:43.001+0000] {processor.py:161} INFO - Started process (PID=255) to work on /home/airflow/.local/lib/python3.8/site-packages/airflow/example_dags/example_datasets.py
[2023-12-29T22:00:43.027+0000] {processor.py:830} INFO - Processing file /home/airflow/.local/lib/python3.8/site-packages/airflow/example_dags/example_datasets.py for tasks to queue
[2023-12-29T22:00:43.072+0000] {logging_mixin.py:188} INFO - [2023-12-29T22:00:43.070+0000] {dagbag.py:538} INFO - Filling up the DagBag from /home/airflow/.local/lib/python3.8/site-packages/airflow/example_dags/example_datasets.py
[2023-12-29T22:00:43.285+0000] {processor.py:840} INFO - DAG(s) 'dataset_produces_2', 'dataset_produces_1', 'dataset_consumes_1_never_scheduled', 'dataset_consumes_1_and_2', 'dataset_consumes_unknown_never_scheduled', 'dataset_consumes_1' retrieved from /home/airflow/.local/lib/python3.8/site-packages/airflow/example_dags/example_datasets.py
[2023-12-29T22:00:44.189+0000] {logging_mixin.py:188} INFO - [2023-12-29T22:00:44.188+0000] {dag.py:3033} INFO - Sync 6 DAGs
[2023-12-29T22:00:45.065+0000] {logging_mixin.py:188} INFO - [2023-12-29T22:00:45.063+0000] {dag.py:3820} INFO - Setting next_dagrun for dataset_consumes_1 to None, run_after=None
[2023-12-29T22:00:45.333+0000] {logging_mixin.py:188} INFO - [2023-12-29T22:00:45.332+0000] {dag.py:3820} INFO - Setting next_dagrun for dataset_consumes_1_and_2 to None, run_after=None
[2023-12-29T22:00:45.386+0000] {logging_mixin.py:188} INFO - [2023-12-29T22:00:45.382+0000] {dag.py:3820} INFO - Setting next_dagrun for dataset_consumes_1_never_scheduled to None, run_after=None
[2023-12-29T22:00:45.545+0000] {logging_mixin.py:188} INFO - [2023-12-29T22:00:45.494+0000] {dag.py:3820} INFO - Setting next_dagrun for dataset_consumes_unknown_never_scheduled to None, run_after=None
[2023-12-29T22:00:45.768+0000] {logging_mixin.py:188} INFO - [2023-12-29T22:00:45.766+0000] {dag.py:3820} INFO - Setting next_dagrun for dataset_produces_1 to 2023-12-28T00:00:00+00:00, run_after=2023-12-29T00:00:00+00:00
[2023-12-29T22:00:45.805+0000] {logging_mixin.py:188} INFO - [2023-12-29T22:00:45.804+0000] {dag.py:3820} INFO - Setting next_dagrun for dataset_produces_2 to None, run_after=None
[2023-12-29T22:00:47.080+0000] {processor.py:183} INFO - Processing /home/airflow/.local/lib/python3.8/site-packages/airflow/example_dags/example_datasets.py took 4.153 seconds
[2023-12-29T22:02:05.528+0000] {processor.py:161} INFO - Started process (PID=322) to work on /home/airflow/.local/lib/python3.8/site-packages/airflow/example_dags/example_datasets.py
[2023-12-29T22:02:05.542+0000] {processor.py:830} INFO - Processing file /home/airflow/.local/lib/python3.8/site-packages/airflow/example_dags/example_datasets.py for tasks to queue
[2023-12-29T22:02:05.569+0000] {logging_mixin.py:188} INFO - [2023-12-29T22:02:05.566+0000] {dagbag.py:538} INFO - Filling up the DagBag from /home/airflow/.local/lib/python3.8/site-packages/airflow/example_dags/example_datasets.py
[2023-12-29T22:02:05.778+0000] {processor.py:840} INFO - DAG(s) 'dataset_consumes_1_never_scheduled', 'dataset_consumes_1_and_2', 'dataset_produces_2', 'dataset_consumes_1', 'dataset_consumes_unknown_never_scheduled', 'dataset_produces_1' retrieved from /home/airflow/.local/lib/python3.8/site-packages/airflow/example_dags/example_datasets.py
[2023-12-29T22:02:06.828+0000] {logging_mixin.py:188} INFO - [2023-12-29T22:02:06.827+0000] {dag.py:3033} INFO - Sync 6 DAGs
[2023-12-29T22:02:07.454+0000] {logging_mixin.py:188} INFO - [2023-12-29T22:02:07.453+0000] {dag.py:3820} INFO - Setting next_dagrun for dataset_consumes_1 to None, run_after=None
[2023-12-29T22:02:07.515+0000] {logging_mixin.py:188} INFO - [2023-12-29T22:02:07.513+0000] {dag.py:3820} INFO - Setting next_dagrun for dataset_consumes_1_and_2 to None, run_after=None
[2023-12-29T22:02:07.529+0000] {logging_mixin.py:188} INFO - [2023-12-29T22:02:07.528+0000] {dag.py:3820} INFO - Setting next_dagrun for dataset_consumes_1_never_scheduled to None, run_after=None
[2023-12-29T22:02:07.545+0000] {logging_mixin.py:188} INFO - [2023-12-29T22:02:07.543+0000] {dag.py:3820} INFO - Setting next_dagrun for dataset_consumes_unknown_never_scheduled to None, run_after=None
[2023-12-29T22:02:07.584+0000] {logging_mixin.py:188} INFO - [2023-12-29T22:02:07.583+0000] {dag.py:3820} INFO - Setting next_dagrun for dataset_produces_1 to 2023-12-28T00:00:00+00:00, run_after=2023-12-29T00:00:00+00:00
[2023-12-29T22:02:07.594+0000] {logging_mixin.py:188} INFO - [2023-12-29T22:02:07.593+0000] {dag.py:3820} INFO - Setting next_dagrun for dataset_produces_2 to None, run_after=None
[2023-12-29T22:02:08.247+0000] {processor.py:183} INFO - Processing /home/airflow/.local/lib/python3.8/site-packages/airflow/example_dags/example_datasets.py took 2.754 seconds
[2023-12-29T22:03:26.162+0000] {processor.py:161} INFO - Started process (PID=393) to work on /home/airflow/.local/lib/python3.8/site-packages/airflow/example_dags/example_datasets.py
[2023-12-29T22:03:26.315+0000] {processor.py:830} INFO - Processing file /home/airflow/.local/lib/python3.8/site-packages/airflow/example_dags/example_datasets.py for tasks to queue
[2023-12-29T22:03:26.599+0000] {logging_mixin.py:188} INFO - [2023-12-29T22:03:26.597+0000] {dagbag.py:538} INFO - Filling up the DagBag from /home/airflow/.local/lib/python3.8/site-packages/airflow/example_dags/example_datasets.py
[2023-12-29T22:03:27.032+0000] {processor.py:840} INFO - DAG(s) 'dataset_consumes_1_and_2', 'dataset_consumes_1', 'dataset_produces_2', 'dataset_consumes_unknown_never_scheduled', 'dataset_consumes_1_never_scheduled', 'dataset_produces_1' retrieved from /home/airflow/.local/lib/python3.8/site-packages/airflow/example_dags/example_datasets.py
[2023-12-29T22:03:27.754+0000] {logging_mixin.py:188} INFO - [2023-12-29T22:03:27.753+0000] {dag.py:3033} INFO - Sync 6 DAGs
[2023-12-29T22:03:28.368+0000] {logging_mixin.py:188} INFO - [2023-12-29T22:03:28.367+0000] {dag.py:3820} INFO - Setting next_dagrun for dataset_consumes_1 to None, run_after=None
[2023-12-29T22:03:28.466+0000] {logging_mixin.py:188} INFO - [2023-12-29T22:03:28.465+0000] {dag.py:3820} INFO - Setting next_dagrun for dataset_consumes_1_and_2 to None, run_after=None
[2023-12-29T22:03:28.485+0000] {logging_mixin.py:188} INFO - [2023-12-29T22:03:28.484+0000] {dag.py:3820} INFO - Setting next_dagrun for dataset_consumes_1_never_scheduled to None, run_after=None
[2023-12-29T22:03:28.538+0000] {logging_mixin.py:188} INFO - [2023-12-29T22:03:28.537+0000] {dag.py:3820} INFO - Setting next_dagrun for dataset_consumes_unknown_never_scheduled to None, run_after=None
[2023-12-29T22:03:28.628+0000] {logging_mixin.py:188} INFO - [2023-12-29T22:03:28.627+0000] {dag.py:3820} INFO - Setting next_dagrun for dataset_produces_1 to 2023-12-28T00:00:00+00:00, run_after=2023-12-29T00:00:00+00:00
[2023-12-29T22:03:28.652+0000] {logging_mixin.py:188} INFO - [2023-12-29T22:03:28.651+0000] {dag.py:3820} INFO - Setting next_dagrun for dataset_produces_2 to None, run_after=None
[2023-12-29T22:03:29.100+0000] {processor.py:183} INFO - Processing /home/airflow/.local/lib/python3.8/site-packages/airflow/example_dags/example_datasets.py took 3.143 seconds
[2023-12-29T22:28:58.695+0000] {processor.py:161} INFO - Started process (PID=74) to work on /home/airflow/.local/lib/python3.8/site-packages/airflow/example_dags/example_datasets.py
[2023-12-29T22:28:58.729+0000] {processor.py:830} INFO - Processing file /home/airflow/.local/lib/python3.8/site-packages/airflow/example_dags/example_datasets.py for tasks to queue
[2023-12-29T22:28:58.797+0000] {logging_mixin.py:188} INFO - [2023-12-29T22:28:58.770+0000] {dagbag.py:538} INFO - Filling up the DagBag from /home/airflow/.local/lib/python3.8/site-packages/airflow/example_dags/example_datasets.py
[2023-12-29T22:28:59.479+0000] {processor.py:840} INFO - DAG(s) 'dataset_consumes_1_and_2', 'dataset_consumes_unknown_never_scheduled', 'dataset_consumes_1_never_scheduled', 'dataset_consumes_1', 'dataset_produces_2', 'dataset_produces_1' retrieved from /home/airflow/.local/lib/python3.8/site-packages/airflow/example_dags/example_datasets.py
[2023-12-29T22:29:03.191+0000] {logging_mixin.py:188} INFO - [2023-12-29T22:29:03.190+0000] {dag.py:3033} INFO - Sync 6 DAGs
[2023-12-29T22:29:03.577+0000] {logging_mixin.py:188} INFO - [2023-12-29T22:29:03.576+0000] {dag.py:3820} INFO - Setting next_dagrun for dataset_consumes_1 to None, run_after=None
[2023-12-29T22:29:03.616+0000] {logging_mixin.py:188} INFO - [2023-12-29T22:29:03.615+0000] {dag.py:3820} INFO - Setting next_dagrun for dataset_consumes_1_and_2 to None, run_after=None
[2023-12-29T22:29:03.658+0000] {logging_mixin.py:188} INFO - [2023-12-29T22:29:03.657+0000] {dag.py:3820} INFO - Setting next_dagrun for dataset_consumes_1_never_scheduled to None, run_after=None
[2023-12-29T22:29:03.674+0000] {logging_mixin.py:188} INFO - [2023-12-29T22:29:03.673+0000] {dag.py:3820} INFO - Setting next_dagrun for dataset_consumes_unknown_never_scheduled to None, run_after=None
[2023-12-29T22:29:03.735+0000] {logging_mixin.py:188} INFO - [2023-12-29T22:29:03.732+0000] {dag.py:3820} INFO - Setting next_dagrun for dataset_produces_1 to 2023-12-28T00:00:00+00:00, run_after=2023-12-29T00:00:00+00:00
[2023-12-29T22:29:03.752+0000] {logging_mixin.py:188} INFO - [2023-12-29T22:29:03.750+0000] {dag.py:3820} INFO - Setting next_dagrun for dataset_produces_2 to None, run_after=None
[2023-12-29T22:29:04.979+0000] {processor.py:183} INFO - Processing /home/airflow/.local/lib/python3.8/site-packages/airflow/example_dags/example_datasets.py took 6.360 seconds
[2023-12-29T22:31:52.040+0000] {processor.py:161} INFO - Started process (PID=158) to work on /home/airflow/.local/lib/python3.8/site-packages/airflow/example_dags/example_datasets.py
[2023-12-29T22:31:52.066+0000] {processor.py:830} INFO - Processing file /home/airflow/.local/lib/python3.8/site-packages/airflow/example_dags/example_datasets.py for tasks to queue
[2023-12-29T22:31:52.164+0000] {logging_mixin.py:188} INFO - [2023-12-29T22:31:52.146+0000] {dagbag.py:538} INFO - Filling up the DagBag from /home/airflow/.local/lib/python3.8/site-packages/airflow/example_dags/example_datasets.py
[2023-12-29T22:31:52.584+0000] {processor.py:840} INFO - DAG(s) 'dataset_consumes_unknown_never_scheduled', 'dataset_produces_1', 'dataset_produces_2', 'dataset_consumes_1_never_scheduled', 'dataset_consumes_1_and_2', 'dataset_consumes_1' retrieved from /home/airflow/.local/lib/python3.8/site-packages/airflow/example_dags/example_datasets.py
[2023-12-29T22:31:53.734+0000] {logging_mixin.py:188} INFO - [2023-12-29T22:31:53.733+0000] {dag.py:3033} INFO - Sync 6 DAGs
[2023-12-29T22:31:54.342+0000] {logging_mixin.py:188} INFO - [2023-12-29T22:31:54.341+0000] {dag.py:3820} INFO - Setting next_dagrun for dataset_consumes_1 to None, run_after=None
[2023-12-29T22:31:54.424+0000] {logging_mixin.py:188} INFO - [2023-12-29T22:31:54.423+0000] {dag.py:3820} INFO - Setting next_dagrun for dataset_consumes_1_and_2 to None, run_after=None
[2023-12-29T22:31:54.463+0000] {logging_mixin.py:188} INFO - [2023-12-29T22:31:54.462+0000] {dag.py:3820} INFO - Setting next_dagrun for dataset_consumes_1_never_scheduled to None, run_after=None
[2023-12-29T22:31:54.485+0000] {logging_mixin.py:188} INFO - [2023-12-29T22:31:54.484+0000] {dag.py:3820} INFO - Setting next_dagrun for dataset_consumes_unknown_never_scheduled to None, run_after=None
[2023-12-29T22:31:54.579+0000] {logging_mixin.py:188} INFO - [2023-12-29T22:31:54.556+0000] {dag.py:3820} INFO - Setting next_dagrun for dataset_produces_1 to 2023-12-28T00:00:00+00:00, run_after=2023-12-29T00:00:00+00:00
[2023-12-29T22:31:54.623+0000] {logging_mixin.py:188} INFO - [2023-12-29T22:31:54.621+0000] {dag.py:3820} INFO - Setting next_dagrun for dataset_produces_2 to None, run_after=None
[2023-12-29T22:31:55.604+0000] {processor.py:183} INFO - Processing /home/airflow/.local/lib/python3.8/site-packages/airflow/example_dags/example_datasets.py took 3.679 seconds
[2023-12-29T22:33:26.784+0000] {processor.py:161} INFO - Started process (PID=209) to work on /home/airflow/.local/lib/python3.8/site-packages/airflow/example_dags/example_datasets.py
[2023-12-29T22:33:26.903+0000] {processor.py:830} INFO - Processing file /home/airflow/.local/lib/python3.8/site-packages/airflow/example_dags/example_datasets.py for tasks to queue
[2023-12-29T22:33:27.090+0000] {logging_mixin.py:188} INFO - [2023-12-29T22:33:27.087+0000] {dagbag.py:538} INFO - Filling up the DagBag from /home/airflow/.local/lib/python3.8/site-packages/airflow/example_dags/example_datasets.py
[2023-12-29T22:33:27.986+0000] {processor.py:840} INFO - DAG(s) 'dataset_consumes_1_and_2', 'dataset_produces_1', 'dataset_consumes_unknown_never_scheduled', 'dataset_consumes_1', 'dataset_produces_2', 'dataset_consumes_1_never_scheduled' retrieved from /home/airflow/.local/lib/python3.8/site-packages/airflow/example_dags/example_datasets.py
[2023-12-29T22:33:30.011+0000] {logging_mixin.py:188} INFO - [2023-12-29T22:33:30.010+0000] {dag.py:3033} INFO - Sync 6 DAGs
[2023-12-29T22:33:32.186+0000] {logging_mixin.py:188} INFO - [2023-12-29T22:33:32.183+0000] {dag.py:3820} INFO - Setting next_dagrun for dataset_consumes_1 to None, run_after=None
[2023-12-29T22:33:33.430+0000] {logging_mixin.py:188} INFO - [2023-12-29T22:33:33.428+0000] {dag.py:3820} INFO - Setting next_dagrun for dataset_consumes_1_and_2 to None, run_after=None
[2023-12-29T22:33:33.604+0000] {logging_mixin.py:188} INFO - [2023-12-29T22:33:33.603+0000] {dag.py:3820} INFO - Setting next_dagrun for dataset_consumes_1_never_scheduled to None, run_after=None
[2023-12-29T22:33:33.717+0000] {logging_mixin.py:188} INFO - [2023-12-29T22:33:33.715+0000] {dag.py:3820} INFO - Setting next_dagrun for dataset_consumes_unknown_never_scheduled to None, run_after=None
[2023-12-29T22:33:34.273+0000] {logging_mixin.py:188} INFO - [2023-12-29T22:33:34.272+0000] {dag.py:3820} INFO - Setting next_dagrun for dataset_produces_1 to 2023-12-28T00:00:00+00:00, run_after=2023-12-29T00:00:00+00:00
[2023-12-29T22:33:34.355+0000] {logging_mixin.py:188} INFO - [2023-12-29T22:33:34.338+0000] {dag.py:3820} INFO - Setting next_dagrun for dataset_produces_2 to None, run_after=None
[2023-12-29T22:33:38.563+0000] {processor.py:183} INFO - Processing /home/airflow/.local/lib/python3.8/site-packages/airflow/example_dags/example_datasets.py took 12.069 seconds
[2023-12-29T22:34:51.187+0000] {processor.py:161} INFO - Started process (PID=261) to work on /home/airflow/.local/lib/python3.8/site-packages/airflow/example_dags/example_datasets.py
[2023-12-29T22:34:51.223+0000] {processor.py:830} INFO - Processing file /home/airflow/.local/lib/python3.8/site-packages/airflow/example_dags/example_datasets.py for tasks to queue
[2023-12-29T22:34:51.343+0000] {logging_mixin.py:188} INFO - [2023-12-29T22:34:51.330+0000] {dagbag.py:538} INFO - Filling up the DagBag from /home/airflow/.local/lib/python3.8/site-packages/airflow/example_dags/example_datasets.py
[2023-12-29T22:34:51.914+0000] {processor.py:840} INFO - DAG(s) 'dataset_consumes_unknown_never_scheduled', 'dataset_consumes_1', 'dataset_produces_1', 'dataset_produces_2', 'dataset_consumes_1_never_scheduled', 'dataset_consumes_1_and_2' retrieved from /home/airflow/.local/lib/python3.8/site-packages/airflow/example_dags/example_datasets.py
[2023-12-29T22:34:53.593+0000] {logging_mixin.py:188} INFO - [2023-12-29T22:34:53.592+0000] {dag.py:3033} INFO - Sync 6 DAGs
[2023-12-29T22:34:54.761+0000] {logging_mixin.py:188} INFO - [2023-12-29T22:34:54.760+0000] {dag.py:3820} INFO - Setting next_dagrun for dataset_consumes_1 to None, run_after=None
[2023-12-29T22:34:55.888+0000] {logging_mixin.py:188} INFO - [2023-12-29T22:34:55.886+0000] {dag.py:3820} INFO - Setting next_dagrun for dataset_consumes_1_and_2 to None, run_after=None
[2023-12-29T22:34:55.934+0000] {logging_mixin.py:188} INFO - [2023-12-29T22:34:55.933+0000] {dag.py:3820} INFO - Setting next_dagrun for dataset_consumes_1_never_scheduled to None, run_after=None
[2023-12-29T22:34:55.959+0000] {logging_mixin.py:188} INFO - [2023-12-29T22:34:55.958+0000] {dag.py:3820} INFO - Setting next_dagrun for dataset_consumes_unknown_never_scheduled to None, run_after=None
[2023-12-29T22:34:56.095+0000] {logging_mixin.py:188} INFO - [2023-12-29T22:34:56.093+0000] {dag.py:3820} INFO - Setting next_dagrun for dataset_produces_1 to 2023-12-28T00:00:00+00:00, run_after=2023-12-29T00:00:00+00:00
[2023-12-29T22:34:56.163+0000] {logging_mixin.py:188} INFO - [2023-12-29T22:34:56.162+0000] {dag.py:3820} INFO - Setting next_dagrun for dataset_produces_2 to None, run_after=None
[2023-12-29T22:34:56.993+0000] {processor.py:183} INFO - Processing /home/airflow/.local/lib/python3.8/site-packages/airflow/example_dags/example_datasets.py took 6.086 seconds
[2023-12-29T22:36:01.424+0000] {processor.py:161} INFO - Started process (PID=301) to work on /home/airflow/.local/lib/python3.8/site-packages/airflow/example_dags/example_datasets.py
[2023-12-29T22:36:01.617+0000] {processor.py:830} INFO - Processing file /home/airflow/.local/lib/python3.8/site-packages/airflow/example_dags/example_datasets.py for tasks to queue
[2023-12-29T22:36:02.186+0000] {logging_mixin.py:188} INFO - [2023-12-29T22:36:02.182+0000] {dagbag.py:538} INFO - Filling up the DagBag from /home/airflow/.local/lib/python3.8/site-packages/airflow/example_dags/example_datasets.py
[2023-12-29T22:36:02.839+0000] {processor.py:840} INFO - DAG(s) 'dataset_consumes_unknown_never_scheduled', 'dataset_produces_1', 'dataset_consumes_1_never_scheduled', 'dataset_consumes_1', 'dataset_produces_2', 'dataset_consumes_1_and_2' retrieved from /home/airflow/.local/lib/python3.8/site-packages/airflow/example_dags/example_datasets.py
[2023-12-29T22:36:03.960+0000] {logging_mixin.py:188} INFO - [2023-12-29T22:36:03.959+0000] {dag.py:3033} INFO - Sync 6 DAGs
[2023-12-29T22:36:04.592+0000] {logging_mixin.py:188} INFO - [2023-12-29T22:36:04.591+0000] {dag.py:3820} INFO - Setting next_dagrun for dataset_consumes_1 to None, run_after=None
[2023-12-29T22:36:04.658+0000] {logging_mixin.py:188} INFO - [2023-12-29T22:36:04.647+0000] {dag.py:3820} INFO - Setting next_dagrun for dataset_consumes_1_and_2 to None, run_after=None
[2023-12-29T22:36:04.672+0000] {logging_mixin.py:188} INFO - [2023-12-29T22:36:04.671+0000] {dag.py:3820} INFO - Setting next_dagrun for dataset_consumes_1_never_scheduled to None, run_after=None
[2023-12-29T22:36:04.691+0000] {logging_mixin.py:188} INFO - [2023-12-29T22:36:04.690+0000] {dag.py:3820} INFO - Setting next_dagrun for dataset_consumes_unknown_never_scheduled to None, run_after=None
[2023-12-29T22:36:04.788+0000] {logging_mixin.py:188} INFO - [2023-12-29T22:36:04.743+0000] {dag.py:3820} INFO - Setting next_dagrun for dataset_produces_1 to 2023-12-28T00:00:00+00:00, run_after=2023-12-29T00:00:00+00:00
[2023-12-29T22:36:04.853+0000] {logging_mixin.py:188} INFO - [2023-12-29T22:36:04.852+0000] {dag.py:3820} INFO - Setting next_dagrun for dataset_produces_2 to None, run_after=None
[2023-12-29T22:36:06.018+0000] {processor.py:183} INFO - Processing /home/airflow/.local/lib/python3.8/site-packages/airflow/example_dags/example_datasets.py took 5.046 seconds
[2023-12-29T22:38:52.344+0000] {processor.py:161} INFO - Started process (PID=365) to work on /home/airflow/.local/lib/python3.8/site-packages/airflow/example_dags/example_datasets.py
[2023-12-29T22:38:52.502+0000] {processor.py:830} INFO - Processing file /home/airflow/.local/lib/python3.8/site-packages/airflow/example_dags/example_datasets.py for tasks to queue
[2023-12-29T22:38:52.610+0000] {logging_mixin.py:188} INFO - [2023-12-29T22:38:52.533+0000] {dagbag.py:538} INFO - Filling up the DagBag from /home/airflow/.local/lib/python3.8/site-packages/airflow/example_dags/example_datasets.py
[2023-12-29T22:38:55.250+0000] {processor.py:840} INFO - DAG(s) 'dataset_produces_2', 'dataset_produces_1', 'dataset_consumes_1', 'dataset_consumes_1_and_2', 'dataset_consumes_1_never_scheduled', 'dataset_consumes_unknown_never_scheduled' retrieved from /home/airflow/.local/lib/python3.8/site-packages/airflow/example_dags/example_datasets.py
[2023-12-29T22:38:58.598+0000] {logging_mixin.py:188} INFO - [2023-12-29T22:38:58.596+0000] {dag.py:3033} INFO - Sync 6 DAGs
[2023-12-29T22:39:01.320+0000] {logging_mixin.py:188} INFO - [2023-12-29T22:39:01.318+0000] {dag.py:3820} INFO - Setting next_dagrun for dataset_consumes_1 to None, run_after=None
[2023-12-29T22:39:01.649+0000] {logging_mixin.py:188} INFO - [2023-12-29T22:39:01.648+0000] {dag.py:3820} INFO - Setting next_dagrun for dataset_consumes_1_and_2 to None, run_after=None
[2023-12-29T22:39:01.773+0000] {logging_mixin.py:188} INFO - [2023-12-29T22:39:01.772+0000] {dag.py:3820} INFO - Setting next_dagrun for dataset_consumes_1_never_scheduled to None, run_after=None
[2023-12-29T22:39:01.836+0000] {logging_mixin.py:188} INFO - [2023-12-29T22:39:01.835+0000] {dag.py:3820} INFO - Setting next_dagrun for dataset_consumes_unknown_never_scheduled to None, run_after=None
[2023-12-29T22:39:02.229+0000] {logging_mixin.py:188} INFO - [2023-12-29T22:39:02.221+0000] {dag.py:3820} INFO - Setting next_dagrun for dataset_produces_1 to 2023-12-28T00:00:00+00:00, run_after=2023-12-29T00:00:00+00:00
[2023-12-29T22:39:02.275+0000] {logging_mixin.py:188} INFO - [2023-12-29T22:39:02.274+0000] {dag.py:3820} INFO - Setting next_dagrun for dataset_produces_2 to None, run_after=None
[2023-12-29T22:39:03.874+0000] {processor.py:183} INFO - Processing /home/airflow/.local/lib/python3.8/site-packages/airflow/example_dags/example_datasets.py took 12.523 seconds
