[2023-12-29T21:57:59.200+0000] {processor.py:161} INFO - Started process (PID=135) to work on /home/airflow/.local/lib/python3.8/site-packages/airflow/example_dags/example_params_trigger_ui.py
[2023-12-29T21:57:59.229+0000] {processor.py:830} INFO - Processing file /home/airflow/.local/lib/python3.8/site-packages/airflow/example_dags/example_params_trigger_ui.py for tasks to queue
[2023-12-29T21:57:59.256+0000] {logging_mixin.py:188} INFO - [2023-12-29T21:57:59.254+0000] {dagbag.py:538} INFO - Filling up the DagBag from /home/airflow/.local/lib/python3.8/site-packages/airflow/example_dags/example_params_trigger_ui.py
[2023-12-29T21:57:59.494+0000] {processor.py:840} INFO - DAG(s) 'example_params_trigger_ui' retrieved from /home/airflow/.local/lib/python3.8/site-packages/airflow/example_dags/example_params_trigger_ui.py
[2023-12-29T21:58:03.327+0000] {logging_mixin.py:188} INFO - [2023-12-29T21:58:03.326+0000] {dag.py:3033} INFO - Sync 1 DAGs
[2023-12-29T21:58:03.509+0000] {logging_mixin.py:188} INFO - [2023-12-29T21:58:03.508+0000] {dag.py:3820} INFO - Setting next_dagrun for example_params_trigger_ui to None, run_after=None
[2023-12-29T21:58:03.779+0000] {processor.py:183} INFO - Processing /home/airflow/.local/lib/python3.8/site-packages/airflow/example_dags/example_params_trigger_ui.py took 4.617 seconds
[2023-12-29T22:00:12.001+0000] {processor.py:161} INFO - Started process (PID=232) to work on /home/airflow/.local/lib/python3.8/site-packages/airflow/example_dags/example_params_trigger_ui.py
[2023-12-29T22:00:12.016+0000] {processor.py:830} INFO - Processing file /home/airflow/.local/lib/python3.8/site-packages/airflow/example_dags/example_params_trigger_ui.py for tasks to queue
[2023-12-29T22:00:12.092+0000] {logging_mixin.py:188} INFO - [2023-12-29T22:00:12.090+0000] {dagbag.py:538} INFO - Filling up the DagBag from /home/airflow/.local/lib/python3.8/site-packages/airflow/example_dags/example_params_trigger_ui.py
[2023-12-29T22:00:13.024+0000] {processor.py:840} INFO - DAG(s) 'example_params_trigger_ui' retrieved from /home/airflow/.local/lib/python3.8/site-packages/airflow/example_dags/example_params_trigger_ui.py
[2023-12-29T22:00:14.735+0000] {logging_mixin.py:188} INFO - [2023-12-29T22:00:14.734+0000] {dag.py:3033} INFO - Sync 1 DAGs
[2023-12-29T22:00:15.350+0000] {logging_mixin.py:188} INFO - [2023-12-29T22:00:15.348+0000] {dag.py:3820} INFO - Setting next_dagrun for example_params_trigger_ui to None, run_after=None
[2023-12-29T22:00:15.646+0000] {processor.py:183} INFO - Processing /home/airflow/.local/lib/python3.8/site-packages/airflow/example_dags/example_params_trigger_ui.py took 3.786 seconds
[2023-12-29T22:01:44.437+0000] {processor.py:161} INFO - Started process (PID=305) to work on /home/airflow/.local/lib/python3.8/site-packages/airflow/example_dags/example_params_trigger_ui.py
[2023-12-29T22:01:44.463+0000] {processor.py:830} INFO - Processing file /home/airflow/.local/lib/python3.8/site-packages/airflow/example_dags/example_params_trigger_ui.py for tasks to queue
[2023-12-29T22:01:44.547+0000] {logging_mixin.py:188} INFO - [2023-12-29T22:01:44.540+0000] {dagbag.py:538} INFO - Filling up the DagBag from /home/airflow/.local/lib/python3.8/site-packages/airflow/example_dags/example_params_trigger_ui.py
[2023-12-29T22:01:45.045+0000] {processor.py:840} INFO - DAG(s) 'example_params_trigger_ui' retrieved from /home/airflow/.local/lib/python3.8/site-packages/airflow/example_dags/example_params_trigger_ui.py
[2023-12-29T22:01:46.403+0000] {logging_mixin.py:188} INFO - [2023-12-29T22:01:46.401+0000] {dag.py:3033} INFO - Sync 1 DAGs
[2023-12-29T22:01:46.576+0000] {logging_mixin.py:188} INFO - [2023-12-29T22:01:46.574+0000] {dag.py:3820} INFO - Setting next_dagrun for example_params_trigger_ui to None, run_after=None
[2023-12-29T22:01:46.810+0000] {processor.py:183} INFO - Processing /home/airflow/.local/lib/python3.8/site-packages/airflow/example_dags/example_params_trigger_ui.py took 2.476 seconds
[2023-12-29T22:02:58.676+0000] {processor.py:161} INFO - Started process (PID=370) to work on /home/airflow/.local/lib/python3.8/site-packages/airflow/example_dags/example_params_trigger_ui.py
[2023-12-29T22:02:58.725+0000] {processor.py:830} INFO - Processing file /home/airflow/.local/lib/python3.8/site-packages/airflow/example_dags/example_params_trigger_ui.py for tasks to queue
[2023-12-29T22:02:58.823+0000] {logging_mixin.py:188} INFO - [2023-12-29T22:02:58.821+0000] {dagbag.py:538} INFO - Filling up the DagBag from /home/airflow/.local/lib/python3.8/site-packages/airflow/example_dags/example_params_trigger_ui.py
[2023-12-29T22:02:58.992+0000] {processor.py:840} INFO - DAG(s) 'example_params_trigger_ui' retrieved from /home/airflow/.local/lib/python3.8/site-packages/airflow/example_dags/example_params_trigger_ui.py
[2023-12-29T22:03:02.710+0000] {logging_mixin.py:188} INFO - [2023-12-29T22:03:02.683+0000] {dag.py:3033} INFO - Sync 1 DAGs
[2023-12-29T22:03:03.473+0000] {logging_mixin.py:188} INFO - [2023-12-29T22:03:03.472+0000] {dag.py:3820} INFO - Setting next_dagrun for example_params_trigger_ui to None, run_after=None
[2023-12-29T22:03:05.091+0000] {processor.py:183} INFO - Processing /home/airflow/.local/lib/python3.8/site-packages/airflow/example_dags/example_params_trigger_ui.py took 6.524 seconds
[2023-12-29T22:31:04.773+0000] {processor.py:161} INFO - Started process (PID=130) to work on /home/airflow/.local/lib/python3.8/site-packages/airflow/example_dags/example_params_trigger_ui.py
[2023-12-29T22:31:04.782+0000] {processor.py:830} INFO - Processing file /home/airflow/.local/lib/python3.8/site-packages/airflow/example_dags/example_params_trigger_ui.py for tasks to queue
[2023-12-29T22:31:04.814+0000] {logging_mixin.py:188} INFO - [2023-12-29T22:31:04.808+0000] {dagbag.py:538} INFO - Filling up the DagBag from /home/airflow/.local/lib/python3.8/site-packages/airflow/example_dags/example_params_trigger_ui.py
[2023-12-29T22:31:05.081+0000] {processor.py:840} INFO - DAG(s) 'example_params_trigger_ui' retrieved from /home/airflow/.local/lib/python3.8/site-packages/airflow/example_dags/example_params_trigger_ui.py
[2023-12-29T22:31:12.974+0000] {logging_mixin.py:188} INFO - [2023-12-29T22:31:12.960+0000] {dag.py:3033} INFO - Sync 1 DAGs
[2023-12-29T22:31:15.664+0000] {logging_mixin.py:188} INFO - [2023-12-29T22:31:15.662+0000] {dag.py:3820} INFO - Setting next_dagrun for example_params_trigger_ui to None, run_after=None
[2023-12-29T22:31:16.184+0000] {processor.py:183} INFO - Processing /home/airflow/.local/lib/python3.8/site-packages/airflow/example_dags/example_params_trigger_ui.py took 11.469 seconds
[2023-12-29T22:34:03.296+0000] {processor.py:161} INFO - Started process (PID=238) to work on /home/airflow/.local/lib/python3.8/site-packages/airflow/example_dags/example_params_trigger_ui.py
[2023-12-29T22:34:03.325+0000] {processor.py:830} INFO - Processing file /home/airflow/.local/lib/python3.8/site-packages/airflow/example_dags/example_params_trigger_ui.py for tasks to queue
[2023-12-29T22:34:03.407+0000] {logging_mixin.py:188} INFO - [2023-12-29T22:34:03.405+0000] {dagbag.py:538} INFO - Filling up the DagBag from /home/airflow/.local/lib/python3.8/site-packages/airflow/example_dags/example_params_trigger_ui.py
[2023-12-29T22:34:03.769+0000] {processor.py:840} INFO - DAG(s) 'example_params_trigger_ui' retrieved from /home/airflow/.local/lib/python3.8/site-packages/airflow/example_dags/example_params_trigger_ui.py
[2023-12-29T22:34:05.919+0000] {logging_mixin.py:188} INFO - [2023-12-29T22:34:05.917+0000] {dag.py:3033} INFO - Sync 1 DAGs
[2023-12-29T22:34:06.421+0000] {logging_mixin.py:188} INFO - [2023-12-29T22:34:06.420+0000] {dag.py:3820} INFO - Setting next_dagrun for example_params_trigger_ui to None, run_after=None
[2023-12-29T22:34:06.647+0000] {processor.py:183} INFO - Processing /home/airflow/.local/lib/python3.8/site-packages/airflow/example_dags/example_params_trigger_ui.py took 3.429 seconds
[2023-12-29T22:36:50.996+0000] {processor.py:161} INFO - Started process (PID=331) to work on /home/airflow/.local/lib/python3.8/site-packages/airflow/example_dags/example_params_trigger_ui.py
[2023-12-29T22:36:51.083+0000] {processor.py:830} INFO - Processing file /home/airflow/.local/lib/python3.8/site-packages/airflow/example_dags/example_params_trigger_ui.py for tasks to queue
[2023-12-29T22:36:51.141+0000] {logging_mixin.py:188} INFO - [2023-12-29T22:36:51.135+0000] {dagbag.py:538} INFO - Filling up the DagBag from /home/airflow/.local/lib/python3.8/site-packages/airflow/example_dags/example_params_trigger_ui.py
[2023-12-29T22:36:51.640+0000] {processor.py:840} INFO - DAG(s) 'example_params_trigger_ui' retrieved from /home/airflow/.local/lib/python3.8/site-packages/airflow/example_dags/example_params_trigger_ui.py
[2023-12-29T22:36:54.814+0000] {logging_mixin.py:188} INFO - [2023-12-29T22:36:54.813+0000] {dag.py:3033} INFO - Sync 1 DAGs
[2023-12-29T22:36:55.488+0000] {logging_mixin.py:188} INFO - [2023-12-29T22:36:55.487+0000] {dag.py:3820} INFO - Setting next_dagrun for example_params_trigger_ui to None, run_after=None
[2023-12-29T22:36:56.104+0000] {processor.py:183} INFO - Processing /home/airflow/.local/lib/python3.8/site-packages/airflow/example_dags/example_params_trigger_ui.py took 5.248 seconds
