[2023-12-29T21:55:55.059+0000] {processor.py:161} INFO - Started process (PID=77) to work on /home/airflow/.local/lib/python3.8/site-packages/airflow/example_dags/tutorial.py
[2023-12-29T21:55:55.072+0000] {processor.py:830} INFO - Processing file /home/airflow/.local/lib/python3.8/site-packages/airflow/example_dags/tutorial.py for tasks to queue
[2023-12-29T21:55:55.528+0000] {logging_mixin.py:188} INFO - [2023-12-29T21:55:55.526+0000] {dagbag.py:538} INFO - Filling up the DagBag from /home/airflow/.local/lib/python3.8/site-packages/airflow/example_dags/tutorial.py
[2023-12-29T21:55:55.998+0000] {processor.py:840} INFO - DAG(s) 'tutorial' retrieved from /home/airflow/.local/lib/python3.8/site-packages/airflow/example_dags/tutorial.py
[2023-12-29T21:55:59.810+0000] {logging_mixin.py:188} INFO - [2023-12-29T21:55:59.809+0000] {dag.py:3033} INFO - Sync 1 DAGs
[2023-12-29T21:56:00.544+0000] {logging_mixin.py:188} INFO - [2023-12-29T21:56:00.542+0000] {dag.py:3820} INFO - Setting next_dagrun for tutorial to 2023-12-28T00:00:00+00:00, run_after=2023-12-29T00:00:00+00:00
[2023-12-29T21:56:00.972+0000] {processor.py:183} INFO - Processing /home/airflow/.local/lib/python3.8/site-packages/airflow/example_dags/tutorial.py took 6.236 seconds
[2023-12-29T21:58:30.555+0000] {processor.py:161} INFO - Started process (PID=155) to work on /home/airflow/.local/lib/python3.8/site-packages/airflow/example_dags/tutorial.py
[2023-12-29T21:58:30.562+0000] {processor.py:830} INFO - Processing file /home/airflow/.local/lib/python3.8/site-packages/airflow/example_dags/tutorial.py for tasks to queue
[2023-12-29T21:58:30.608+0000] {logging_mixin.py:188} INFO - [2023-12-29T21:58:30.607+0000] {dagbag.py:538} INFO - Filling up the DagBag from /home/airflow/.local/lib/python3.8/site-packages/airflow/example_dags/tutorial.py
[2023-12-29T21:58:30.684+0000] {processor.py:840} INFO - DAG(s) 'tutorial' retrieved from /home/airflow/.local/lib/python3.8/site-packages/airflow/example_dags/tutorial.py
[2023-12-29T21:58:31.256+0000] {logging_mixin.py:188} INFO - [2023-12-29T21:58:31.249+0000] {dag.py:3033} INFO - Sync 1 DAGs
[2023-12-29T21:58:32.139+0000] {logging_mixin.py:188} INFO - [2023-12-29T21:58:32.138+0000] {dag.py:3820} INFO - Setting next_dagrun for tutorial to 2023-12-28T00:00:00+00:00, run_after=2023-12-29T00:00:00+00:00
[2023-12-29T21:58:32.555+0000] {processor.py:183} INFO - Processing /home/airflow/.local/lib/python3.8/site-packages/airflow/example_dags/tutorial.py took 2.036 seconds
[2023-12-29T21:59:41.694+0000] {processor.py:161} INFO - Started process (PID=207) to work on /home/airflow/.local/lib/python3.8/site-packages/airflow/example_dags/tutorial.py
[2023-12-29T21:59:41.724+0000] {processor.py:830} INFO - Processing file /home/airflow/.local/lib/python3.8/site-packages/airflow/example_dags/tutorial.py for tasks to queue
[2023-12-29T21:59:41.764+0000] {logging_mixin.py:188} INFO - [2023-12-29T21:59:41.761+0000] {dagbag.py:538} INFO - Filling up the DagBag from /home/airflow/.local/lib/python3.8/site-packages/airflow/example_dags/tutorial.py
[2023-12-29T21:59:41.836+0000] {processor.py:840} INFO - DAG(s) 'tutorial' retrieved from /home/airflow/.local/lib/python3.8/site-packages/airflow/example_dags/tutorial.py
[2023-12-29T21:59:42.059+0000] {logging_mixin.py:188} INFO - [2023-12-29T21:59:42.057+0000] {dag.py:3033} INFO - Sync 1 DAGs
[2023-12-29T21:59:42.417+0000] {logging_mixin.py:188} INFO - [2023-12-29T21:59:42.400+0000] {dag.py:3820} INFO - Setting next_dagrun for tutorial to 2023-12-28T00:00:00+00:00, run_after=2023-12-29T00:00:00+00:00
[2023-12-29T21:59:43.764+0000] {processor.py:183} INFO - Processing /home/airflow/.local/lib/python3.8/site-packages/airflow/example_dags/tutorial.py took 2.131 seconds
[2023-12-29T22:00:39.111+0000] {processor.py:161} INFO - Started process (PID=246) to work on /home/airflow/.local/lib/python3.8/site-packages/airflow/example_dags/tutorial.py
[2023-12-29T22:00:39.118+0000] {processor.py:830} INFO - Processing file /home/airflow/.local/lib/python3.8/site-packages/airflow/example_dags/tutorial.py for tasks to queue
[2023-12-29T22:00:39.138+0000] {logging_mixin.py:188} INFO - [2023-12-29T22:00:39.136+0000] {dagbag.py:538} INFO - Filling up the DagBag from /home/airflow/.local/lib/python3.8/site-packages/airflow/example_dags/tutorial.py
[2023-12-29T22:00:39.227+0000] {processor.py:840} INFO - DAG(s) 'tutorial' retrieved from /home/airflow/.local/lib/python3.8/site-packages/airflow/example_dags/tutorial.py
[2023-12-29T22:00:39.535+0000] {logging_mixin.py:188} INFO - [2023-12-29T22:00:39.533+0000] {dag.py:3033} INFO - Sync 1 DAGs
[2023-12-29T22:00:40.383+0000] {logging_mixin.py:188} INFO - [2023-12-29T22:00:40.381+0000] {dag.py:3820} INFO - Setting next_dagrun for tutorial to 2023-12-28T00:00:00+00:00, run_after=2023-12-29T00:00:00+00:00
[2023-12-29T22:00:41.013+0000] {processor.py:183} INFO - Processing /home/airflow/.local/lib/python3.8/site-packages/airflow/example_dags/tutorial.py took 1.997 seconds
[2023-12-29T22:02:03.169+0000] {processor.py:161} INFO - Started process (PID=319) to work on /home/airflow/.local/lib/python3.8/site-packages/airflow/example_dags/tutorial.py
[2023-12-29T22:02:03.193+0000] {processor.py:830} INFO - Processing file /home/airflow/.local/lib/python3.8/site-packages/airflow/example_dags/tutorial.py for tasks to queue
[2023-12-29T22:02:03.241+0000] {logging_mixin.py:188} INFO - [2023-12-29T22:02:03.228+0000] {dagbag.py:538} INFO - Filling up the DagBag from /home/airflow/.local/lib/python3.8/site-packages/airflow/example_dags/tutorial.py
[2023-12-29T22:02:03.335+0000] {processor.py:840} INFO - DAG(s) 'tutorial' retrieved from /home/airflow/.local/lib/python3.8/site-packages/airflow/example_dags/tutorial.py
[2023-12-29T22:02:03.901+0000] {logging_mixin.py:188} INFO - [2023-12-29T22:02:03.876+0000] {dag.py:3033} INFO - Sync 1 DAGs
[2023-12-29T22:02:04.428+0000] {logging_mixin.py:188} INFO - [2023-12-29T22:02:04.427+0000] {dag.py:3820} INFO - Setting next_dagrun for tutorial to 2023-12-28T00:00:00+00:00, run_after=2023-12-29T00:00:00+00:00
[2023-12-29T22:02:04.757+0000] {processor.py:183} INFO - Processing /home/airflow/.local/lib/python3.8/site-packages/airflow/example_dags/tutorial.py took 1.642 seconds
[2023-12-29T22:03:22.916+0000] {processor.py:161} INFO - Started process (PID=390) to work on /home/airflow/.local/lib/python3.8/site-packages/airflow/example_dags/tutorial.py
[2023-12-29T22:03:22.984+0000] {processor.py:830} INFO - Processing file /home/airflow/.local/lib/python3.8/site-packages/airflow/example_dags/tutorial.py for tasks to queue
[2023-12-29T22:03:23.050+0000] {logging_mixin.py:188} INFO - [2023-12-29T22:03:23.048+0000] {dagbag.py:538} INFO - Filling up the DagBag from /home/airflow/.local/lib/python3.8/site-packages/airflow/example_dags/tutorial.py
[2023-12-29T22:03:23.248+0000] {processor.py:840} INFO - DAG(s) 'tutorial' retrieved from /home/airflow/.local/lib/python3.8/site-packages/airflow/example_dags/tutorial.py
[2023-12-29T22:03:23.705+0000] {logging_mixin.py:188} INFO - [2023-12-29T22:03:23.704+0000] {dag.py:3033} INFO - Sync 1 DAGs
[2023-12-29T22:03:24.272+0000] {logging_mixin.py:188} INFO - [2023-12-29T22:03:24.271+0000] {dag.py:3820} INFO - Setting next_dagrun for tutorial to 2023-12-28T00:00:00+00:00, run_after=2023-12-29T00:00:00+00:00
[2023-12-29T22:03:24.702+0000] {processor.py:183} INFO - Processing /home/airflow/.local/lib/python3.8/site-packages/airflow/example_dags/tutorial.py took 2.042 seconds
[2023-12-29T22:04:19.888+0000] {processor.py:161} INFO - Started process (PID=426) to work on /home/airflow/.local/lib/python3.8/site-packages/airflow/example_dags/tutorial.py
[2023-12-29T22:04:20.114+0000] {processor.py:830} INFO - Processing file /home/airflow/.local/lib/python3.8/site-packages/airflow/example_dags/tutorial.py for tasks to queue
[2023-12-29T22:04:20.442+0000] {logging_mixin.py:188} INFO - [2023-12-29T22:04:20.366+0000] {dagbag.py:538} INFO - Filling up the DagBag from /home/airflow/.local/lib/python3.8/site-packages/airflow/example_dags/tutorial.py
[2023-12-29T22:04:21.059+0000] {processor.py:840} INFO - DAG(s) 'tutorial' retrieved from /home/airflow/.local/lib/python3.8/site-packages/airflow/example_dags/tutorial.py
[2023-12-29T22:04:23.238+0000] {logging_mixin.py:188} INFO - [2023-12-29T22:04:23.154+0000] {dag.py:3033} INFO - Sync 1 DAGs
[2023-12-29T22:04:25.294+0000] {logging_mixin.py:188} INFO - [2023-12-29T22:04:25.270+0000] {dag.py:3820} INFO - Setting next_dagrun for tutorial to 2023-12-28T00:00:00+00:00, run_after=2023-12-29T00:00:00+00:00
[2023-12-29T22:04:27.922+0000] {processor.py:183} INFO - Processing /home/airflow/.local/lib/python3.8/site-packages/airflow/example_dags/tutorial.py took 8.613 seconds
[2023-12-29T22:28:49.067+0000] {processor.py:161} INFO - Started process (PID=71) to work on /home/airflow/.local/lib/python3.8/site-packages/airflow/example_dags/tutorial.py
[2023-12-29T22:28:49.077+0000] {processor.py:830} INFO - Processing file /home/airflow/.local/lib/python3.8/site-packages/airflow/example_dags/tutorial.py for tasks to queue
[2023-12-29T22:28:49.129+0000] {logging_mixin.py:188} INFO - [2023-12-29T22:28:49.106+0000] {dagbag.py:538} INFO - Filling up the DagBag from /home/airflow/.local/lib/python3.8/site-packages/airflow/example_dags/tutorial.py
[2023-12-29T22:28:49.351+0000] {processor.py:840} INFO - DAG(s) 'tutorial' retrieved from /home/airflow/.local/lib/python3.8/site-packages/airflow/example_dags/tutorial.py
[2023-12-29T22:28:53.509+0000] {logging_mixin.py:188} INFO - [2023-12-29T22:28:53.499+0000] {dag.py:3033} INFO - Sync 1 DAGs
[2023-12-29T22:28:53.897+0000] {logging_mixin.py:188} INFO - [2023-12-29T22:28:53.896+0000] {dag.py:3820} INFO - Setting next_dagrun for tutorial to 2023-12-28T00:00:00+00:00, run_after=2023-12-29T00:00:00+00:00
[2023-12-29T22:28:54.201+0000] {processor.py:183} INFO - Processing /home/airflow/.local/lib/python3.8/site-packages/airflow/example_dags/tutorial.py took 5.212 seconds
[2023-12-29T22:31:44.941+0000] {processor.py:161} INFO - Started process (PID=150) to work on /home/airflow/.local/lib/python3.8/site-packages/airflow/example_dags/tutorial.py
[2023-12-29T22:31:44.960+0000] {processor.py:830} INFO - Processing file /home/airflow/.local/lib/python3.8/site-packages/airflow/example_dags/tutorial.py for tasks to queue
[2023-12-29T22:31:44.992+0000] {logging_mixin.py:188} INFO - [2023-12-29T22:31:44.990+0000] {dagbag.py:538} INFO - Filling up the DagBag from /home/airflow/.local/lib/python3.8/site-packages/airflow/example_dags/tutorial.py
[2023-12-29T22:31:45.248+0000] {processor.py:840} INFO - DAG(s) 'tutorial' retrieved from /home/airflow/.local/lib/python3.8/site-packages/airflow/example_dags/tutorial.py
[2023-12-29T22:31:46.216+0000] {logging_mixin.py:188} INFO - [2023-12-29T22:31:46.215+0000] {dag.py:3033} INFO - Sync 1 DAGs
[2023-12-29T22:31:47.664+0000] {logging_mixin.py:188} INFO - [2023-12-29T22:31:47.661+0000] {dag.py:3820} INFO - Setting next_dagrun for tutorial to 2023-12-28T00:00:00+00:00, run_after=2023-12-29T00:00:00+00:00
[2023-12-29T22:31:48.055+0000] {processor.py:183} INFO - Processing /home/airflow/.local/lib/python3.8/site-packages/airflow/example_dags/tutorial.py took 3.195 seconds
[2023-12-29T22:33:21.797+0000] {processor.py:161} INFO - Started process (PID=206) to work on /home/airflow/.local/lib/python3.8/site-packages/airflow/example_dags/tutorial.py
[2023-12-29T22:33:21.813+0000] {processor.py:830} INFO - Processing file /home/airflow/.local/lib/python3.8/site-packages/airflow/example_dags/tutorial.py for tasks to queue
[2023-12-29T22:33:21.883+0000] {logging_mixin.py:188} INFO - [2023-12-29T22:33:21.881+0000] {dagbag.py:538} INFO - Filling up the DagBag from /home/airflow/.local/lib/python3.8/site-packages/airflow/example_dags/tutorial.py
[2023-12-29T22:33:22.211+0000] {processor.py:840} INFO - DAG(s) 'tutorial' retrieved from /home/airflow/.local/lib/python3.8/site-packages/airflow/example_dags/tutorial.py
[2023-12-29T22:33:22.816+0000] {logging_mixin.py:188} INFO - [2023-12-29T22:33:22.815+0000] {dag.py:3033} INFO - Sync 1 DAGs
[2023-12-29T22:33:23.620+0000] {logging_mixin.py:188} INFO - [2023-12-29T22:33:23.492+0000] {dag.py:3820} INFO - Setting next_dagrun for tutorial to 2023-12-28T00:00:00+00:00, run_after=2023-12-29T00:00:00+00:00
[2023-12-29T22:33:24.448+0000] {processor.py:183} INFO - Processing /home/airflow/.local/lib/python3.8/site-packages/airflow/example_dags/tutorial.py took 2.749 seconds
[2023-12-29T22:34:46.505+0000] {processor.py:161} INFO - Started process (PID=258) to work on /home/airflow/.local/lib/python3.8/site-packages/airflow/example_dags/tutorial.py
[2023-12-29T22:34:46.522+0000] {processor.py:830} INFO - Processing file /home/airflow/.local/lib/python3.8/site-packages/airflow/example_dags/tutorial.py for tasks to queue
[2023-12-29T22:34:46.643+0000] {logging_mixin.py:188} INFO - [2023-12-29T22:34:46.642+0000] {dagbag.py:538} INFO - Filling up the DagBag from /home/airflow/.local/lib/python3.8/site-packages/airflow/example_dags/tutorial.py
[2023-12-29T22:34:46.937+0000] {processor.py:840} INFO - DAG(s) 'tutorial' retrieved from /home/airflow/.local/lib/python3.8/site-packages/airflow/example_dags/tutorial.py
[2023-12-29T22:34:47.663+0000] {logging_mixin.py:188} INFO - [2023-12-29T22:34:47.662+0000] {dag.py:3033} INFO - Sync 1 DAGs
[2023-12-29T22:34:48.255+0000] {logging_mixin.py:188} INFO - [2023-12-29T22:34:48.254+0000] {dag.py:3820} INFO - Setting next_dagrun for tutorial to 2023-12-28T00:00:00+00:00, run_after=2023-12-29T00:00:00+00:00
[2023-12-29T22:34:48.864+0000] {processor.py:183} INFO - Processing /home/airflow/.local/lib/python3.8/site-packages/airflow/example_dags/tutorial.py took 2.524 seconds
[2023-12-29T22:35:55.671+0000] {processor.py:161} INFO - Started process (PID=298) to work on /home/airflow/.local/lib/python3.8/site-packages/airflow/example_dags/tutorial.py
[2023-12-29T22:35:55.698+0000] {processor.py:830} INFO - Processing file /home/airflow/.local/lib/python3.8/site-packages/airflow/example_dags/tutorial.py for tasks to queue
[2023-12-29T22:35:55.853+0000] {logging_mixin.py:188} INFO - [2023-12-29T22:35:55.841+0000] {dagbag.py:538} INFO - Filling up the DagBag from /home/airflow/.local/lib/python3.8/site-packages/airflow/example_dags/tutorial.py
[2023-12-29T22:35:56.095+0000] {processor.py:840} INFO - DAG(s) 'tutorial' retrieved from /home/airflow/.local/lib/python3.8/site-packages/airflow/example_dags/tutorial.py
[2023-12-29T22:35:57.366+0000] {logging_mixin.py:188} INFO - [2023-12-29T22:35:57.365+0000] {dag.py:3033} INFO - Sync 1 DAGs
[2023-12-29T22:35:58.142+0000] {logging_mixin.py:188} INFO - [2023-12-29T22:35:58.138+0000] {dag.py:3820} INFO - Setting next_dagrun for tutorial to 2023-12-28T00:00:00+00:00, run_after=2023-12-29T00:00:00+00:00
[2023-12-29T22:35:59.220+0000] {processor.py:183} INFO - Processing /home/airflow/.local/lib/python3.8/site-packages/airflow/example_dags/tutorial.py took 3.708 seconds
[2023-12-29T22:38:20.792+0000] {processor.py:161} INFO - Started process (PID=356) to work on /home/airflow/.local/lib/python3.8/site-packages/airflow/example_dags/tutorial.py
[2023-12-29T22:38:20.838+0000] {processor.py:830} INFO - Processing file /home/airflow/.local/lib/python3.8/site-packages/airflow/example_dags/tutorial.py for tasks to queue
[2023-12-29T22:38:21.156+0000] {logging_mixin.py:188} INFO - [2023-12-29T22:38:21.154+0000] {dagbag.py:538} INFO - Filling up the DagBag from /home/airflow/.local/lib/python3.8/site-packages/airflow/example_dags/tutorial.py
[2023-12-29T22:38:21.896+0000] {processor.py:840} INFO - DAG(s) 'tutorial' retrieved from /home/airflow/.local/lib/python3.8/site-packages/airflow/example_dags/tutorial.py
[2023-12-29T22:38:24.411+0000] {logging_mixin.py:188} INFO - [2023-12-29T22:38:24.410+0000] {dag.py:3033} INFO - Sync 1 DAGs
[2023-12-29T22:38:26.676+0000] {logging_mixin.py:188} INFO - [2023-12-29T22:38:26.674+0000] {dag.py:3820} INFO - Setting next_dagrun for tutorial to 2023-12-28T00:00:00+00:00, run_after=2023-12-29T00:00:00+00:00
[2023-12-29T22:38:35.119+0000] {processor.py:183} INFO - Processing /home/airflow/.local/lib/python3.8/site-packages/airflow/example_dags/tutorial.py took 14.140 seconds
