[2023-12-29T21:56:26.033+0000] {processor.py:161} INFO - Started process (PID=90) to work on /home/airflow/.local/lib/python3.8/site-packages/airflow/example_dags/tutorial_taskflow_api.py
[2023-12-29T21:56:26.048+0000] {processor.py:830} INFO - Processing file /home/airflow/.local/lib/python3.8/site-packages/airflow/example_dags/tutorial_taskflow_api.py for tasks to queue
[2023-12-29T21:56:26.113+0000] {logging_mixin.py:188} INFO - [2023-12-29T21:56:26.110+0000] {dagbag.py:538} INFO - Filling up the DagBag from /home/airflow/.local/lib/python3.8/site-packages/airflow/example_dags/tutorial_taskflow_api.py
[2023-12-29T21:56:26.334+0000] {processor.py:840} INFO - DAG(s) 'tutorial_taskflow_api' retrieved from /home/airflow/.local/lib/python3.8/site-packages/airflow/example_dags/tutorial_taskflow_api.py
[2023-12-29T21:56:31.469+0000] {logging_mixin.py:188} INFO - [2023-12-29T21:56:31.468+0000] {dag.py:3033} INFO - Sync 1 DAGs
[2023-12-29T21:56:31.652+0000] {logging_mixin.py:188} INFO - [2023-12-29T21:56:31.651+0000] {dag.py:3820} INFO - Setting next_dagrun for tutorial_taskflow_api to None, run_after=None
[2023-12-29T21:56:32.025+0000] {processor.py:183} INFO - Processing /home/airflow/.local/lib/python3.8/site-packages/airflow/example_dags/tutorial_taskflow_api.py took 6.139 seconds
[2023-12-29T21:58:47.093+0000] {processor.py:161} INFO - Started process (PID=168) to work on /home/airflow/.local/lib/python3.8/site-packages/airflow/example_dags/tutorial_taskflow_api.py
[2023-12-29T21:58:47.104+0000] {processor.py:830} INFO - Processing file /home/airflow/.local/lib/python3.8/site-packages/airflow/example_dags/tutorial_taskflow_api.py for tasks to queue
[2023-12-29T21:58:47.146+0000] {logging_mixin.py:188} INFO - [2023-12-29T21:58:47.144+0000] {dagbag.py:538} INFO - Filling up the DagBag from /home/airflow/.local/lib/python3.8/site-packages/airflow/example_dags/tutorial_taskflow_api.py
[2023-12-29T21:58:47.305+0000] {processor.py:840} INFO - DAG(s) 'tutorial_taskflow_api' retrieved from /home/airflow/.local/lib/python3.8/site-packages/airflow/example_dags/tutorial_taskflow_api.py
[2023-12-29T21:58:48.338+0000] {logging_mixin.py:188} INFO - [2023-12-29T21:58:48.320+0000] {dag.py:3033} INFO - Sync 1 DAGs
[2023-12-29T21:58:48.887+0000] {logging_mixin.py:188} INFO - [2023-12-29T21:58:48.886+0000] {dag.py:3820} INFO - Setting next_dagrun for tutorial_taskflow_api to None, run_after=None
[2023-12-29T21:58:49.401+0000] {processor.py:183} INFO - Processing /home/airflow/.local/lib/python3.8/site-packages/airflow/example_dags/tutorial_taskflow_api.py took 2.374 seconds
[2023-12-29T21:59:54.341+0000] {processor.py:161} INFO - Started process (PID=215) to work on /home/airflow/.local/lib/python3.8/site-packages/airflow/example_dags/tutorial_taskflow_api.py
[2023-12-29T21:59:54.364+0000] {processor.py:830} INFO - Processing file /home/airflow/.local/lib/python3.8/site-packages/airflow/example_dags/tutorial_taskflow_api.py for tasks to queue
[2023-12-29T21:59:54.418+0000] {logging_mixin.py:188} INFO - [2023-12-29T21:59:54.416+0000] {dagbag.py:538} INFO - Filling up the DagBag from /home/airflow/.local/lib/python3.8/site-packages/airflow/example_dags/tutorial_taskflow_api.py
[2023-12-29T21:59:54.617+0000] {processor.py:840} INFO - DAG(s) 'tutorial_taskflow_api' retrieved from /home/airflow/.local/lib/python3.8/site-packages/airflow/example_dags/tutorial_taskflow_api.py
[2023-12-29T21:59:55.047+0000] {logging_mixin.py:188} INFO - [2023-12-29T21:59:55.045+0000] {dag.py:3033} INFO - Sync 1 DAGs
[2023-12-29T21:59:55.518+0000] {logging_mixin.py:188} INFO - [2023-12-29T21:59:55.517+0000] {dag.py:3820} INFO - Setting next_dagrun for tutorial_taskflow_api to None, run_after=None
[2023-12-29T21:59:56.980+0000] {processor.py:183} INFO - Processing /home/airflow/.local/lib/python3.8/site-packages/airflow/example_dags/tutorial_taskflow_api.py took 2.793 seconds
[2023-12-29T22:01:22.873+0000] {processor.py:161} INFO - Started process (PID=289) to work on /home/airflow/.local/lib/python3.8/site-packages/airflow/example_dags/tutorial_taskflow_api.py
[2023-12-29T22:01:22.882+0000] {processor.py:830} INFO - Processing file /home/airflow/.local/lib/python3.8/site-packages/airflow/example_dags/tutorial_taskflow_api.py for tasks to queue
[2023-12-29T22:01:22.910+0000] {logging_mixin.py:188} INFO - [2023-12-29T22:01:22.908+0000] {dagbag.py:538} INFO - Filling up the DagBag from /home/airflow/.local/lib/python3.8/site-packages/airflow/example_dags/tutorial_taskflow_api.py
[2023-12-29T22:01:23.124+0000] {processor.py:840} INFO - DAG(s) 'tutorial_taskflow_api' retrieved from /home/airflow/.local/lib/python3.8/site-packages/airflow/example_dags/tutorial_taskflow_api.py
[2023-12-29T22:01:23.909+0000] {logging_mixin.py:188} INFO - [2023-12-29T22:01:23.908+0000] {dag.py:3033} INFO - Sync 1 DAGs
[2023-12-29T22:01:24.282+0000] {logging_mixin.py:188} INFO - [2023-12-29T22:01:24.281+0000] {dag.py:3820} INFO - Setting next_dagrun for tutorial_taskflow_api to None, run_after=None
[2023-12-29T22:01:24.702+0000] {processor.py:183} INFO - Processing /home/airflow/.local/lib/python3.8/site-packages/airflow/example_dags/tutorial_taskflow_api.py took 1.892 seconds
[2023-12-29T22:02:42.913+0000] {processor.py:161} INFO - Started process (PID=354) to work on /home/airflow/.local/lib/python3.8/site-packages/airflow/example_dags/tutorial_taskflow_api.py
[2023-12-29T22:02:42.924+0000] {processor.py:830} INFO - Processing file /home/airflow/.local/lib/python3.8/site-packages/airflow/example_dags/tutorial_taskflow_api.py for tasks to queue
[2023-12-29T22:02:42.972+0000] {logging_mixin.py:188} INFO - [2023-12-29T22:02:42.967+0000] {dagbag.py:538} INFO - Filling up the DagBag from /home/airflow/.local/lib/python3.8/site-packages/airflow/example_dags/tutorial_taskflow_api.py
[2023-12-29T22:02:43.221+0000] {processor.py:840} INFO - DAG(s) 'tutorial_taskflow_api' retrieved from /home/airflow/.local/lib/python3.8/site-packages/airflow/example_dags/tutorial_taskflow_api.py
[2023-12-29T22:02:43.847+0000] {logging_mixin.py:188} INFO - [2023-12-29T22:02:43.845+0000] {dag.py:3033} INFO - Sync 1 DAGs
[2023-12-29T22:02:44.799+0000] {logging_mixin.py:188} INFO - [2023-12-29T22:02:44.796+0000] {dag.py:3820} INFO - Setting next_dagrun for tutorial_taskflow_api to None, run_after=None
[2023-12-29T22:02:45.698+0000] {processor.py:183} INFO - Processing /home/airflow/.local/lib/python3.8/site-packages/airflow/example_dags/tutorial_taskflow_api.py took 2.840 seconds
[2023-12-29T22:04:40.743+0000] {processor.py:161} INFO - Started process (PID=436) to work on /home/airflow/.local/lib/python3.8/site-packages/airflow/example_dags/tutorial_taskflow_api.py
[2023-12-29T22:04:40.763+0000] {processor.py:830} INFO - Processing file /home/airflow/.local/lib/python3.8/site-packages/airflow/example_dags/tutorial_taskflow_api.py for tasks to queue
[2023-12-29T22:04:40.810+0000] {logging_mixin.py:188} INFO - [2023-12-29T22:04:40.808+0000] {dagbag.py:538} INFO - Filling up the DagBag from /home/airflow/.local/lib/python3.8/site-packages/airflow/example_dags/tutorial_taskflow_api.py
[2023-12-29T22:04:40.941+0000] {processor.py:840} INFO - DAG(s) 'tutorial_taskflow_api' retrieved from /home/airflow/.local/lib/python3.8/site-packages/airflow/example_dags/tutorial_taskflow_api.py
[2023-12-29T22:04:42.254+0000] {logging_mixin.py:188} INFO - [2023-12-29T22:04:42.252+0000] {dag.py:3033} INFO - Sync 1 DAGs
[2023-12-29T22:04:43.494+0000] {logging_mixin.py:188} INFO - [2023-12-29T22:04:43.492+0000] {dag.py:3820} INFO - Setting next_dagrun for tutorial_taskflow_api to None, run_after=None
[2023-12-29T22:04:45.269+0000] {processor.py:183} INFO - Processing /home/airflow/.local/lib/python3.8/site-packages/airflow/example_dags/tutorial_taskflow_api.py took 4.701 seconds
[2023-12-29T22:29:10.143+0000] {processor.py:161} INFO - Started process (PID=85) to work on /home/airflow/.local/lib/python3.8/site-packages/airflow/example_dags/tutorial_taskflow_api.py
[2023-12-29T22:29:10.156+0000] {processor.py:830} INFO - Processing file /home/airflow/.local/lib/python3.8/site-packages/airflow/example_dags/tutorial_taskflow_api.py for tasks to queue
[2023-12-29T22:29:10.221+0000] {logging_mixin.py:188} INFO - [2023-12-29T22:29:10.220+0000] {dagbag.py:538} INFO - Filling up the DagBag from /home/airflow/.local/lib/python3.8/site-packages/airflow/example_dags/tutorial_taskflow_api.py
[2023-12-29T22:29:10.503+0000] {processor.py:840} INFO - DAG(s) 'tutorial_taskflow_api' retrieved from /home/airflow/.local/lib/python3.8/site-packages/airflow/example_dags/tutorial_taskflow_api.py
[2023-12-29T22:29:13.390+0000] {logging_mixin.py:188} INFO - [2023-12-29T22:29:13.389+0000] {dag.py:3033} INFO - Sync 1 DAGs
[2023-12-29T22:29:13.724+0000] {logging_mixin.py:188} INFO - [2023-12-29T22:29:13.723+0000] {dag.py:3820} INFO - Setting next_dagrun for tutorial_taskflow_api to None, run_after=None
[2023-12-29T22:29:14.152+0000] {processor.py:183} INFO - Processing /home/airflow/.local/lib/python3.8/site-packages/airflow/example_dags/tutorial_taskflow_api.py took 4.071 seconds
[2023-12-29T22:32:01.582+0000] {processor.py:161} INFO - Started process (PID=163) to work on /home/airflow/.local/lib/python3.8/site-packages/airflow/example_dags/tutorial_taskflow_api.py
[2023-12-29T22:32:01.592+0000] {processor.py:830} INFO - Processing file /home/airflow/.local/lib/python3.8/site-packages/airflow/example_dags/tutorial_taskflow_api.py for tasks to queue
[2023-12-29T22:32:01.813+0000] {logging_mixin.py:188} INFO - [2023-12-29T22:32:01.811+0000] {dagbag.py:538} INFO - Filling up the DagBag from /home/airflow/.local/lib/python3.8/site-packages/airflow/example_dags/tutorial_taskflow_api.py
[2023-12-29T22:32:02.163+0000] {processor.py:840} INFO - DAG(s) 'tutorial_taskflow_api' retrieved from /home/airflow/.local/lib/python3.8/site-packages/airflow/example_dags/tutorial_taskflow_api.py
[2023-12-29T22:32:03.022+0000] {logging_mixin.py:188} INFO - [2023-12-29T22:32:02.977+0000] {dag.py:3033} INFO - Sync 1 DAGs
[2023-12-29T22:32:03.434+0000] {logging_mixin.py:188} INFO - [2023-12-29T22:32:03.431+0000] {dag.py:3820} INFO - Setting next_dagrun for tutorial_taskflow_api to None, run_after=None
[2023-12-29T22:32:03.944+0000] {processor.py:183} INFO - Processing /home/airflow/.local/lib/python3.8/site-packages/airflow/example_dags/tutorial_taskflow_api.py took 2.620 seconds
[2023-12-29T22:33:43.184+0000] {processor.py:161} INFO - Started process (PID=220) to work on /home/airflow/.local/lib/python3.8/site-packages/airflow/example_dags/tutorial_taskflow_api.py
[2023-12-29T22:33:43.212+0000] {processor.py:830} INFO - Processing file /home/airflow/.local/lib/python3.8/site-packages/airflow/example_dags/tutorial_taskflow_api.py for tasks to queue
[2023-12-29T22:33:43.265+0000] {logging_mixin.py:188} INFO - [2023-12-29T22:33:43.263+0000] {dagbag.py:538} INFO - Filling up the DagBag from /home/airflow/.local/lib/python3.8/site-packages/airflow/example_dags/tutorial_taskflow_api.py
[2023-12-29T22:33:43.372+0000] {processor.py:840} INFO - DAG(s) 'tutorial_taskflow_api' retrieved from /home/airflow/.local/lib/python3.8/site-packages/airflow/example_dags/tutorial_taskflow_api.py
[2023-12-29T22:33:44.032+0000] {logging_mixin.py:188} INFO - [2023-12-29T22:33:44.029+0000] {dag.py:3033} INFO - Sync 1 DAGs
[2023-12-29T22:33:44.436+0000] {logging_mixin.py:188} INFO - [2023-12-29T22:33:44.434+0000] {dag.py:3820} INFO - Setting next_dagrun for tutorial_taskflow_api to None, run_after=None
[2023-12-29T22:33:44.755+0000] {processor.py:183} INFO - Processing /home/airflow/.local/lib/python3.8/site-packages/airflow/example_dags/tutorial_taskflow_api.py took 1.686 seconds
[2023-12-29T22:36:16.391+0000] {processor.py:161} INFO - Started process (PID=312) to work on /home/airflow/.local/lib/python3.8/site-packages/airflow/example_dags/tutorial_taskflow_api.py
[2023-12-29T22:36:16.402+0000] {processor.py:830} INFO - Processing file /home/airflow/.local/lib/python3.8/site-packages/airflow/example_dags/tutorial_taskflow_api.py for tasks to queue
[2023-12-29T22:36:16.454+0000] {logging_mixin.py:188} INFO - [2023-12-29T22:36:16.452+0000] {dagbag.py:538} INFO - Filling up the DagBag from /home/airflow/.local/lib/python3.8/site-packages/airflow/example_dags/tutorial_taskflow_api.py
[2023-12-29T22:36:16.604+0000] {processor.py:840} INFO - DAG(s) 'tutorial_taskflow_api' retrieved from /home/airflow/.local/lib/python3.8/site-packages/airflow/example_dags/tutorial_taskflow_api.py
[2023-12-29T22:36:18.251+0000] {logging_mixin.py:188} INFO - [2023-12-29T22:36:18.248+0000] {dag.py:3033} INFO - Sync 1 DAGs
[2023-12-29T22:36:19.093+0000] {logging_mixin.py:188} INFO - [2023-12-29T22:36:19.092+0000] {dag.py:3820} INFO - Setting next_dagrun for tutorial_taskflow_api to None, run_after=None
[2023-12-29T22:36:20.352+0000] {processor.py:183} INFO - Processing /home/airflow/.local/lib/python3.8/site-packages/airflow/example_dags/tutorial_taskflow_api.py took 4.049 seconds
[2023-12-29T22:39:51.557+0000] {processor.py:161} INFO - Started process (PID=382) to work on /home/airflow/.local/lib/python3.8/site-packages/airflow/example_dags/tutorial_taskflow_api.py
[2023-12-29T22:39:51.645+0000] {processor.py:830} INFO - Processing file /home/airflow/.local/lib/python3.8/site-packages/airflow/example_dags/tutorial_taskflow_api.py for tasks to queue
[2023-12-29T22:39:51.684+0000] {logging_mixin.py:188} INFO - [2023-12-29T22:39:51.670+0000] {dagbag.py:538} INFO - Filling up the DagBag from /home/airflow/.local/lib/python3.8/site-packages/airflow/example_dags/tutorial_taskflow_api.py
[2023-12-29T22:39:52.377+0000] {processor.py:840} INFO - DAG(s) 'tutorial_taskflow_api' retrieved from /home/airflow/.local/lib/python3.8/site-packages/airflow/example_dags/tutorial_taskflow_api.py
[2023-12-29T22:40:00.123+0000] {logging_mixin.py:188} INFO - [2023-12-29T22:40:00.122+0000] {dag.py:3033} INFO - Sync 1 DAGs
[2023-12-29T22:40:01.258+0000] {logging_mixin.py:188} INFO - [2023-12-29T22:40:01.251+0000] {dag.py:3820} INFO - Setting next_dagrun for tutorial_taskflow_api to None, run_after=None
[2023-12-29T22:40:01.796+0000] {processor.py:183} INFO - Processing /home/airflow/.local/lib/python3.8/site-packages/airflow/example_dags/tutorial_taskflow_api.py took 10.534 seconds
